2024-12-05 15:38:05.453 [info] [main] Log level: Info
2024-12-05 15:38:05.453 [info] [main] Validating found git in: "git"
2024-12-05 15:38:05.453 [info] [main] Using git "2.47.1" from "git"
2024-12-05 15:38:05.453 [info] [Model][doInitialScan] Initial repository scan started
2024-12-05 15:38:05.453 [info] > git rev-parse --show-toplevel [9ms]
2024-12-05 15:38:05.453 [info] > git rev-parse --git-dir --git-common-dir [3ms]
2024-12-05 15:38:05.453 [info] [Model][openRepository] Opened repository: /home/bean1134/dotfiles
2024-12-05 15:38:05.454 [info] > git rev-parse --show-toplevel [29ms]
2024-12-05 15:38:05.454 [info] > git config --get commit.template [34ms]
2024-12-05 15:38:05.482 [info] > git for-each-ref --format=%(refname)%00%(upstream:short)%00%(objectname)%00%(upstream:track)%00%(upstream:remotename)%00%(upstream:remoteref) refs/heads/main refs/remotes/main [8ms]
2024-12-05 15:38:05.483 [info] > git rev-parse --show-toplevel [17ms]
2024-12-05 15:38:05.494 [info] > git rev-parse --show-toplevel [2ms]
2024-12-05 15:38:05.524 [info] > git rev-parse --show-toplevel [19ms]
2024-12-05 15:38:05.542 [info] > git status -z -uall [29ms]
2024-12-05 15:38:05.543 [info] > git for-each-ref --sort -committerdate --format %(refname) %(objectname) %(*objectname) [19ms]
2024-12-05 15:38:05.549 [info] > git rev-parse --show-toplevel [6ms]
2024-12-05 15:38:05.549 [info] [Model][doInitialScan] Initial repository scan completed - repositories (1), closed repositories (0), parent repositories (0), unsafe repositories (0)
2024-12-05 15:38:05.602 [info] > git for-each-ref --format=%(refname)%00%(upstream:short)%00%(objectname)%00%(upstream:track)%00%(upstream:remotename)%00%(upstream:remoteref) refs/heads/main refs/remotes/main [30ms]
2024-12-05 15:38:05.615 [info] > git config --local branch.main.vscode-merge-base [4ms]
2024-12-05 15:38:05.615 [warning] [Git][config] git config failed: Failed to execute git
2024-12-05 15:38:05.623 [info] > git config --get commit.template [29ms]
2024-12-05 15:38:05.626 [info] > git reflog main --grep-reflog=branch: Created from *. [3ms]
2024-12-05 15:38:05.695 [info] > git symbolic-ref --short refs/remotes/origin/HEAD [61ms]
2024-12-05 15:38:05.695 [info] fatal: ref refs/remotes/origin/HEAD is not a symbolic ref
2024-12-05 15:38:05.695 [warning] [Repository][getDefaultBranch] Failed to get default branch details: Failed to execute git.
2024-12-05 15:38:05.740 [info] > git merge-base refs/heads/main refs/remotes/origin/main [34ms]
2024-12-05 15:38:05.750 [info] > git for-each-ref --format=%(refname)%00%(upstream:short)%00%(objectname)%00%(upstream:track)%00%(upstream:remotename)%00%(upstream:remoteref) refs/heads/main refs/remotes/main [57ms]
2024-12-05 15:38:05.753 [info] > git diff --name-status -z --diff-filter=ADMR 85e5293d01d0ee63fcb3b44f6fdb47f39a7a23ee...refs/remotes/origin/main [2ms]
2024-12-05 15:38:05.791 [info] > git status -z -uall [29ms]
2024-12-05 15:38:05.791 [info] > git show --textconv :.config/waybar/config [12ms]
2024-12-05 15:38:05.792 [info] > git for-each-ref --sort -committerdate --format %(refname) %(objectname) %(*objectname) [20ms]
2024-12-05 15:38:05.799 [info] > git ls-files --stage -- /home/bean1134/dotfiles/.config/waybar/config [10ms]
2024-12-05 15:38:05.816 [info] > git cat-file -s 12349fc4e1908ce229b6e7f2547c698476562b2e [5ms]
2024-12-05 15:38:05.973 [info] > git check-ignore -v -z --stdin [2ms]
2024-12-05 15:38:08.165 [info] > git config --get commit.template [10ms]
2024-12-05 15:38:08.166 [info] > git for-each-ref --format=%(refname)%00%(upstream:short)%00%(objectname)%00%(upstream:track)%00%(upstream:remotename)%00%(upstream:remoteref) refs/heads/main refs/remotes/main [2ms]
2024-12-05 15:38:08.177 [info] > git for-each-ref --sort -committerdate --format %(refname) %(objectname) %(*objectname) [1ms]
2024-12-05 15:38:08.187 [info] > git status -z -uall [16ms]
2024-12-05 15:38:18.181 [info] > git config --get commit.template [8ms]
2024-12-05 15:38:18.182 [info] > git for-each-ref --format=%(refname)%00%(upstream:short)%00%(objectname)%00%(upstream:track)%00%(upstream:remotename)%00%(upstream:remoteref) refs/heads/main refs/remotes/main [2ms]
2024-12-05 15:38:18.195 [info] > git for-each-ref --sort -committerdate --format %(refname) %(objectname) %(*objectname) [1ms]
2024-12-05 15:38:18.205 [info] > git status -z -uall [16ms]
2024-12-05 15:38:23.224 [info] > git config --get commit.template [1ms]
2024-12-05 15:38:23.250 [info] > git for-each-ref --format=%(refname)%00%(upstream:short)%00%(objectname)%00%(upstream:track)%00%(upstream:remotename)%00%(upstream:remoteref) refs/heads/main refs/remotes/main [2ms]
2024-12-05 15:38:23.280 [info] > git for-each-ref --sort -committerdate --format %(refname) %(objectname) %(*objectname) [2ms]
2024-12-05 15:38:23.287 [info] > git status -z -uall [22ms]
2024-12-05 15:38:28.310 [info] > git config --get commit.template [8ms]
2024-12-05 15:38:28.310 [info] > git for-each-ref --format=%(refname)%00%(upstream:short)%00%(objectname)%00%(upstream:track)%00%(upstream:remotename)%00%(upstream:remoteref) refs/heads/main refs/remotes/main [1ms]
2024-12-05 15:38:28.322 [info] > git for-each-ref --sort -committerdate --format %(refname) %(objectname) %(*objectname) [1ms]
2024-12-05 15:38:28.331 [info] > git status -z -uall [15ms]
2024-12-05 15:38:33.348 [info] > git config --get commit.template [5ms]
2024-12-05 15:38:33.348 [info] > git for-each-ref --format=%(refname)%00%(upstream:short)%00%(objectname)%00%(upstream:track)%00%(upstream:remotename)%00%(upstream:remoteref) refs/heads/main refs/remotes/main [1ms]
2024-12-05 15:38:33.359 [info] > git for-each-ref --sort -committerdate --format %(refname) %(objectname) %(*objectname) [1ms]
2024-12-05 15:38:33.372 [info] > git status -z -uall [18ms]
2024-12-05 15:38:41.875 [info] > git config --get commit.template [8ms]
2024-12-05 15:38:41.876 [info] > git for-each-ref --format=%(refname)%00%(upstream:short)%00%(objectname)%00%(upstream:track)%00%(upstream:remotename)%00%(upstream:remoteref) refs/heads/main refs/remotes/main [2ms]
2024-12-05 15:38:41.887 [info] > git for-each-ref --sort -committerdate --format %(refname) %(objectname) %(*objectname) [1ms]
2024-12-05 15:38:41.897 [info] > git status -z -uall [16ms]
2024-12-05 15:38:47.832 [info] > git config --get commit.template [8ms]
2024-12-05 15:38:47.832 [info] > git for-each-ref --format=%(refname)%00%(upstream:short)%00%(objectname)%00%(upstream:track)%00%(upstream:remotename)%00%(upstream:remoteref) refs/heads/main refs/remotes/main [1ms]
2024-12-05 15:38:47.845 [info] > git for-each-ref --sort -committerdate --format %(refname) %(objectname) %(*objectname) [1ms]
2024-12-05 15:38:47.856 [info] > git status -z -uall [18ms]
2024-12-05 15:40:04.593 [info] > git check-ignore -v -z --stdin [2ms]
2024-12-05 15:40:59.075 [info] > git config --get commit.template [8ms]
2024-12-05 15:40:59.076 [info] > git for-each-ref --format=%(refname)%00%(upstream:short)%00%(objectname)%00%(upstream:track)%00%(upstream:remotename)%00%(upstream:remoteref) refs/heads/main refs/remotes/main [2ms]
2024-12-05 15:40:59.092 [info] > git for-each-ref --sort -committerdate --format %(refname) %(objectname) %(*objectname) [1ms]
2024-12-05 15:40:59.104 [info] > git status -z -uall [20ms]
2024-12-05 15:41:04.127 [info] > git config --get commit.template [8ms]
2024-12-05 15:41:04.127 [info] > git for-each-ref --format=%(refname)%00%(upstream:short)%00%(objectname)%00%(upstream:track)%00%(upstream:remotename)%00%(upstream:remoteref) refs/heads/main refs/remotes/main [1ms]
2024-12-05 15:41:04.140 [info] > git for-each-ref --sort -committerdate --format %(refname) %(objectname) %(*objectname) [1ms]
2024-12-05 15:41:04.149 [info] > git status -z -uall [16ms]
2024-12-05 15:41:18.613 [info] > git config --get commit.template [3ms]
2024-12-05 15:41:18.623 [info] > git for-each-ref --format=%(refname)%00%(upstream:short)%00%(objectname)%00%(upstream:track)%00%(upstream:remotename)%00%(upstream:remoteref) refs/heads/main refs/remotes/main [1ms]
2024-12-05 15:41:18.637 [info] > git for-each-ref --sort -committerdate --format %(refname) %(objectname) %(*objectname) [1ms]
2024-12-05 15:41:18.651 [info] > git status -z -uall [20ms]
2024-12-05 15:41:46.710 [info] > git config --get commit.template [8ms]
2024-12-05 15:41:46.711 [info] > git for-each-ref --format=%(refname)%00%(upstream:short)%00%(objectname)%00%(upstream:track)%00%(upstream:remotename)%00%(upstream:remoteref) refs/heads/main refs/remotes/main [2ms]
2024-12-05 15:41:46.727 [info] > git for-each-ref --sort -committerdate --format %(refname) %(objectname) %(*objectname) [1ms]
2024-12-05 15:41:46.738 [info] > git status -z -uall [20ms]
2024-12-05 15:41:51.752 [info] > git config --get commit.template [2ms]
2024-12-05 15:41:51.761 [info] > git for-each-ref --format=%(refname)%00%(upstream:short)%00%(objectname)%00%(upstream:track)%00%(upstream:remotename)%00%(upstream:remoteref) refs/heads/main refs/remotes/main [2ms]
2024-12-05 15:41:51.774 [info] > git for-each-ref --sort -committerdate --format %(refname) %(objectname) %(*objectname) [1ms]
2024-12-05 15:41:51.785 [info] > git status -z -uall [18ms]
2024-12-05 15:41:56.801 [info] > git config --get commit.template [6ms]
2024-12-05 15:41:56.801 [info] > git for-each-ref --format=%(refname)%00%(upstream:short)%00%(objectname)%00%(upstream:track)%00%(upstream:remotename)%00%(upstream:remoteref) refs/heads/main refs/remotes/main [1ms]
2024-12-05 15:41:56.814 [info] > git for-each-ref --sort -committerdate --format %(refname) %(objectname) %(*objectname) [1ms]
2024-12-05 15:41:56.826 [info] > git status -z -uall [20ms]
2024-12-05 15:42:09.465 [info] > git config --get commit.template [9ms]
2024-12-05 15:42:09.466 [info] > git for-each-ref --format=%(refname)%00%(upstream:short)%00%(objectname)%00%(upstream:track)%00%(upstream:remotename)%00%(upstream:remoteref) refs/heads/main refs/remotes/main [2ms]
2024-12-05 15:42:09.478 [info] > git for-each-ref --sort -committerdate --format %(refname) %(objectname) %(*objectname) [1ms]
2024-12-05 15:42:09.488 [info] > git status -z -uall [16ms]
