2024-12-05 15:30:04.651 [info] [main] Log level: Info
2024-12-05 15:30:04.651 [info] [main] Validating found git in: "git"
2024-12-05 15:30:04.651 [info] [main] Using git "2.47.1" from "git"
2024-12-05 15:30:04.651 [info] [Model][doInitialScan] Initial repository scan started
2024-12-05 15:30:04.651 [info] > git rev-parse --show-toplevel [8ms]
2024-12-05 15:30:04.651 [info] > git rev-parse --git-dir --git-common-dir [2ms]
2024-12-05 15:30:04.651 [info] [Model][openRepository] Opened repository: /home/bean1134/dotfiles
2024-12-05 15:30:04.666 [info] > git rev-parse --show-toplevel [2ms]
2024-12-05 15:30:04.668 [info] > git config --get commit.template [10ms]
2024-12-05 15:30:04.685 [info] > git rev-parse --show-toplevel [6ms]
2024-12-05 15:30:04.691 [info] > git for-each-ref --format=%(refname)%00%(upstream:short)%00%(objectname)%00%(upstream:track)%00%(upstream:remotename)%00%(upstream:remoteref) refs/heads/main refs/remotes/main [6ms]
2024-12-05 15:30:04.692 [info] > git rev-parse --show-toplevel [2ms]
2024-12-05 15:30:04.711 [info] > git rev-parse --show-toplevel [13ms]
2024-12-05 15:30:04.711 [info] [Model][doInitialScan] Initial repository scan completed - repositories (1), closed repositories (0), parent repositories (0), unsafe repositories (0)
2024-12-05 15:30:04.714 [info] > git for-each-ref --sort -committerdate --format %(refname) %(objectname) %(*objectname) [4ms]
2024-12-05 15:30:04.715 [info] > git status -z -uall [13ms]
2024-12-05 15:30:04.739 [info] > git for-each-ref --format=%(refname)%00%(upstream:short)%00%(objectname)%00%(upstream:track)%00%(upstream:remotename)%00%(upstream:remoteref) refs/heads/main refs/remotes/main [11ms]
2024-12-05 15:30:04.771 [info] > git config --local branch.main.vscode-merge-base [27ms]
2024-12-05 15:30:04.771 [warning] [Git][config] git config failed: Failed to execute git
2024-12-05 15:30:04.777 [info] > git config --get commit.template [38ms]
2024-12-05 15:30:04.788 [info] > git reflog main --grep-reflog=branch: Created from *. [11ms]
2024-12-05 15:30:04.805 [info] > git symbolic-ref --short refs/remotes/origin/HEAD [12ms]
2024-12-05 15:30:04.805 [info] fatal: ref refs/remotes/origin/HEAD is not a symbolic ref
2024-12-05 15:30:04.805 [warning] [Repository][getDefaultBranch] Failed to get default branch details: Failed to execute git.
2024-12-05 15:30:04.812 [info] > git for-each-ref --format=%(refname)%00%(upstream:short)%00%(objectname)%00%(upstream:track)%00%(upstream:remotename)%00%(upstream:remoteref) refs/heads/main refs/remotes/main [10ms]
2024-12-05 15:30:04.814 [info] > git merge-base refs/heads/main refs/remotes/origin/main [4ms]
2024-12-05 15:30:04.842 [info] > git diff --name-status -z --diff-filter=ADMR 85e5293d01d0ee63fcb3b44f6fdb47f39a7a23ee...refs/remotes/origin/main [20ms]
2024-12-05 15:30:04.843 [info] > git for-each-ref --sort -committerdate --format %(refname) %(objectname) %(*objectname) [1ms]
2024-12-05 15:30:04.854 [info] > git status -z -uall [19ms]
2024-12-05 15:30:05.192 [info] > git check-ignore -v -z --stdin [1ms]
2024-12-05 15:30:09.692 [info] > git config --get commit.template [6ms]
2024-12-05 15:30:09.693 [info] > git for-each-ref --format=%(refname)%00%(upstream:short)%00%(objectname)%00%(upstream:track)%00%(upstream:remotename)%00%(upstream:remoteref) refs/heads/main refs/remotes/main [1ms]
2024-12-05 15:30:09.704 [info] > git for-each-ref --sort -committerdate --format %(refname) %(objectname) %(*objectname) [1ms]
2024-12-05 15:30:09.712 [info] > git status -z -uall [13ms]
2024-12-05 15:30:19.444 [info] > git check-ignore -v -z --stdin [2ms]
2024-12-05 15:30:20.222 [info] > git config --get commit.template [6ms]
2024-12-05 15:30:20.223 [info] > git for-each-ref --format=%(refname)%00%(upstream:short)%00%(objectname)%00%(upstream:track)%00%(upstream:remotename)%00%(upstream:remoteref) refs/heads/main refs/remotes/main [1ms]
2024-12-05 15:30:20.234 [info] > git for-each-ref --sort -committerdate --format %(refname) %(objectname) %(*objectname) [1ms]
2024-12-05 15:30:20.243 [info] > git status -z -uall [15ms]
2024-12-05 15:30:22.812 [info] > git show --textconv :.config/waybar/config [7ms]
2024-12-05 15:30:22.814 [info] > git ls-files --stage -- /home/bean1134/dotfiles/.config/waybar/config [4ms]
2024-12-05 15:30:22.821 [info] > git cat-file -s 12349fc4e1908ce229b6e7f2547c698476562b2e [1ms]
2024-12-05 15:30:23.163 [info] > git check-ignore -v -z --stdin [1ms]
2024-12-05 15:30:25.690 [info] > git config --get commit.template [6ms]
2024-12-05 15:30:25.690 [info] > git for-each-ref --format=%(refname)%00%(upstream:short)%00%(objectname)%00%(upstream:track)%00%(upstream:remotename)%00%(upstream:remoteref) refs/heads/main refs/remotes/main [1ms]
2024-12-05 15:30:25.705 [info] > git for-each-ref --sort -committerdate --format %(refname) %(objectname) %(*objectname) [1ms]
2024-12-05 15:30:25.709 [info] > git status -z -uall [13ms]
2024-12-05 15:30:41.777 [info] > git config --get commit.template [13ms]
2024-12-05 15:30:41.778 [info] > git for-each-ref --format=%(refname)%00%(upstream:short)%00%(objectname)%00%(upstream:track)%00%(upstream:remotename)%00%(upstream:remoteref) refs/heads/main refs/remotes/main [2ms]
2024-12-05 15:30:41.796 [info] > git for-each-ref --sort -committerdate --format %(refname) %(objectname) %(*objectname) [2ms]
2024-12-05 15:30:41.804 [info] > git status -z -uall [17ms]
2024-12-05 15:30:46.823 [info] > git config --get commit.template [6ms]
2024-12-05 15:30:46.824 [info] > git for-each-ref --format=%(refname)%00%(upstream:short)%00%(objectname)%00%(upstream:track)%00%(upstream:remotename)%00%(upstream:remoteref) refs/heads/main refs/remotes/main [1ms]
2024-12-05 15:30:46.835 [info] > git for-each-ref --sort -committerdate --format %(refname) %(objectname) %(*objectname) [1ms]
2024-12-05 15:30:46.842 [info] > git status -z -uall [13ms]
2024-12-05 15:31:17.148 [info] > git config --get commit.template [3ms]
2024-12-05 15:31:17.157 [info] > git for-each-ref --format=%(refname)%00%(upstream:short)%00%(objectname)%00%(upstream:track)%00%(upstream:remotename)%00%(upstream:remoteref) refs/heads/main refs/remotes/main [1ms]
2024-12-05 15:31:17.169 [info] > git for-each-ref --sort -committerdate --format %(refname) %(objectname) %(*objectname) [1ms]
2024-12-05 15:31:17.177 [info] > git status -z -uall [14ms]
2024-12-05 15:31:22.195 [info] > git config --get commit.template [5ms]
2024-12-05 15:31:22.196 [info] > git for-each-ref --format=%(refname)%00%(upstream:short)%00%(objectname)%00%(upstream:track)%00%(upstream:remotename)%00%(upstream:remoteref) refs/heads/main refs/remotes/main [1ms]
2024-12-05 15:31:22.207 [info] > git for-each-ref --sort -committerdate --format %(refname) %(objectname) %(*objectname) [1ms]
2024-12-05 15:31:22.214 [info] > git status -z -uall [13ms]
2024-12-05 15:31:35.574 [info] > git config --get commit.template [7ms]
2024-12-05 15:31:35.575 [info] > git for-each-ref --format=%(refname)%00%(upstream:short)%00%(objectname)%00%(upstream:track)%00%(upstream:remotename)%00%(upstream:remoteref) refs/heads/main refs/remotes/main [2ms]
2024-12-05 15:31:35.588 [info] > git for-each-ref --sort -committerdate --format %(refname) %(objectname) %(*objectname) [1ms]
2024-12-05 15:31:35.597 [info] > git status -z -uall [17ms]
2024-12-05 15:31:47.097 [info] > git config --get commit.template [8ms]
2024-12-05 15:31:47.098 [info] > git for-each-ref --format=%(refname)%00%(upstream:short)%00%(objectname)%00%(upstream:track)%00%(upstream:remotename)%00%(upstream:remoteref) refs/heads/main refs/remotes/main [1ms]
2024-12-05 15:31:47.119 [info] > git for-each-ref --sort -committerdate --format %(refname) %(objectname) %(*objectname) [1ms]
2024-12-05 15:31:47.129 [info] > git status -z -uall [20ms]
2024-12-05 15:31:53.317 [info] > git config --get commit.template [7ms]
2024-12-05 15:31:53.320 [info] > git for-each-ref --format=%(refname)%00%(upstream:short)%00%(objectname)%00%(upstream:track)%00%(upstream:remotename)%00%(upstream:remoteref) refs/heads/main refs/remotes/main [2ms]
2024-12-05 15:31:53.334 [info] > git for-each-ref --sort -committerdate --format %(refname) %(objectname) %(*objectname) [2ms]
2024-12-05 15:31:53.344 [info] > git status -z -uall [18ms]
2024-12-05 15:31:58.364 [info] > git config --get commit.template [6ms]
2024-12-05 15:31:58.365 [info] > git for-each-ref --format=%(refname)%00%(upstream:short)%00%(objectname)%00%(upstream:track)%00%(upstream:remotename)%00%(upstream:remoteref) refs/heads/main refs/remotes/main [1ms]
2024-12-05 15:31:58.378 [info] > git for-each-ref --sort -committerdate --format %(refname) %(objectname) %(*objectname) [1ms]
2024-12-05 15:31:58.388 [info] > git status -z -uall [18ms]
2024-12-05 15:32:03.405 [info] > git config --get commit.template [6ms]
2024-12-05 15:32:03.406 [info] > git for-each-ref --format=%(refname)%00%(upstream:short)%00%(objectname)%00%(upstream:track)%00%(upstream:remotename)%00%(upstream:remoteref) refs/heads/main refs/remotes/main [0ms]
2024-12-05 15:32:03.417 [info] > git for-each-ref --sort -committerdate --format %(refname) %(objectname) %(*objectname) [1ms]
2024-12-05 15:32:03.428 [info] > git status -z -uall [17ms]
2024-12-05 15:32:04.185 [info] > git check-ignore -v -z --stdin [1ms]
2024-12-05 15:32:08.453 [info] > git config --get commit.template [2ms]
2024-12-05 15:32:08.470 [info] > git for-each-ref --format=%(refname)%00%(upstream:short)%00%(objectname)%00%(upstream:track)%00%(upstream:remotename)%00%(upstream:remoteref) refs/heads/main refs/remotes/main [3ms]
2024-12-05 15:32:08.495 [info] > git for-each-ref --sort -committerdate --format %(refname) %(objectname) %(*objectname) [1ms]
2024-12-05 15:32:08.509 [info] > git status -z -uall [23ms]
2024-12-05 15:32:13.531 [info] > git config --get commit.template [8ms]
2024-12-05 15:32:13.532 [info] > git for-each-ref --format=%(refname)%00%(upstream:short)%00%(objectname)%00%(upstream:track)%00%(upstream:remotename)%00%(upstream:remoteref) refs/heads/main refs/remotes/main [1ms]
2024-12-05 15:32:13.545 [info] > git for-each-ref --sort -committerdate --format %(refname) %(objectname) %(*objectname) [1ms]
2024-12-05 15:32:13.554 [info] > git status -z -uall [16ms]
2024-12-05 15:32:19.035 [info] > git config --get commit.template [5ms]
2024-12-05 15:32:19.036 [info] > git for-each-ref --format=%(refname)%00%(upstream:short)%00%(objectname)%00%(upstream:track)%00%(upstream:remotename)%00%(upstream:remoteref) refs/heads/main refs/remotes/main [1ms]
2024-12-05 15:32:19.048 [info] > git for-each-ref --sort -committerdate --format %(refname) %(objectname) %(*objectname) [2ms]
2024-12-05 15:32:19.057 [info] > git status -z -uall [16ms]
2024-12-05 15:32:24.077 [info] > git config --get commit.template [7ms]
2024-12-05 15:32:24.078 [info] > git for-each-ref --format=%(refname)%00%(upstream:short)%00%(objectname)%00%(upstream:track)%00%(upstream:remotename)%00%(upstream:remoteref) refs/heads/main refs/remotes/main [1ms]
2024-12-05 15:32:24.090 [info] > git for-each-ref --sort -committerdate --format %(refname) %(objectname) %(*objectname) [1ms]
2024-12-05 15:32:24.100 [info] > git status -z -uall [17ms]
2024-12-05 15:32:44.796 [info] > git config --get commit.template [8ms]
2024-12-05 15:32:44.797 [info] > git for-each-ref --format=%(refname)%00%(upstream:short)%00%(objectname)%00%(upstream:track)%00%(upstream:remotename)%00%(upstream:remoteref) refs/heads/main refs/remotes/main [2ms]
2024-12-05 15:32:44.809 [info] > git for-each-ref --sort -committerdate --format %(refname) %(objectname) %(*objectname) [1ms]
2024-12-05 15:32:44.819 [info] > git status -z -uall [16ms]
2024-12-05 15:36:11.603 [info] > git config --get commit.template [8ms]
2024-12-05 15:36:11.604 [info] > git for-each-ref --format=%(refname)%00%(upstream:short)%00%(objectname)%00%(upstream:track)%00%(upstream:remotename)%00%(upstream:remoteref) refs/heads/main refs/remotes/main [1ms]
2024-12-05 15:36:11.621 [info] > git for-each-ref --sort -committerdate --format %(refname) %(objectname) %(*objectname) [2ms]
2024-12-05 15:36:11.635 [info] > git status -z -uall [23ms]
2024-12-05 15:36:16.657 [info] > git config --get commit.template [7ms]
2024-12-05 15:36:16.657 [info] > git for-each-ref --format=%(refname)%00%(upstream:short)%00%(objectname)%00%(upstream:track)%00%(upstream:remotename)%00%(upstream:remoteref) refs/heads/main refs/remotes/main [1ms]
2024-12-05 15:36:16.670 [info] > git for-each-ref --sort -committerdate --format %(refname) %(objectname) %(*objectname) [2ms]
2024-12-05 15:36:16.679 [info] > git status -z -uall [16ms]
