2024-12-05 10:34:40.066 [error] Error: The editor could not be opened because the file was not found.
    at Mve.handleSetInputError (vscode-file://vscode-app/usr/share/codium/resources/app/out/vs/workbench/workbench.desktop.main.js:2101:36406)
    at async Mve.setInput (vscode-file://vscode-app/usr/share/codium/resources/app/out/vs/workbench/workbench.desktop.main.js:2101:35418)
    at async $4e.doSetInput (vscode-file://vscode-app/usr/share/codium/resources/app/out/vs/workbench/workbench.desktop.main.js:663:113886)
    at async $4e.doOpenEditor (vscode-file://vscode-app/usr/share/codium/resources/app/out/vs/workbench/workbench.desktop.main.js:663:111640)
    at async $4e.openEditor (vscode-file://vscode-app/usr/share/codium/resources/app/out/vs/workbench/workbench.desktop.main.js:663:110567)
    at async vscode-file://vscode-app/usr/share/codium/resources/app/out/vs/workbench/workbench.desktop.main.js:775:31960
2024-12-05 10:34:40.200 [info] Started local extension host with pid 1814.
2024-12-05 10:34:43.048 [info] [perf] Render performance baseline is 52ms
2024-12-05 10:50:53.228 [error] spawn xterm ENOENT: Error: spawn xterm ENOENT
    at ChildProcess._handle.onexit (node:internal/child_process:286:19)
    at onErrorNT (node:internal/child_process:484:16)
    at process.processTicksAndRejections (node:internal/process/task_queues:82:21)
2024-12-05 12:40:28.524 [error] [Extension Host] [WakaTime][ERROR] Error: Command failed: /home/bean1134/.wakatime/wakatime-cli-linux-amd64 --entity /home/bean1134/dotfiles/.config/waybar/config --plugin "vscode/1.95.3 vscode-wakatime/24.7.2" --lineno 18 --cursorpos 23 --lines-in-file 219 --alternate-project dotfiles --project-folder /home/bean1134/dotfiles

2024-12-05 12:46:56.870 [error] [Extension Host] [WakaTime][ERROR] Error: Command failed: /home/bean1134/.wakatime/wakatime-cli-linux-amd64 --entity /home/bean1134/dotfiles/.config/waybar/style.css --plugin "vscode/1.95.3 vscode-wakatime/24.7.2" --lineno 18 --cursorpos 4 --lines-in-file 20 --alternate-project dotfiles --project-folder /home/bean1134/dotfiles

2024-12-05 12:48:41.434 [error] [Extension Host] [WakaTime][ERROR] Error: Command failed: /home/bean1134/.wakatime/wakatime-cli-linux-amd64 --entity /home/bean1134/dotfiles/.config/waybar/config --plugin "vscode/1.95.3 vscode-wakatime/24.7.2" --lineno 18 --cursorpos 23 --lines-in-file 219 --alternate-project dotfiles --project-folder /home/bean1134/dotfiles

2024-12-05 12:48:47.967 [error] [Extension Host] [WakaTime][ERROR] Error: Command failed: /home/bean1134/.wakatime/wakatime-cli-linux-amd64 --entity /home/bean1134/dotfiles/.config/waybar/rose-pine-moon.css --plugin "vscode/1.95.3 vscode-wakatime/24.7.2" --lineno 23 --cursorpos 39 --lines-in-file 23 --alternate-project dotfiles --project-folder /home/bean1134/dotfiles

2024-12-05 12:48:49.232 [error] [Extension Host] [WakaTime][ERROR] Error: Command failed: /home/bean1134/.wakatime/wakatime-cli-linux-amd64 --entity /home/bean1134/dotfiles/.config/waybar/style.css --plugin "vscode/1.95.3 vscode-wakatime/24.7.2" --lineno 27 --cursorpos 12 --lines-in-file 30 --alternate-project dotfiles --project-folder /home/bean1134/dotfiles

2024-12-05 12:49:08.773 [error] [Extension Host] [WakaTime][ERROR] Error: Command failed: /home/bean1134/.wakatime/wakatime-cli-linux-amd64 --entity /home/bean1134/dotfiles/.config/waybar/style.css --plugin "vscode/1.95.3 vscode-wakatime/24.7.2" --lineno 28 --cursorpos 17 --lines-in-file 30 --alternate-project dotfiles --project-folder /home/bean1134/dotfiles --write

2024-12-05 12:54:59.384 [error] spawn xterm ENOENT: Error: spawn xterm ENOENT
    at ChildProcess._handle.onexit (node:internal/child_process:286:19)
    at onErrorNT (node:internal/child_process:484:16)
    at process.processTicksAndRejections (node:internal/process/task_queues:82:21)
2024-12-05 12:56:53.408 [error] [Extension Host] [WakaTime][ERROR] Error: Command failed: /home/bean1134/.wakatime/wakatime-cli-linux-amd64 --entity /home/bean1134/dotfiles/.config/waybar/rose-pine-moon.css --plugin "vscode/1.95.3 vscode-wakatime/24.7.2" --lineno 23 --cursorpos 39 --lines-in-file 23 --alternate-project dotfiles --project-folder /home/bean1134/dotfiles

2024-12-05 12:56:57.320 [error] [Extension Host] [WakaTime][ERROR] Error: Command failed: /home/bean1134/.wakatime/wakatime-cli-linux-amd64 --entity /home/bean1134/dotfiles/.config/waybar/config --plugin "vscode/1.95.3 vscode-wakatime/24.7.2" --lineno 170 --cursorpos 37 --lines-in-file 219 --alternate-project dotfiles --project-folder /home/bean1134/dotfiles

2024-12-05 12:57:00.552 [error] [Extension Host] [WakaTime][ERROR] Error: Command failed: /home/bean1134/.wakatime/wakatime-cli-linux-amd64 --entity /home/bean1134/dotfiles/.config/waybar/style.css --plugin "vscode/1.95.3 vscode-wakatime/24.7.2" --lineno 8 --cursorpos 36 --lines-in-file 35 --alternate-project dotfiles --project-folder /home/bean1134/dotfiles

