2024-12-05 20:13:18.451 [info] Added views:outline in workbench.view.explorer
2024-12-05 20:13:18.451 [info] Added views:workbench.view.search in workbench.view.search
2024-12-05 20:13:18.451 [info] Added views:workbench.scm in workbench.view.scm
2024-12-05 20:13:18.451 [info] Added views:workbench.panel.markers.view in workbench.panel.markers
2024-12-05 20:13:18.451 [info] Added views:workbench.panel.output in workbench.panel.output
2024-12-05 20:13:18.451 [info] Added views:terminal in terminal
2024-12-05 20:13:18.451 [info] Added views:timeline in workbench.view.explorer
2024-12-05 20:13:18.451 [info] Added views:workbench.explorer.fileView in workbench.view.explorer
2024-12-05 20:13:18.697 [info] Added views:workbench.debug.welcome in workbench.view.debug
2024-12-05 20:13:19.191 [info] Added views:insert-unicode.identifyView in workbench.view.explorer
2024-12-05 20:13:19.538 [info] Added views:workbench.panel.repl.view in workbench.panel.repl
2024-12-05 20:13:19.957 [info] Added views:~remote.forwardedPorts in ~remote.forwardedPortsContainer
2024-12-05 20:13:20.671 [info] Added views:workbench.scm.history in workbench.view.scm
2024-12-05 20:14:08.095 [info] Added views:workbench.views.extensions.installed,workbench.views.extensions.popular,extensions.recommendedList in workbench.view.extensions
2024-12-05 20:14:08.098 [info] Removed views:workbench.views.extensions.popular from workbench.view.extensions
2024-12-05 20:14:11.892 [info] Removed views:extensions.recommendedList,workbench.views.extensions.installed from workbench.view.extensions
2024-12-05 20:14:11.903 [info] Added views:workbench.views.extensions.marketplace in workbench.view.extensions
2024-12-05 20:14:14.216 [info] Removed views:workbench.views.extensions.marketplace from workbench.view.extensions
2024-12-05 20:14:14.225 [info] Added views:workbench.views.extensions.installed,extensions.recommendedList in workbench.view.extensions
2024-12-05 20:14:16.603 [info] Removed views:extensions.recommendedList,workbench.views.extensions.installed from workbench.view.extensions
2024-12-05 20:14:16.609 [info] Added views:workbench.views.extensions.marketplace in workbench.view.extensions
2024-12-05 20:15:24.774 [info] Removed views:workbench.scm.history from workbench.view.scm
