2024-12-05 05:44:13.804 [info] Added views:outline in workbench.view.explorer
2024-12-05 05:44:13.804 [info] Added views:workbench.view.search in workbench.view.search
2024-12-05 05:44:13.804 [info] Added views:workbench.scm in workbench.view.scm
2024-12-05 05:44:13.804 [info] Added views:workbench.panel.markers.view in workbench.panel.markers
2024-12-05 05:44:13.804 [info] Added views:workbench.panel.output in workbench.panel.output
2024-12-05 05:44:13.804 [info] Added views:terminal in terminal
2024-12-05 05:44:13.804 [info] Added views:timeline in workbench.view.explorer
2024-12-05 05:44:13.804 [info] Added views:workbench.explorer.emptyView in workbench.view.explorer
2024-12-05 05:44:14.562 [info] Added views:workbench.debug.variablesView,workbench.debug.watchExpressionsView,workbench.debug.callStackView,workbench.debug.breakPointsView in workbench.view.debug
2024-12-05 05:44:14.678 [info] Added views:~remote.forwardedPorts in ~remote.forwardedPortsContainer
2024-12-05 05:44:15.192 [info] Added views:workbench.panel.repl.view in workbench.panel.repl
2024-12-05 05:44:15.194 [info] Removed views:workbench.debug.breakPointsView,workbench.debug.callStackView,workbench.debug.watchExpressionsView,workbench.debug.variablesView from workbench.view.debug
2024-12-05 05:44:15.195 [info] Added views:workbench.debug.welcome in workbench.view.debug
2024-12-05 05:44:25.672 [info] Added views:workbench.views.extensions.installed,workbench.views.extensions.popular,extensions.recommendedList in workbench.view.extensions
2024-12-05 05:44:25.674 [info] Removed views:workbench.views.extensions.popular from workbench.view.extensions
2024-12-05 05:44:25.991 [info] Added views:workbench.views.extensions.popular in workbench.view.extensions
2024-12-05 05:44:26.305 [info] Removed views:extensions.recommendedList,workbench.views.extensions.popular,workbench.views.extensions.installed from workbench.view.extensions
2024-12-05 05:44:26.314 [info] Added views:workbench.views.extensions.marketplace in workbench.view.extensions
2024-12-05 05:44:29.875 [info] Removed views:workbench.views.extensions.marketplace from workbench.view.extensions
2024-12-05 05:44:29.891 [info] Added views:workbench.views.extensions.installed,workbench.views.extensions.popular,extensions.recommendedList in workbench.view.extensions
2024-12-05 05:44:34.593 [info] Removed views:extensions.recommendedList,workbench.views.extensions.popular,workbench.views.extensions.installed from workbench.view.extensions
2024-12-05 05:44:34.604 [info] Added views:workbench.views.extensions.marketplace in workbench.view.extensions
2024-12-05 05:45:07.452 [info] Removed views:workbench.views.extensions.marketplace from workbench.view.extensions
2024-12-05 05:45:07.463 [info] Added views:workbench.views.extensions.installed,workbench.views.extensions.popular,extensions.recommendedList in workbench.view.extensions
2024-12-05 05:45:09.944 [info] Removed views:extensions.recommendedList,workbench.views.extensions.popular,workbench.views.extensions.installed from workbench.view.extensions
2024-12-05 05:45:09.954 [info] Added views:workbench.views.extensions.marketplace in workbench.view.extensions
