2024-12-05 20:26:11.693 [info] [main] Log level: Info
2024-12-05 20:26:11.693 [info] [main] Validating found git in: "git"
2024-12-05 20:26:11.693 [info] [main] Using git "2.47.1" from "git"
2024-12-05 20:26:11.693 [info] [Model][doInitialScan] Initial repository scan started
2024-12-05 20:26:11.693 [info] > git rev-parse --show-toplevel [88ms]
2024-12-05 20:26:11.693 [info] > git rev-parse --git-dir --git-common-dir [4ms]
2024-12-05 20:26:11.693 [info] [Model][openRepository] Opened repository: /home/bean1134/dotfiles
2024-12-05 20:26:11.718 [info] > git rev-parse --show-toplevel [4ms]
2024-12-05 20:26:11.719 [info] > git config --get commit.template [15ms]
2024-12-05 20:26:11.751 [info] > git rev-parse --show-toplevel [18ms]
2024-12-05 20:26:11.765 [info] > git for-each-ref --format=%(refname)%00%(upstream:short)%00%(objectname)%00%(upstream:track)%00%(upstream:remotename)%00%(upstream:remoteref) refs/heads/main refs/remotes/main [18ms]
2024-12-05 20:26:11.769 [info] > git rev-parse --show-toplevel [5ms]
2024-12-05 20:26:11.783 [info] > git rev-parse --show-toplevel [6ms]
2024-12-05 20:26:11.784 [info] [Model][doInitialScan] Initial repository scan completed - repositories (1), closed repositories (0), parent repositories (0), unsafe repositories (0)
2024-12-05 20:26:11.819 [info] > git for-each-ref --sort -committerdate --format %(refname) %(objectname) %(*objectname) [9ms]
2024-12-05 20:26:11.859 [info] > git status -z -uall [62ms]
2024-12-05 20:26:11.908 [info] > git for-each-ref --format=%(refname)%00%(upstream:short)%00%(objectname)%00%(upstream:track)%00%(upstream:remotename)%00%(upstream:remoteref) refs/heads/main refs/remotes/main [16ms]
2024-12-05 20:26:11.931 [info] > git config --local branch.main.vscode-merge-base [12ms]
2024-12-05 20:26:11.932 [warning] [Git][config] git config failed: Failed to execute git
2024-12-05 20:26:11.946 [info] > git config --get commit.template [40ms]
2024-12-05 20:26:11.955 [info] > git reflog main --grep-reflog=branch: Created from *. [9ms]
2024-12-05 20:26:12.147 [info] > git symbolic-ref --short refs/remotes/origin/HEAD [169ms]
2024-12-05 20:26:12.147 [info] fatal: ref refs/remotes/origin/HEAD is not a symbolic ref
2024-12-05 20:26:12.147 [warning] [Repository][getDefaultBranch] Failed to get default branch details: Failed to execute git.
2024-12-05 20:26:12.171 [info] > git merge-base refs/heads/main refs/remotes/origin/main [15ms]
2024-12-05 20:26:12.179 [info] > git for-each-ref --format=%(refname)%00%(upstream:short)%00%(objectname)%00%(upstream:track)%00%(upstream:remotename)%00%(upstream:remoteref) refs/heads/main refs/remotes/main [33ms]
2024-12-05 20:26:12.201 [info] > git show --textconv :README.md [12ms]
2024-12-05 20:26:12.202 [info] > git diff --name-status -z --diff-filter=ADMR 85e5293d01d0ee63fcb3b44f6fdb47f39a7a23ee...refs/remotes/origin/main [23ms]
2024-12-05 20:26:12.206 [info] > git ls-files --stage -- /home/bean1134/dotfiles/README.md [7ms]
2024-12-05 20:26:12.227 [info] > git for-each-ref --sort -committerdate --format %(refname) %(objectname) %(*objectname) [3ms]
2024-12-05 20:26:12.251 [info] > git status -z -uall [34ms]
2024-12-05 20:26:12.277 [info] > git check-ignore -v -z --stdin [4ms]
2024-12-05 20:26:14.923 [info] > git show --textconv :README.md [10ms]
2024-12-05 20:26:14.925 [info] > git ls-files --stage -- /home/bean1134/dotfiles/README.md [2ms]
2024-12-05 20:26:16.212 [info] > git config --get commit.template [10ms]
2024-12-05 20:26:16.214 [info] > git for-each-ref --format=%(refname)%00%(upstream:short)%00%(objectname)%00%(upstream:track)%00%(upstream:remotename)%00%(upstream:remoteref) refs/heads/main refs/remotes/main [3ms]
2024-12-05 20:26:16.231 [info] > git for-each-ref --sort -committerdate --format %(refname) %(objectname) %(*objectname) [2ms]
2024-12-05 20:26:16.253 [info] > git status -z -uall [31ms]
2024-12-05 20:26:21.639 [info] > git for-each-ref --format=%(refname)%00%(upstream:short)%00%(objectname)%00%(upstream:track)%00%(upstream:remotename)%00%(upstream:remoteref) refs/heads/main refs/remotes/main [3ms]
2024-12-05 20:26:21.639 [info] > git config --get commit.template [11ms]
2024-12-05 20:26:21.660 [info] > git for-each-ref --sort -committerdate --format %(refname) %(objectname) %(*objectname) [2ms]
2024-12-05 20:26:21.684 [info] > git status -z -uall [34ms]
2024-12-05 20:26:23.397 [info] > git show --textconv :README.md [8ms]
2024-12-05 20:26:23.398 [info] > git ls-files --stage -- /home/bean1134/dotfiles/README.md [2ms]
2024-12-05 20:26:26.720 [info] > git config --get commit.template [10ms]
2024-12-05 20:26:26.722 [info] > git for-each-ref --format=%(refname)%00%(upstream:short)%00%(objectname)%00%(upstream:track)%00%(upstream:remotename)%00%(upstream:remoteref) refs/heads/main refs/remotes/main [2ms]
2024-12-05 20:26:26.738 [info] > git for-each-ref --sort -committerdate --format %(refname) %(objectname) %(*objectname) [3ms]
2024-12-05 20:26:26.756 [info] > git status -z -uall [26ms]
2024-12-05 20:26:31.784 [info] > git config --get commit.template [10ms]
2024-12-05 20:26:31.785 [info] > git for-each-ref --format=%(refname)%00%(upstream:short)%00%(objectname)%00%(upstream:track)%00%(upstream:remotename)%00%(upstream:remoteref) refs/heads/main refs/remotes/main [2ms]
2024-12-05 20:26:31.800 [info] > git for-each-ref --sort -committerdate --format %(refname) %(objectname) %(*objectname) [2ms]
2024-12-05 20:26:31.818 [info] > git status -z -uall [27ms]
2024-12-05 20:27:01.198 [info] > git config --get commit.template [8ms]
2024-12-05 20:27:01.199 [info] > git for-each-ref --format=%(refname)%00%(upstream:short)%00%(objectname)%00%(upstream:track)%00%(upstream:remotename)%00%(upstream:remoteref) refs/heads/main refs/remotes/main [2ms]
2024-12-05 20:27:01.215 [info] > git for-each-ref --sort -committerdate --format %(refname) %(objectname) %(*objectname) [2ms]
2024-12-05 20:27:01.232 [info] > git status -z -uall [26ms]
2024-12-05 20:27:06.265 [info] > git config --get commit.template [10ms]
2024-12-05 20:27:06.266 [info] > git for-each-ref --format=%(refname)%00%(upstream:short)%00%(objectname)%00%(upstream:track)%00%(upstream:remotename)%00%(upstream:remoteref) refs/heads/main refs/remotes/main [2ms]
2024-12-05 20:27:06.284 [info] > git for-each-ref --sort -committerdate --format %(refname) %(objectname) %(*objectname) [2ms]
2024-12-05 20:27:06.302 [info] > git status -z -uall [27ms]
2024-12-05 20:27:14.613 [info] > git config --get commit.template [8ms]
2024-12-05 20:27:14.614 [info] > git for-each-ref --format=%(refname)%00%(upstream:short)%00%(objectname)%00%(upstream:track)%00%(upstream:remotename)%00%(upstream:remoteref) refs/heads/main refs/remotes/main [2ms]
2024-12-05 20:27:14.628 [info] > git for-each-ref --sort -committerdate --format %(refname) %(objectname) %(*objectname) [2ms]
2024-12-05 20:27:14.646 [info] > git status -z -uall [25ms]
2024-12-05 20:27:19.674 [info] > git config --get commit.template [9ms]
2024-12-05 20:27:19.675 [info] > git for-each-ref --format=%(refname)%00%(upstream:short)%00%(objectname)%00%(upstream:track)%00%(upstream:remotename)%00%(upstream:remoteref) refs/heads/main refs/remotes/main [2ms]
2024-12-05 20:27:19.689 [info] > git for-each-ref --sort -committerdate --format %(refname) %(objectname) %(*objectname) [2ms]
2024-12-05 20:27:19.705 [info] > git status -z -uall [25ms]
2024-12-05 20:27:25.868 [info] > git config --get commit.template [10ms]
2024-12-05 20:27:25.869 [info] > git for-each-ref --format=%(refname)%00%(upstream:short)%00%(objectname)%00%(upstream:track)%00%(upstream:remotename)%00%(upstream:remoteref) refs/heads/main refs/remotes/main [3ms]
2024-12-05 20:27:25.882 [info] > git for-each-ref --sort -committerdate --format %(refname) %(objectname) %(*objectname) [1ms]
2024-12-05 20:27:25.900 [info] > git status -z -uall [25ms]
2024-12-05 20:31:31.591 [info] > git config --get commit.template [10ms]
2024-12-05 20:31:31.592 [info] > git for-each-ref --format=%(refname)%00%(upstream:short)%00%(objectname)%00%(upstream:track)%00%(upstream:remotename)%00%(upstream:remoteref) refs/heads/main refs/remotes/main [3ms]
2024-12-05 20:31:31.607 [info] > git for-each-ref --sort -committerdate --format %(refname) %(objectname) %(*objectname) [1ms]
2024-12-05 20:31:31.609 [info] > git status -z -uall [11ms]
2024-12-05 20:31:31.629 [info] > git merge-base refs/heads/main refs/remotes/origin/main [10ms]
2024-12-05 20:31:31.640 [info] > git ls-files --stage -- /home/bean1134/dotfiles/README.md [13ms]
2024-12-05 20:31:31.648 [info] > git cat-file -s 4565cab586ee724a149db1002e4bbb7cf274bf3b [2ms]
2024-12-05 20:31:31.648 [info] > git diff --name-status -z --diff-filter=ADMR 412adab63c3c90b886e90892786cdffb3778c17c...refs/remotes/origin/main [10ms]
2024-12-05 20:31:31.658 [info] > git show --textconv :README.md [2ms]
2024-12-05 20:31:36.641 [info] > git config --get commit.template [11ms]
2024-12-05 20:31:36.642 [info] > git for-each-ref --format=%(refname)%00%(upstream:short)%00%(objectname)%00%(upstream:track)%00%(upstream:remotename)%00%(upstream:remoteref) refs/heads/main refs/remotes/main [2ms]
2024-12-05 20:31:36.661 [info] > git for-each-ref --sort -committerdate --format %(refname) %(objectname) %(*objectname) [2ms]
2024-12-05 20:31:36.662 [info] > git status -z -uall [11ms]
2024-12-05 20:31:41.685 [info] > git config --get commit.template [10ms]
2024-12-05 20:31:41.687 [info] > git for-each-ref --format=%(refname)%00%(upstream:short)%00%(objectname)%00%(upstream:track)%00%(upstream:remotename)%00%(upstream:remoteref) refs/heads/main refs/remotes/main [3ms]
2024-12-05 20:31:41.705 [info] > git for-each-ref --sort -committerdate --format %(refname) %(objectname) %(*objectname) [1ms]
2024-12-05 20:31:41.710 [info] > git status -z -uall [14ms]
2024-12-05 20:31:53.325 [info] > git config --get commit.template [15ms]
2024-12-05 20:31:53.327 [info] > git for-each-ref --format=%(refname)%00%(upstream:short)%00%(objectname)%00%(upstream:track)%00%(upstream:remotename)%00%(upstream:remoteref) refs/heads/main refs/remotes/main [4ms]
2024-12-05 20:31:53.365 [info] > git for-each-ref --sort -committerdate --format %(refname) %(objectname) %(*objectname) [2ms]
2024-12-05 20:31:53.376 [info] > git status -z -uall [29ms]
2024-12-05 20:31:58.402 [info] > git config --get commit.template [11ms]
2024-12-05 20:31:58.404 [info] > git for-each-ref --format=%(refname)%00%(upstream:short)%00%(objectname)%00%(upstream:track)%00%(upstream:remotename)%00%(upstream:remoteref) refs/heads/main refs/remotes/main [3ms]
2024-12-05 20:31:58.419 [info] > git for-each-ref --sort -committerdate --format %(refname) %(objectname) %(*objectname) [2ms]
2024-12-05 20:31:58.423 [info] > git status -z -uall [13ms]
2024-12-05 20:32:03.439 [info] > git config --get commit.template [1ms]
2024-12-05 20:32:03.447 [info] > git for-each-ref --format=%(refname)%00%(upstream:short)%00%(objectname)%00%(upstream:track)%00%(upstream:remotename)%00%(upstream:remoteref) refs/heads/main refs/remotes/main [1ms]
2024-12-05 20:32:03.462 [info] > git for-each-ref --sort -committerdate --format %(refname) %(objectname) %(*objectname) [2ms]
2024-12-05 20:32:03.465 [info] > git status -z -uall [11ms]
2024-12-05 20:32:08.489 [info] > git config --get commit.template [11ms]
2024-12-05 20:32:08.490 [info] > git for-each-ref --format=%(refname)%00%(upstream:short)%00%(objectname)%00%(upstream:track)%00%(upstream:remotename)%00%(upstream:remoteref) refs/heads/main refs/remotes/main [2ms]
2024-12-05 20:32:08.505 [info] > git for-each-ref --sort -committerdate --format %(refname) %(objectname) %(*objectname) [2ms]
2024-12-05 20:32:08.511 [info] > git status -z -uall [13ms]
2024-12-05 20:32:13.530 [info] > git config --get commit.template [7ms]
2024-12-05 20:32:13.531 [info] > git for-each-ref --format=%(refname)%00%(upstream:short)%00%(objectname)%00%(upstream:track)%00%(upstream:remotename)%00%(upstream:remoteref) refs/heads/main refs/remotes/main [2ms]
2024-12-05 20:32:13.548 [info] > git for-each-ref --sort -committerdate --format %(refname) %(objectname) %(*objectname) [2ms]
2024-12-05 20:32:13.555 [info] > git status -z -uall [17ms]
2024-12-05 20:32:53.068 [info] > git config --get commit.template [8ms]
2024-12-05 20:32:53.069 [info] > git for-each-ref --format=%(refname)%00%(upstream:short)%00%(objectname)%00%(upstream:track)%00%(upstream:remotename)%00%(upstream:remoteref) refs/heads/main refs/remotes/main [1ms]
2024-12-05 20:32:53.086 [info] > git for-each-ref --sort -committerdate --format %(refname) %(objectname) %(*objectname) [1ms]
2024-12-05 20:32:53.091 [info] > git status -z -uall [14ms]
2024-12-05 20:32:58.116 [info] > git config --get commit.template [11ms]
2024-12-05 20:32:58.118 [info] > git for-each-ref --format=%(refname)%00%(upstream:short)%00%(objectname)%00%(upstream:track)%00%(upstream:remotename)%00%(upstream:remoteref) refs/heads/main refs/remotes/main [3ms]
2024-12-05 20:32:58.135 [info] > git for-each-ref --sort -committerdate --format %(refname) %(objectname) %(*objectname) [1ms]
2024-12-05 20:32:58.140 [info] > git status -z -uall [14ms]
2024-12-05 20:33:03.163 [info] > git config --get commit.template [11ms]
2024-12-05 20:33:03.164 [info] > git for-each-ref --format=%(refname)%00%(upstream:short)%00%(objectname)%00%(upstream:track)%00%(upstream:remotename)%00%(upstream:remoteref) refs/heads/main refs/remotes/main [2ms]
2024-12-05 20:33:03.180 [info] > git for-each-ref --sort -committerdate --format %(refname) %(objectname) %(*objectname) [2ms]
2024-12-05 20:33:03.186 [info] > git status -z -uall [16ms]
2024-12-05 20:33:11.256 [info] > git config --get commit.template [9ms]
2024-12-05 20:33:11.257 [info] > git for-each-ref --format=%(refname)%00%(upstream:short)%00%(objectname)%00%(upstream:track)%00%(upstream:remotename)%00%(upstream:remoteref) refs/heads/main refs/remotes/main [2ms]
2024-12-05 20:33:11.274 [info] > git for-each-ref --sort -committerdate --format %(refname) %(objectname) %(*objectname) [2ms]
2024-12-05 20:33:11.278 [info] > git status -z -uall [13ms]
2024-12-05 20:35:11.011 [info] > git config --get commit.template [8ms]
2024-12-05 20:35:11.012 [info] > git for-each-ref --format=%(refname)%00%(upstream:short)%00%(objectname)%00%(upstream:track)%00%(upstream:remotename)%00%(upstream:remoteref) refs/heads/main refs/remotes/main [2ms]
2024-12-05 20:35:11.027 [info] > git for-each-ref --sort -committerdate --format %(refname) %(objectname) %(*objectname) [2ms]
2024-12-05 20:35:11.031 [info] > git status -z -uall [13ms]
2024-12-05 20:47:28.244 [info] > git config --get commit.template [9ms]
2024-12-05 20:47:28.244 [info] > git for-each-ref --format=%(refname)%00%(upstream:short)%00%(objectname)%00%(upstream:track)%00%(upstream:remotename)%00%(upstream:remoteref) refs/heads/main refs/remotes/main [1ms]
2024-12-05 20:47:28.259 [info] > git for-each-ref --sort -committerdate --format %(refname) %(objectname) %(*objectname) [2ms]
2024-12-05 20:47:28.264 [info] > git status -z -uall [14ms]
2024-12-05 20:47:33.288 [info] > git config --get commit.template [12ms]
2024-12-05 20:47:33.289 [info] > git for-each-ref --format=%(refname)%00%(upstream:short)%00%(objectname)%00%(upstream:track)%00%(upstream:remotename)%00%(upstream:remoteref) refs/heads/main refs/remotes/main [3ms]
2024-12-05 20:47:33.305 [info] > git for-each-ref --sort -committerdate --format %(refname) %(objectname) %(*objectname) [1ms]
2024-12-05 20:47:33.311 [info] > git status -z -uall [14ms]
2024-12-05 20:47:38.334 [info] > git config --get commit.template [9ms]
2024-12-05 20:47:38.336 [info] > git for-each-ref --format=%(refname)%00%(upstream:short)%00%(objectname)%00%(upstream:track)%00%(upstream:remotename)%00%(upstream:remoteref) refs/heads/main refs/remotes/main [2ms]
2024-12-05 20:47:38.351 [info] > git for-each-ref --sort -committerdate --format %(refname) %(objectname) %(*objectname) [1ms]
2024-12-05 20:47:38.356 [info] > git status -z -uall [13ms]
2024-12-05 20:47:43.932 [info] > git config --get commit.template [2ms]
2024-12-05 20:47:43.944 [info] > git for-each-ref --format=%(refname)%00%(upstream:short)%00%(objectname)%00%(upstream:track)%00%(upstream:remotename)%00%(upstream:remoteref) refs/heads/main refs/remotes/main [3ms]
2024-12-05 20:47:43.958 [info] > git for-each-ref --sort -committerdate --format %(refname) %(objectname) %(*objectname) [1ms]
2024-12-05 20:47:43.964 [info] > git status -z -uall [13ms]
