2024-12-05 20:26:09.759 [info] Extension host with pid 16714 started
2024-12-05 20:26:09.759 [info] Skipping acquiring lock for /home/bean1134/.config/VSCodium/User/workspaceStorage/ebb5313c1031e3ac30441d6aef9e9871.
2024-12-05 20:26:09.919 [info] ExtensionService#_doActivateExtension vscode.emmet, startup: false, activationEvent: 'onLanguage'
2024-12-05 20:26:09.977 [info] ExtensionService#_doActivateExtension vscode.extension-editing, startup: false, activationEvent: 'onLanguage:markdown'
2024-12-05 20:26:10.012 [info] ExtensionService#_doActivateExtension vscode.markdown-language-features, startup: false, activationEvent: 'onLanguage:markdown'
2024-12-05 20:26:10.875 [info] ExtensionService#_doActivateExtension vscode.git-base, startup: true, activationEvent: '*', root cause: vscode.git
2024-12-05 20:26:10.884 [info] ExtensionService#_doActivateExtension WakaTime.vscode-wakatime, startup: true, activationEvent: '*'
2024-12-05 20:26:11.077 [info] ExtensionService#_doActivateExtension vscode.git, startup: true, activationEvent: '*'
2024-12-05 20:26:11.221 [info] ExtensionService#_doActivateExtension vscode.github, startup: true, activationEvent: '*'
2024-12-05 20:26:11.332 [info] Eager extensions activated
2024-12-05 20:26:11.491 [info] ExtensionService#_doActivateExtension vscode.debug-auto-launch, startup: false, activationEvent: 'onStartupFinished'
2024-12-05 20:26:11.497 [info] ExtensionService#_doActivateExtension vscode.merge-conflict, startup: false, activationEvent: 'onStartupFinished'
2024-12-05 20:26:11.560 [info] ExtensionService#_doActivateExtension vscode.markdown-math, startup: false, activationEvent: 'api', root cause: vscode.markdown-language-features
2024-12-05 20:26:11.879 [warning] [Decorations] CAPPING events from decorations provider vscode.git 419
2024-12-05 20:26:12.086 [info] ExtensionService#_doActivateExtension vscode.github-authentication, startup: false, activationEvent: 'onAuthenticationRequest:github'
2024-12-05 20:26:12.259 [warning] [Decorations] CAPPING events from decorations provider vscode.git 420
2024-12-05 20:26:13.627 [info] ExtensionService#_doActivateExtension vscode.media-preview, startup: false, activationEvent: 'onCustomEditor:imagePreview.previewEditor'
2024-12-05 20:26:16.261 [warning] [Decorations] CAPPING events from decorations provider vscode.git 423
2024-12-05 20:26:21.694 [warning] [Decorations] CAPPING events from decorations provider vscode.git 450
2024-12-05 20:26:26.763 [warning] [Decorations] CAPPING events from decorations provider vscode.git 441
2024-12-05 20:26:31.822 [warning] [Decorations] CAPPING events from decorations provider vscode.git 441
2024-12-05 20:27:01.241 [warning] [Decorations] CAPPING events from decorations provider vscode.git 442
2024-12-05 20:27:06.310 [warning] [Decorations] CAPPING events from decorations provider vscode.git 441
2024-12-05 20:27:14.651 [warning] [Decorations] CAPPING events from decorations provider vscode.git 441
2024-12-05 20:27:19.711 [warning] [Decorations] CAPPING events from decorations provider vscode.git 441
2024-12-05 20:27:25.906 [warning] [Decorations] CAPPING events from decorations provider vscode.git 441
