2024-12-05 10:34:41.575 [info] Extension host with pid 1814 started
2024-12-05 10:34:41.575 [info] Skipping acquiring lock for /home/bean1134/.config/VSCodium/User/workspaceStorage/ebb5313c1031e3ac30441d6aef9e9871.
2024-12-05 10:34:41.615 [info] ExtensionService#_doActivateExtension vscode.git-base, startup: true, activationEvent: '*', root cause: vscode.git
2024-12-05 10:34:41.632 [info] ExtensionService#_doActivateExtension WakaTime.vscode-wakatime, startup: true, activationEvent: '*'
2024-12-05 10:34:41.809 [info] ExtensionService#_doActivateExtension vscode.git, startup: true, activationEvent: '*'
2024-12-05 10:34:42.027 [info] ExtensionService#_doActivateExtension vscode.github, startup: true, activationEvent: '*'
2024-12-05 10:34:42.174 [info] Eager extensions activated
2024-12-05 10:34:42.209 [info] ExtensionService#_doActivateExtension vscode.debug-auto-launch, startup: false, activationEvent: 'onStartupFinished'
2024-12-05 10:34:42.214 [info] ExtensionService#_doActivateExtension vscode.merge-conflict, startup: false, activationEvent: 'onStartupFinished'
2024-12-05 10:34:42.335 [info] ExtensionService#_doActivateExtension vscode.emmet, startup: false, activationEvent: 'onLanguage'
2024-12-05 10:34:42.571 [info] ExtensionService#_doActivateExtension vscode.github-authentication, startup: false, activationEvent: 'onAuthenticationRequest:github'
2024-12-05 10:42:58.779 [info] ExtensionService#_doActivateExtension vscode.configuration-editing, startup: false, activationEvent: 'onLanguage:json'
2024-12-05 10:42:58.806 [info] ExtensionService#_doActivateExtension vscode.extension-editing, startup: false, activationEvent: 'onLanguage:json'
2024-12-05 10:42:58.837 [info] ExtensionService#_doActivateExtension vscode.json-language-features, startup: false, activationEvent: 'onLanguage:json'
2024-12-05 10:42:58.930 [info] ExtensionService#_doActivateExtension vscode.npm, startup: false, activationEvent: 'onLanguage:json'
2024-12-05 10:43:22.416 [info] ExtensionService#_doActivateExtension vscode.css-language-features, startup: false, activationEvent: 'onLanguage:css'
2024-12-05 10:50:36.988 [warning] vscode.json-language-features - Code actions of kind 'quickfix' requested but returned code action is of kind 'source.sort.json'. Code action will be dropped. Please check 'CodeActionContext.only' to only return requested code actions.
2024-12-05 10:50:40.779 [warning] vscode.json-language-features - Code actions of kind 'quickfix' requested but returned code action is of kind 'source.sort.json'. Code action will be dropped. Please check 'CodeActionContext.only' to only return requested code actions.
2024-12-05 10:53:29.640 [warning] vscode.json-language-features - Code actions of kind 'quickfix' requested but returned code action is of kind 'source.sort.json'. Code action will be dropped. Please check 'CodeActionContext.only' to only return requested code actions.
2024-12-05 12:37:59.654 [warning] vscode.json-language-features - Code actions of kind 'quickfix' requested but returned code action is of kind 'source.sort.json'. Code action will be dropped. Please check 'CodeActionContext.only' to only return requested code actions.
2024-12-05 12:38:35.703 [warning] [Decorations] CAPPING events from decorations provider vscode.git 251
2024-12-05 12:38:40.745 [warning] [Decorations] CAPPING events from decorations provider vscode.git 251
2024-12-05 12:38:45.789 [warning] [Decorations] CAPPING events from decorations provider vscode.git 251
2024-12-05 12:39:38.090 [warning] [Decorations] CAPPING events from decorations provider vscode.git 251
2024-12-05 12:39:43.170 [warning] [Decorations] CAPPING events from decorations provider vscode.git 251
2024-12-05 12:39:48.216 [warning] [Decorations] CAPPING events from decorations provider vscode.git 251
2024-12-05 12:39:53.259 [warning] [Decorations] CAPPING events from decorations provider vscode.git 251
2024-12-05 12:39:58.309 [warning] [Decorations] CAPPING events from decorations provider vscode.git 251
2024-12-05 12:40:03.360 [warning] [Decorations] CAPPING events from decorations provider vscode.git 251
2024-12-05 12:40:08.410 [warning] [Decorations] CAPPING events from decorations provider vscode.git 251
2024-12-05 12:40:13.458 [warning] [Decorations] CAPPING events from decorations provider vscode.git 251
2024-12-05 12:40:18.496 [warning] [Decorations] CAPPING events from decorations provider vscode.git 251
2024-12-05 12:40:32.018 [warning] [Decorations] CAPPING events from decorations provider vscode.git 251
2024-12-05 12:40:43.138 [warning] [Decorations] CAPPING events from decorations provider vscode.git 251
2024-12-05 12:44:42.324 [warning] [Decorations] CAPPING events from decorations provider vscode.git 251
2024-12-05 12:44:47.372 [warning] [Decorations] CAPPING events from decorations provider vscode.git 251
2024-12-05 12:45:17.695 [warning] [Decorations] CAPPING events from decorations provider vscode.git 251
2024-12-05 12:45:23.336 [warning] [Decorations] CAPPING events from decorations provider vscode.git 251
2024-12-05 12:45:28.383 [warning] [Decorations] CAPPING events from decorations provider vscode.git 251
2024-12-05 12:45:33.428 [warning] [Decorations] CAPPING events from decorations provider vscode.git 252
2024-12-05 12:46:32.579 [warning] [Decorations] CAPPING events from decorations provider vscode.git 252
2024-12-05 12:46:37.620 [warning] [Decorations] CAPPING events from decorations provider vscode.git 252
2024-12-05 12:46:42.663 [warning] [Decorations] CAPPING events from decorations provider vscode.git 252
2024-12-05 12:46:47.707 [warning] [Decorations] CAPPING events from decorations provider vscode.git 252
2024-12-05 12:46:52.752 [warning] [Decorations] CAPPING events from decorations provider vscode.git 252
2024-12-05 12:46:57.787 [warning] [Decorations] CAPPING events from decorations provider vscode.git 252
2024-12-05 12:47:08.879 [warning] [Decorations] CAPPING events from decorations provider vscode.git 252
2024-12-05 12:47:16.264 [warning] [Decorations] CAPPING events from decorations provider vscode.git 252
2024-12-05 12:47:21.311 [warning] [Decorations] CAPPING events from decorations provider vscode.git 252
2024-12-05 12:47:26.354 [warning] [Decorations] CAPPING events from decorations provider vscode.git 252
2024-12-05 12:47:31.394 [warning] [Decorations] CAPPING events from decorations provider vscode.git 252
2024-12-05 12:47:41.957 [warning] [Decorations] CAPPING events from decorations provider vscode.git 252
2024-12-05 12:47:47.004 [warning] [Decorations] CAPPING events from decorations provider vscode.git 252
2024-12-05 12:47:52.052 [warning] [Decorations] CAPPING events from decorations provider vscode.git 252
2024-12-05 12:47:57.102 [warning] [Decorations] CAPPING events from decorations provider vscode.git 252
2024-12-05 12:48:07.245 [warning] [Decorations] CAPPING events from decorations provider vscode.git 252
2024-12-05 12:48:12.289 [warning] [Decorations] CAPPING events from decorations provider vscode.git 252
2024-12-05 12:48:17.329 [warning] [Decorations] CAPPING events from decorations provider vscode.git 252
2024-12-05 12:48:22.369 [warning] [Decorations] CAPPING events from decorations provider vscode.git 252
2024-12-05 12:48:27.433 [warning] [Decorations] CAPPING events from decorations provider vscode.git 252
2024-12-05 12:48:32.483 [warning] [Decorations] CAPPING events from decorations provider vscode.git 252
2024-12-05 12:48:37.529 [warning] [Decorations] CAPPING events from decorations provider vscode.git 252
2024-12-05 12:48:42.576 [warning] [Decorations] CAPPING events from decorations provider vscode.git 252
2024-12-05 12:48:47.627 [warning] [Decorations] CAPPING events from decorations provider vscode.git 252
2024-12-05 12:48:52.664 [warning] [Decorations] CAPPING events from decorations provider vscode.git 252
2024-12-05 12:49:04.383 [warning] [Decorations] CAPPING events from decorations provider vscode.git 252
2024-12-05 12:49:09.427 [warning] [Decorations] CAPPING events from decorations provider vscode.git 253
2024-12-05 12:49:14.470 [warning] [Decorations] CAPPING events from decorations provider vscode.git 252
2024-12-05 12:49:19.514 [warning] [Decorations] CAPPING events from decorations provider vscode.git 252
2024-12-05 12:49:27.703 [warning] [Decorations] CAPPING events from decorations provider vscode.git 252
2024-12-05 12:49:32.745 [warning] [Decorations] CAPPING events from decorations provider vscode.git 252
2024-12-05 12:49:37.793 [warning] [Decorations] CAPPING events from decorations provider vscode.git 252
2024-12-05 12:49:42.840 [warning] [Decorations] CAPPING events from decorations provider vscode.git 252
2024-12-05 12:49:47.883 [warning] [Decorations] CAPPING events from decorations provider vscode.git 252
2024-12-05 12:49:52.930 [warning] [Decorations] CAPPING events from decorations provider vscode.git 252
2024-12-05 12:49:57.970 [warning] [Decorations] CAPPING events from decorations provider vscode.git 252
2024-12-05 12:50:03.010 [warning] [Decorations] CAPPING events from decorations provider vscode.git 252
2024-12-05 12:50:08.053 [warning] [Decorations] CAPPING events from decorations provider vscode.git 252
2024-12-05 12:50:11.359 [warning] vscode.json-language-features - Code actions of kind 'quickfix' requested but returned code action is of kind 'source.sort.json'. Code action will be dropped. Please check 'CodeActionContext.only' to only return requested code actions.
2024-12-05 12:50:13.096 [warning] [Decorations] CAPPING events from decorations provider vscode.git 253
2024-12-05 12:50:18.146 [warning] [Decorations] CAPPING events from decorations provider vscode.git 252
2024-12-05 12:50:23.189 [warning] [Decorations] CAPPING events from decorations provider vscode.git 252
2024-12-05 12:50:29.812 [warning] [Decorations] CAPPING events from decorations provider vscode.git 252
2024-12-05 12:50:34.855 [warning] [Decorations] CAPPING events from decorations provider vscode.git 252
2024-12-05 12:50:39.896 [warning] [Decorations] CAPPING events from decorations provider vscode.git 253
2024-12-05 12:50:44.937 [warning] [Decorations] CAPPING events from decorations provider vscode.git 253
2024-12-05 12:50:49.982 [warning] [Decorations] CAPPING events from decorations provider vscode.git 253
2024-12-05 12:50:55.029 [warning] [Decorations] CAPPING events from decorations provider vscode.git 253
2024-12-05 12:51:00.072 [warning] [Decorations] CAPPING events from decorations provider vscode.git 253
2024-12-05 12:51:05.115 [warning] [Decorations] CAPPING events from decorations provider vscode.git 254
2024-12-05 12:51:10.158 [warning] [Decorations] CAPPING events from decorations provider vscode.git 253
2024-12-05 12:51:15.205 [warning] [Decorations] CAPPING events from decorations provider vscode.git 253
2024-12-05 12:51:20.251 [warning] [Decorations] CAPPING events from decorations provider vscode.git 253
2024-12-05 12:51:25.301 [warning] [Decorations] CAPPING events from decorations provider vscode.git 253
2024-12-05 12:51:30.345 [warning] [Decorations] CAPPING events from decorations provider vscode.git 253
2024-12-05 12:51:35.388 [warning] [Decorations] CAPPING events from decorations provider vscode.git 253
2024-12-05 12:51:40.437 [warning] [Decorations] CAPPING events from decorations provider vscode.git 253
2024-12-05 12:51:45.484 [warning] [Decorations] CAPPING events from decorations provider vscode.git 253
2024-12-05 12:51:46.080 [warning] vscode.json-language-features - Code actions of kind 'quickfix' requested but returned code action is of kind 'source.sort.json'. Code action will be dropped. Please check 'CodeActionContext.only' to only return requested code actions.
2024-12-05 12:51:46.916 [warning] vscode.json-language-features - Code actions of kind 'quickfix' requested but returned code action is of kind 'source.sort.json'. Code action will be dropped. Please check 'CodeActionContext.only' to only return requested code actions.
2024-12-05 12:51:50.529 [warning] [Decorations] CAPPING events from decorations provider vscode.git 253
2024-12-05 12:51:55.581 [warning] [Decorations] CAPPING events from decorations provider vscode.git 253
2024-12-05 12:52:00.623 [warning] [Decorations] CAPPING events from decorations provider vscode.git 253
2024-12-05 12:52:05.666 [warning] [Decorations] CAPPING events from decorations provider vscode.git 253
2024-12-05 12:52:10.713 [warning] [Decorations] CAPPING events from decorations provider vscode.git 254
2024-12-05 12:52:15.758 [warning] [Decorations] CAPPING events from decorations provider vscode.git 254
2024-12-05 12:52:20.804 [warning] [Decorations] CAPPING events from decorations provider vscode.git 255
2024-12-05 12:52:25.850 [warning] [Decorations] CAPPING events from decorations provider vscode.git 254
2024-12-05 12:52:30.893 [warning] [Decorations] CAPPING events from decorations provider vscode.git 254
2024-12-05 12:52:35.934 [warning] [Decorations] CAPPING events from decorations provider vscode.git 255
2024-12-05 12:52:40.976 [warning] [Decorations] CAPPING events from decorations provider vscode.git 255
2024-12-05 12:52:46.022 [warning] [Decorations] CAPPING events from decorations provider vscode.git 255
2024-12-05 12:52:51.067 [warning] [Decorations] CAPPING events from decorations provider vscode.git 255
2024-12-05 12:52:56.112 [warning] [Decorations] CAPPING events from decorations provider vscode.git 255
2024-12-05 12:53:01.683 [warning] [Decorations] CAPPING events from decorations provider vscode.git 255
2024-12-05 12:53:06.734 [warning] [Decorations] CAPPING events from decorations provider vscode.git 255
2024-12-05 12:53:11.778 [warning] [Decorations] CAPPING events from decorations provider vscode.git 255
2024-12-05 12:53:16.820 [warning] [Decorations] CAPPING events from decorations provider vscode.git 255
2024-12-05 12:53:21.865 [warning] [Decorations] CAPPING events from decorations provider vscode.git 255
2024-12-05 12:53:26.905 [warning] [Decorations] CAPPING events from decorations provider vscode.git 255
2024-12-05 12:53:31.939 [warning] [Decorations] CAPPING events from decorations provider vscode.git 255
2024-12-05 12:53:36.984 [warning] [Decorations] CAPPING events from decorations provider vscode.git 255
2024-12-05 12:54:05.954 [warning] [Decorations] CAPPING events from decorations provider vscode.git 255
2024-12-05 12:54:13.508 [warning] [Decorations] CAPPING events from decorations provider vscode.git 255
2024-12-05 12:54:18.551 [warning] [Decorations] CAPPING events from decorations provider vscode.git 255
2024-12-05 12:54:23.598 [warning] [Decorations] CAPPING events from decorations provider vscode.git 256
2024-12-05 12:54:28.697 [warning] [Decorations] CAPPING events from decorations provider vscode.git 256
2024-12-05 12:54:33.744 [warning] [Decorations] CAPPING events from decorations provider vscode.git 257
2024-12-05 12:54:38.784 [warning] [Decorations] CAPPING events from decorations provider vscode.git 256
2024-12-05 12:54:43.829 [warning] [Decorations] CAPPING events from decorations provider vscode.git 257
2024-12-05 12:54:48.897 [warning] [Decorations] CAPPING events from decorations provider vscode.git 257
2024-12-05 12:54:53.938 [warning] [Decorations] CAPPING events from decorations provider vscode.git 257
2024-12-05 12:54:58.979 [warning] [Decorations] CAPPING events from decorations provider vscode.git 257
2024-12-05 12:55:04.018 [warning] [Decorations] CAPPING events from decorations provider vscode.git 257
2024-12-05 12:55:09.061 [warning] [Decorations] CAPPING events from decorations provider vscode.git 257
2024-12-05 12:55:14.102 [warning] [Decorations] CAPPING events from decorations provider vscode.git 258
2024-12-05 12:55:19.142 [warning] [Decorations] CAPPING events from decorations provider vscode.git 257
2024-12-05 12:55:24.188 [warning] [Decorations] CAPPING events from decorations provider vscode.git 257
2024-12-05 12:55:29.234 [warning] [Decorations] CAPPING events from decorations provider vscode.git 257
2024-12-05 12:55:34.280 [warning] [Decorations] CAPPING events from decorations provider vscode.git 257
2024-12-05 12:55:39.330 [warning] [Decorations] CAPPING events from decorations provider vscode.git 257
2024-12-05 12:55:44.372 [warning] [Decorations] CAPPING events from decorations provider vscode.git 257
2024-12-05 12:55:49.414 [warning] [Decorations] CAPPING events from decorations provider vscode.git 258
2024-12-05 12:55:54.458 [warning] [Decorations] CAPPING events from decorations provider vscode.git 258
2024-12-05 12:55:59.494 [warning] [Decorations] CAPPING events from decorations provider vscode.git 258
2024-12-05 12:56:04.543 [warning] [Decorations] CAPPING events from decorations provider vscode.git 258
2024-12-05 12:56:09.598 [warning] [Decorations] CAPPING events from decorations provider vscode.git 259
2024-12-05 12:56:14.646 [warning] [Decorations] CAPPING events from decorations provider vscode.git 258
2024-12-05 12:56:19.689 [warning] [Decorations] CAPPING events from decorations provider vscode.git 258
2024-12-05 12:56:24.737 [warning] [Decorations] CAPPING events from decorations provider vscode.git 258
2024-12-05 12:56:29.784 [warning] [Decorations] CAPPING events from decorations provider vscode.git 258
2024-12-05 12:56:38.184 [warning] [Decorations] CAPPING events from decorations provider vscode.git 258
2024-12-05 12:56:43.234 [warning] [Decorations] CAPPING events from decorations provider vscode.git 258
2024-12-05 12:56:48.284 [warning] [Decorations] CAPPING events from decorations provider vscode.git 258
2024-12-05 12:56:53.328 [warning] [Decorations] CAPPING events from decorations provider vscode.git 258
2024-12-05 12:56:58.376 [warning] [Decorations] CAPPING events from decorations provider vscode.git 258
2024-12-05 12:57:03.419 [warning] [Decorations] CAPPING events from decorations provider vscode.git 258
2024-12-05 12:57:08.460 [warning] [Decorations] CAPPING events from decorations provider vscode.git 259
2024-12-05 12:57:13.508 [warning] [Decorations] CAPPING events from decorations provider vscode.git 259
2024-12-05 12:57:18.554 [warning] [Decorations] CAPPING events from decorations provider vscode.git 259
2024-12-05 12:57:23.601 [warning] [Decorations] CAPPING events from decorations provider vscode.git 259
2024-12-05 12:57:28.650 [warning] [Decorations] CAPPING events from decorations provider vscode.git 259
2024-12-05 12:57:33.696 [warning] [Decorations] CAPPING events from decorations provider vscode.git 259
2024-12-05 12:57:38.741 [warning] [Decorations] CAPPING events from decorations provider vscode.git 259
2024-12-05 12:57:43.782 [warning] [Decorations] CAPPING events from decorations provider vscode.git 260
2024-12-05 12:57:48.827 [warning] [Decorations] CAPPING events from decorations provider vscode.git 259
2024-12-05 12:57:53.868 [warning] [Decorations] CAPPING events from decorations provider vscode.git 260
2024-12-05 12:57:58.912 [warning] [Decorations] CAPPING events from decorations provider vscode.git 261
2024-12-05 12:58:03.963 [warning] [Decorations] CAPPING events from decorations provider vscode.git 260
2024-12-05 12:58:09.011 [warning] [Decorations] CAPPING events from decorations provider vscode.git 261
2024-12-05 12:58:18.348 [warning] [Decorations] CAPPING events from decorations provider vscode.git 261
2024-12-05 12:58:23.391 [warning] [Decorations] CAPPING events from decorations provider vscode.git 262
2024-12-05 12:58:28.451 [warning] [Decorations] CAPPING events from decorations provider vscode.git 263
2024-12-05 12:58:33.494 [warning] [Decorations] CAPPING events from decorations provider vscode.git 262
2024-12-05 13:00:06.237 [warning] [Decorations] CAPPING events from decorations provider vscode.git 262
2024-12-05 13:00:11.281 [warning] [Decorations] CAPPING events from decorations provider vscode.git 262
2024-12-05 13:00:16.327 [warning] [Decorations] CAPPING events from decorations provider vscode.git 262
2024-12-05 13:00:21.366 [warning] [Decorations] CAPPING events from decorations provider vscode.git 263
2024-12-05 13:00:26.414 [warning] [Decorations] CAPPING events from decorations provider vscode.git 263
2024-12-05 13:00:31.465 [warning] [Decorations] CAPPING events from decorations provider vscode.git 263
2024-12-05 13:00:36.510 [warning] [Decorations] CAPPING events from decorations provider vscode.git 263
2024-12-05 13:00:41.549 [warning] [Decorations] CAPPING events from decorations provider vscode.git 264
2024-12-05 13:00:46.593 [warning] [Decorations] CAPPING events from decorations provider vscode.git 263
2024-12-05 13:00:51.641 [warning] [Decorations] CAPPING events from decorations provider vscode.git 263
2024-12-05 13:00:56.691 [warning] [Decorations] CAPPING events from decorations provider vscode.git 263
2024-12-05 13:01:01.739 [warning] [Decorations] CAPPING events from decorations provider vscode.git 263
2024-12-05 13:01:06.787 [warning] [Decorations] CAPPING events from decorations provider vscode.git 263
2024-12-05 13:01:11.831 [warning] [Decorations] CAPPING events from decorations provider vscode.git 263
2024-12-05 13:01:16.877 [warning] [Decorations] CAPPING events from decorations provider vscode.git 263
2024-12-05 13:01:21.915 [warning] [Decorations] CAPPING events from decorations provider vscode.git 263
2024-12-05 13:03:34.835 [warning] [Decorations] CAPPING events from decorations provider vscode.git 263
2024-12-05 13:03:39.887 [warning] [Decorations] CAPPING events from decorations provider vscode.git 263
2024-12-05 13:03:44.938 [warning] [Decorations] CAPPING events from decorations provider vscode.git 263
2024-12-05 13:03:49.985 [warning] [Decorations] CAPPING events from decorations provider vscode.git 263
2024-12-05 13:03:55.038 [warning] [Decorations] CAPPING events from decorations provider vscode.git 263
2024-12-05 13:04:00.090 [warning] [Decorations] CAPPING events from decorations provider vscode.git 263
2024-12-05 13:04:05.141 [warning] [Decorations] CAPPING events from decorations provider vscode.git 263
2024-12-05 13:04:10.195 [warning] [Decorations] CAPPING events from decorations provider vscode.git 263
2024-12-05 13:04:15.248 [warning] [Decorations] CAPPING events from decorations provider vscode.git 263
2024-12-05 13:04:20.304 [warning] [Decorations] CAPPING events from decorations provider vscode.git 263
2024-12-05 13:04:25.370 [warning] [Decorations] CAPPING events from decorations provider vscode.git 263
2024-12-05 13:04:30.437 [warning] [Decorations] CAPPING events from decorations provider vscode.git 263
2024-12-05 13:04:35.490 [warning] [Decorations] CAPPING events from decorations provider vscode.git 263
2024-12-05 13:04:40.536 [warning] [Decorations] CAPPING events from decorations provider vscode.git 263
2024-12-05 13:04:45.584 [warning] [Decorations] CAPPING events from decorations provider vscode.git 263
2024-12-05 13:04:50.634 [warning] [Decorations] CAPPING events from decorations provider vscode.git 263
2024-12-05 13:04:55.677 [warning] [Decorations] CAPPING events from decorations provider vscode.git 263
2024-12-05 13:05:00.718 [warning] [Decorations] CAPPING events from decorations provider vscode.git 263
2024-12-05 13:05:05.764 [warning] [Decorations] CAPPING events from decorations provider vscode.git 263
2024-12-05 13:05:10.808 [warning] [Decorations] CAPPING events from decorations provider vscode.git 263
2024-12-05 13:05:15.854 [warning] [Decorations] CAPPING events from decorations provider vscode.git 263
2024-12-05 13:05:20.893 [warning] [Decorations] CAPPING events from decorations provider vscode.git 263
2024-12-05 13:05:25.933 [warning] [Decorations] CAPPING events from decorations provider vscode.git 263
2024-12-05 13:05:30.973 [warning] [Decorations] CAPPING events from decorations provider vscode.git 263
2024-12-05 13:05:36.018 [warning] [Decorations] CAPPING events from decorations provider vscode.git 263
2024-12-05 13:05:41.062 [warning] [Decorations] CAPPING events from decorations provider vscode.git 263
2024-12-05 13:05:46.107 [warning] [Decorations] CAPPING events from decorations provider vscode.git 263
2024-12-05 13:05:51.144 [warning] [Decorations] CAPPING events from decorations provider vscode.git 263
2024-12-05 13:05:56.188 [warning] [Decorations] CAPPING events from decorations provider vscode.git 263
2024-12-05 13:06:01.227 [warning] [Decorations] CAPPING events from decorations provider vscode.git 263
2024-12-05 13:06:06.266 [warning] [Decorations] CAPPING events from decorations provider vscode.git 263
2024-12-05 13:06:11.309 [warning] [Decorations] CAPPING events from decorations provider vscode.git 263
2024-12-05 13:06:18.792 [warning] [Decorations] CAPPING events from decorations provider vscode.git 263
2024-12-05 13:06:26.011 [warning] [Decorations] CAPPING events from decorations provider vscode.git 263
2024-12-05 13:06:31.052 [warning] [Decorations] CAPPING events from decorations provider vscode.git 263
2024-12-05 13:06:36.094 [warning] [Decorations] CAPPING events from decorations provider vscode.git 263
2024-12-05 13:06:41.140 [warning] [Decorations] CAPPING events from decorations provider vscode.git 263
2024-12-05 13:06:42.666 [warning] vscode.json-language-features - Code actions of kind 'quickfix' requested but returned code action is of kind 'source.sort.json'. Code action will be dropped. Please check 'CodeActionContext.only' to only return requested code actions.
2024-12-05 13:06:46.186 [warning] [Decorations] CAPPING events from decorations provider vscode.git 263
2024-12-05 13:06:51.227 [warning] [Decorations] CAPPING events from decorations provider vscode.git 263
2024-12-05 13:06:56.269 [warning] [Decorations] CAPPING events from decorations provider vscode.git 263
2024-12-05 13:07:01.310 [warning] [Decorations] CAPPING events from decorations provider vscode.git 263
2024-12-05 13:07:06.351 [warning] [Decorations] CAPPING events from decorations provider vscode.git 263
2024-12-05 13:07:11.394 [warning] [Decorations] CAPPING events from decorations provider vscode.git 263
2024-12-05 13:07:16.435 [warning] [Decorations] CAPPING events from decorations provider vscode.git 263
2024-12-05 13:07:21.481 [warning] [Decorations] CAPPING events from decorations provider vscode.git 263
2024-12-05 13:07:26.526 [warning] [Decorations] CAPPING events from decorations provider vscode.git 263
2024-12-05 13:07:31.564 [warning] [Decorations] CAPPING events from decorations provider vscode.git 263
2024-12-05 13:07:36.606 [warning] [Decorations] CAPPING events from decorations provider vscode.git 263
2024-12-05 13:07:41.652 [warning] [Decorations] CAPPING events from decorations provider vscode.git 264
2024-12-05 13:07:46.691 [warning] [Decorations] CAPPING events from decorations provider vscode.git 264
2024-12-05 13:07:51.734 [warning] [Decorations] CAPPING events from decorations provider vscode.git 264
2024-12-05 13:07:56.757 [warning] [Decorations] CAPPING events from decorations provider vscode.git 265
2024-12-05 13:08:01.800 [warning] [Decorations] CAPPING events from decorations provider vscode.git 265
2024-12-05 13:08:06.847 [warning] [Decorations] CAPPING events from decorations provider vscode.git 264
2024-12-05 13:08:11.892 [warning] [Decorations] CAPPING events from decorations provider vscode.git 264
2024-12-05 13:08:16.935 [warning] [Decorations] CAPPING events from decorations provider vscode.git 265
2024-12-05 13:08:21.977 [warning] [Decorations] CAPPING events from decorations provider vscode.git 265
2024-12-05 13:10:34.011 [warning] [Decorations] CAPPING events from decorations provider vscode.git 265
2024-12-05 13:10:39.047 [warning] [Decorations] CAPPING events from decorations provider vscode.git 266
2024-12-05 13:10:44.092 [warning] [Decorations] CAPPING events from decorations provider vscode.git 266
2024-12-05 13:11:07.130 [warning] [Decorations] CAPPING events from decorations provider vscode.git 266
2024-12-05 13:11:12.168 [warning] [Decorations] CAPPING events from decorations provider vscode.git 266
2024-12-05 13:11:17.788 [warning] [Decorations] CAPPING events from decorations provider vscode.git 266
2024-12-05 13:11:22.830 [warning] [Decorations] CAPPING events from decorations provider vscode.git 267
2024-12-05 13:11:27.873 [warning] [Decorations] CAPPING events from decorations provider vscode.git 266
2024-12-05 13:11:32.925 [warning] [Decorations] CAPPING events from decorations provider vscode.git 266
2024-12-05 13:11:37.971 [warning] [Decorations] CAPPING events from decorations provider vscode.git 266
2024-12-05 13:11:43.015 [warning] [Decorations] CAPPING events from decorations provider vscode.git 266
2024-12-05 13:11:48.056 [warning] [Decorations] CAPPING events from decorations provider vscode.git 266
2024-12-05 13:11:55.576 [warning] [Decorations] CAPPING events from decorations provider vscode.git 266
2024-12-05 13:12:00.614 [warning] [Decorations] CAPPING events from decorations provider vscode.git 267
2024-12-05 13:12:05.654 [warning] [Decorations] CAPPING events from decorations provider vscode.git 267
2024-12-05 13:12:10.702 [warning] [Decorations] CAPPING events from decorations provider vscode.git 267
2024-12-05 13:12:15.730 [warning] [Decorations] CAPPING events from decorations provider vscode.git 267
2024-12-05 13:12:20.772 [warning] [Decorations] CAPPING events from decorations provider vscode.git 267
2024-12-05 13:12:25.814 [warning] [Decorations] CAPPING events from decorations provider vscode.git 267
2024-12-05 13:12:30.862 [warning] [Decorations] CAPPING events from decorations provider vscode.git 267
2024-12-05 13:12:35.917 [warning] [Decorations] CAPPING events from decorations provider vscode.git 267
2024-12-05 13:12:40.955 [warning] [Decorations] CAPPING events from decorations provider vscode.git 267
2024-12-05 13:12:45.994 [warning] [Decorations] CAPPING events from decorations provider vscode.git 267
2024-12-05 13:12:51.038 [warning] [Decorations] CAPPING events from decorations provider vscode.git 267
2024-12-05 13:12:56.081 [warning] [Decorations] CAPPING events from decorations provider vscode.git 267
2024-12-05 13:13:01.127 [warning] [Decorations] CAPPING events from decorations provider vscode.git 267
2024-12-05 13:13:06.172 [warning] [Decorations] CAPPING events from decorations provider vscode.git 267
2024-12-05 13:13:11.208 [warning] [Decorations] CAPPING events from decorations provider vscode.git 267
2024-12-05 13:13:16.246 [warning] [Decorations] CAPPING events from decorations provider vscode.git 267
2024-12-05 13:13:21.284 [warning] [Decorations] CAPPING events from decorations provider vscode.git 268
2024-12-05 13:13:26.324 [warning] [Decorations] CAPPING events from decorations provider vscode.git 267
2024-12-05 13:13:31.349 [warning] [Decorations] CAPPING events from decorations provider vscode.git 267
2024-12-05 13:13:36.393 [warning] [Decorations] CAPPING events from decorations provider vscode.git 267
2024-12-05 13:13:41.438 [warning] [Decorations] CAPPING events from decorations provider vscode.git 268
2024-12-05 13:13:46.481 [warning] [Decorations] CAPPING events from decorations provider vscode.git 268
2024-12-05 13:13:51.520 [warning] [Decorations] CAPPING events from decorations provider vscode.git 268
2024-12-05 13:13:56.564 [warning] [Decorations] CAPPING events from decorations provider vscode.git 268
2024-12-05 13:14:01.604 [warning] [Decorations] CAPPING events from decorations provider vscode.git 268
2024-12-05 13:14:06.650 [warning] [Decorations] CAPPING events from decorations provider vscode.git 268
2024-12-05 13:14:11.680 [warning] [Decorations] CAPPING events from decorations provider vscode.git 268
2024-12-05 13:14:16.720 [warning] [Decorations] CAPPING events from decorations provider vscode.git 268
2024-12-05 13:14:21.761 [warning] [Decorations] CAPPING events from decorations provider vscode.git 268
2024-12-05 13:14:26.801 [warning] [Decorations] CAPPING events from decorations provider vscode.git 269
2024-12-05 13:14:31.846 [warning] [Decorations] CAPPING events from decorations provider vscode.git 268
2024-12-05 13:14:36.897 [warning] [Decorations] CAPPING events from decorations provider vscode.git 268
2024-12-05 13:14:41.942 [warning] [Decorations] CAPPING events from decorations provider vscode.git 268
2024-12-05 13:14:46.984 [warning] [Decorations] CAPPING events from decorations provider vscode.git 268
2024-12-05 13:14:52.024 [warning] [Decorations] CAPPING events from decorations provider vscode.git 268
2024-12-05 13:14:57.068 [warning] [Decorations] CAPPING events from decorations provider vscode.git 268
2024-12-05 13:15:02.112 [warning] [Decorations] CAPPING events from decorations provider vscode.git 268
2024-12-05 13:15:07.153 [warning] [Decorations] CAPPING events from decorations provider vscode.git 268
2024-12-05 13:15:12.194 [warning] [Decorations] CAPPING events from decorations provider vscode.git 268
2024-12-05 13:15:17.234 [warning] [Decorations] CAPPING events from decorations provider vscode.git 268
2024-12-05 13:20:01.953 [warning] [Decorations] CAPPING events from decorations provider vscode.git 268
2024-12-05 13:20:06.997 [warning] [Decorations] CAPPING events from decorations provider vscode.git 268
2024-12-05 13:20:12.038 [warning] [Decorations] CAPPING events from decorations provider vscode.git 268
2024-12-05 13:20:17.084 [warning] [Decorations] CAPPING events from decorations provider vscode.git 268
2024-12-05 13:20:22.133 [warning] [Decorations] CAPPING events from decorations provider vscode.git 268
2024-12-05 13:20:27.174 [warning] [Decorations] CAPPING events from decorations provider vscode.git 268
2024-12-05 13:20:32.214 [warning] [Decorations] CAPPING events from decorations provider vscode.git 268
2024-12-05 13:20:37.259 [warning] [Decorations] CAPPING events from decorations provider vscode.git 268
2024-12-05 13:20:42.299 [warning] [Decorations] CAPPING events from decorations provider vscode.git 268
2024-12-05 13:31:17.312 [warning] [Decorations] CAPPING events from decorations provider vscode.git 269
2024-12-05 13:31:22.355 [warning] [Decorations] CAPPING events from decorations provider vscode.git 269
2024-12-05 13:31:27.398 [warning] [Decorations] CAPPING events from decorations provider vscode.git 270
2024-12-05 13:31:32.443 [warning] [Decorations] CAPPING events from decorations provider vscode.git 270
2024-12-05 13:31:37.490 [warning] [Decorations] CAPPING events from decorations provider vscode.git 270
2024-12-05 13:31:42.535 [warning] [Decorations] CAPPING events from decorations provider vscode.git 270
2024-12-05 13:31:47.573 [warning] [Decorations] CAPPING events from decorations provider vscode.git 270
2024-12-05 13:31:52.768 [warning] [Decorations] CAPPING events from decorations provider vscode.git 270
2024-12-05 13:31:57.805 [warning] [Decorations] CAPPING events from decorations provider vscode.git 270
2024-12-05 13:32:02.847 [warning] [Decorations] CAPPING events from decorations provider vscode.git 270
2024-12-05 13:32:07.893 [warning] [Decorations] CAPPING events from decorations provider vscode.git 270
2024-12-05 13:32:12.939 [warning] [Decorations] CAPPING events from decorations provider vscode.git 271
2024-12-05 13:32:17.983 [warning] [Decorations] CAPPING events from decorations provider vscode.git 270
2024-12-05 13:32:23.024 [warning] [Decorations] CAPPING events from decorations provider vscode.git 270
2024-12-05 13:32:28.070 [warning] [Decorations] CAPPING events from decorations provider vscode.git 270
2024-12-05 13:32:33.116 [warning] [Decorations] CAPPING events from decorations provider vscode.git 271
2024-12-05 13:32:38.164 [warning] [Decorations] CAPPING events from decorations provider vscode.git 271
2024-12-05 13:33:03.051 [warning] [Decorations] CAPPING events from decorations provider vscode.git 271
2024-12-05 13:33:08.095 [warning] [Decorations] CAPPING events from decorations provider vscode.git 271
2024-12-05 13:33:16.917 [warning] [Decorations] CAPPING events from decorations provider vscode.git 271
2024-12-05 13:33:21.971 [warning] [Decorations] CAPPING events from decorations provider vscode.git 271
2024-12-05 13:33:27.013 [warning] [Decorations] CAPPING events from decorations provider vscode.git 272
2024-12-05 13:33:38.947 [warning] [Decorations] CAPPING events from decorations provider vscode.git 271
2024-12-05 13:34:51.518 [warning] [Decorations] CAPPING events from decorations provider vscode.git 271
2024-12-05 13:34:56.562 [warning] [Decorations] CAPPING events from decorations provider vscode.git 271
2024-12-05 13:35:04.886 [warning] [Decorations] CAPPING events from decorations provider vscode.git 271
2024-12-05 13:40:55.548 [warning] [Decorations] CAPPING events from decorations provider vscode.git 271
2024-12-05 13:41:00.587 [warning] [Decorations] CAPPING events from decorations provider vscode.git 271
2024-12-05 13:41:05.624 [warning] [Decorations] CAPPING events from decorations provider vscode.git 271
2024-12-05 13:41:10.667 [warning] [Decorations] CAPPING events from decorations provider vscode.git 287
2024-12-05 13:41:15.708 [warning] [Decorations] CAPPING events from decorations provider vscode.git 305
2024-12-05 13:41:20.750 [warning] [Decorations] CAPPING events from decorations provider vscode.git 306
2024-12-05 13:41:21.492 [info] ExtensionService#_doActivateExtension vscode.typescript-language-features, startup: false, activationEvent: 'onLanguage:jsonc'
2024-12-05 13:41:25.789 [warning] [Decorations] CAPPING events from decorations provider vscode.git 306
2024-12-05 13:41:30.830 [warning] [Decorations] CAPPING events from decorations provider vscode.git 306
2024-12-05 13:41:35.875 [warning] [Decorations] CAPPING events from decorations provider vscode.git 306
2024-12-05 13:41:40.968 [warning] [Decorations] CAPPING events from decorations provider vscode.git 306
2024-12-05 13:42:17.686 [warning] [Decorations] CAPPING events from decorations provider vscode.git 306
2024-12-05 13:42:39.049 [warning] [Decorations] CAPPING events from decorations provider vscode.git 306
2024-12-05 13:42:44.087 [warning] [Decorations] CAPPING events from decorations provider vscode.git 306
2024-12-05 13:42:49.128 [warning] [Decorations] CAPPING events from decorations provider vscode.git 306
