2024-12-05 20:13:20.677 [info] [main] Log level: Info
2024-12-05 20:13:20.677 [info] [main] Validating found git in: "git"
2024-12-05 20:13:20.677 [info] [main] Using git "2.47.1" from "git"
2024-12-05 20:13:20.677 [info] [Model][doInitialScan] Initial repository scan started
2024-12-05 20:13:20.677 [info] > git rev-parse --show-toplevel [13ms]
2024-12-05 20:13:20.677 [info] > git rev-parse --git-dir --git-common-dir [3ms]
2024-12-05 20:13:20.677 [info] [Model][openRepository] Opened repository: /home/bean1134/dotfiles
2024-12-05 20:13:20.708 [info] > git rev-parse --show-toplevel [15ms]
2024-12-05 20:13:20.709 [info] > git config --get commit.template [25ms]
2024-12-05 20:13:20.732 [info] > git rev-parse --show-toplevel [14ms]
2024-12-05 20:13:20.740 [info] > git for-each-ref --format=%(refname)%00%(upstream:short)%00%(objectname)%00%(upstream:track)%00%(upstream:remotename)%00%(upstream:remoteref) refs/heads/main refs/remotes/main [14ms]
2024-12-05 20:13:20.742 [info] > git rev-parse --show-toplevel [3ms]
2024-12-05 20:13:20.774 [info] > git rev-parse --show-toplevel [19ms]
2024-12-05 20:13:20.775 [info] [Model][doInitialScan] Initial repository scan completed - repositories (1), closed repositories (0), parent repositories (0), unsafe repositories (0)
2024-12-05 20:13:20.777 [info] > git for-each-ref --sort -committerdate --format %(refname) %(objectname) %(*objectname) [7ms]
2024-12-05 20:13:20.799 [info] > git status -z -uall [36ms]
2024-12-05 20:13:20.843 [info] > git for-each-ref --format=%(refname)%00%(upstream:short)%00%(objectname)%00%(upstream:track)%00%(upstream:remotename)%00%(upstream:remoteref) refs/heads/main refs/remotes/main [19ms]
2024-12-05 20:13:20.853 [info] > git config --local branch.main.vscode-merge-base [3ms]
2024-12-05 20:13:20.853 [warning] [Git][config] git config failed: Failed to execute git
2024-12-05 20:13:20.861 [info] > git config --get commit.template [19ms]
2024-12-05 20:13:20.866 [info] > git reflog main --grep-reflog=branch: Created from *. [6ms]
2024-12-05 20:13:20.925 [info] > git for-each-ref --format=%(refname)%00%(upstream:short)%00%(objectname)%00%(upstream:track)%00%(upstream:remotename)%00%(upstream:remoteref) refs/heads/main refs/remotes/main [47ms]
2024-12-05 20:13:20.925 [info] > git symbolic-ref --short refs/remotes/origin/HEAD [52ms]
2024-12-05 20:13:20.925 [info] fatal: ref refs/remotes/origin/HEAD is not a symbolic ref
2024-12-05 20:13:20.925 [warning] [Repository][getDefaultBranch] Failed to get default branch details: Failed to execute git.
2024-12-05 20:13:20.993 [info] > git merge-base refs/heads/main refs/remotes/origin/main [60ms]
2024-12-05 20:13:21.003 [info] > git diff --name-status -z --diff-filter=ADMR 85e5293d01d0ee63fcb3b44f6fdb47f39a7a23ee...refs/remotes/origin/main [3ms]
2024-12-05 20:13:21.048 [info] > git show --textconv :README.md [12ms]
2024-12-05 20:13:21.050 [info] > git for-each-ref --sort -committerdate --format %(refname) %(objectname) %(*objectname) [26ms]
2024-12-05 20:13:21.052 [info] > git status -z -uall [41ms]
2024-12-05 20:13:21.065 [info] > git ls-files --stage -- /home/bean1134/dotfiles/README.md [19ms]
2024-12-05 20:13:21.228 [info] > git check-ignore -v -z --stdin [6ms]
2024-12-05 20:13:22.853 [info] > git config --get commit.template [9ms]
2024-12-05 20:13:22.854 [info] > git for-each-ref --format=%(refname)%00%(upstream:short)%00%(objectname)%00%(upstream:track)%00%(upstream:remotename)%00%(upstream:remoteref) refs/heads/main refs/remotes/main [2ms]
2024-12-05 20:13:22.869 [info] > git for-each-ref --sort -committerdate --format %(refname) %(objectname) %(*objectname) [2ms]
2024-12-05 20:13:22.886 [info] > git status -z -uall [27ms]
2024-12-05 20:13:27.916 [info] > git config --get commit.template [9ms]
2024-12-05 20:13:27.919 [info] > git for-each-ref --format=%(refname)%00%(upstream:short)%00%(objectname)%00%(upstream:track)%00%(upstream:remotename)%00%(upstream:remoteref) refs/heads/main refs/remotes/main [3ms]
2024-12-05 20:13:27.937 [info] > git for-each-ref --sort -committerdate --format %(refname) %(objectname) %(*objectname) [2ms]
2024-12-05 20:13:27.954 [info] > git status -z -uall [25ms]
2024-12-05 20:13:32.980 [info] > git config --get commit.template [10ms]
2024-12-05 20:13:32.981 [info] > git for-each-ref --format=%(refname)%00%(upstream:short)%00%(objectname)%00%(upstream:track)%00%(upstream:remotename)%00%(upstream:remoteref) refs/heads/main refs/remotes/main [2ms]
2024-12-05 20:13:32.998 [info] > git for-each-ref --sort -committerdate --format %(refname) %(objectname) %(*objectname) [2ms]
2024-12-05 20:13:33.017 [info] > git status -z -uall [28ms]
2024-12-05 20:13:38.044 [info] > git config --get commit.template [8ms]
2024-12-05 20:13:38.045 [info] > git for-each-ref --format=%(refname)%00%(upstream:short)%00%(objectname)%00%(upstream:track)%00%(upstream:remotename)%00%(upstream:remoteref) refs/heads/main refs/remotes/main [2ms]
2024-12-05 20:13:38.062 [info] > git for-each-ref --sort -committerdate --format %(refname) %(objectname) %(*objectname) [1ms]
2024-12-05 20:13:38.079 [info] > git status -z -uall [26ms]
2024-12-05 20:13:43.105 [info] > git config --get commit.template [10ms]
2024-12-05 20:13:43.106 [info] > git for-each-ref --format=%(refname)%00%(upstream:short)%00%(objectname)%00%(upstream:track)%00%(upstream:remotename)%00%(upstream:remoteref) refs/heads/main refs/remotes/main [2ms]
2024-12-05 20:13:43.120 [info] > git for-each-ref --sort -committerdate --format %(refname) %(objectname) %(*objectname) [2ms]
2024-12-05 20:13:43.137 [info] > git status -z -uall [24ms]
2024-12-05 20:13:47.629 [info] > git show --textconv :README.md [10ms]
2024-12-05 20:13:47.631 [info] > git ls-files --stage -- /home/bean1134/dotfiles/README.md [3ms]
2024-12-05 20:13:48.167 [info] > git config --get commit.template [10ms]
2024-12-05 20:13:48.168 [info] > git for-each-ref --format=%(refname)%00%(upstream:short)%00%(objectname)%00%(upstream:track)%00%(upstream:remotename)%00%(upstream:remoteref) refs/heads/main refs/remotes/main [2ms]
2024-12-05 20:13:48.186 [info] > git for-each-ref --sort -committerdate --format %(refname) %(objectname) %(*objectname) [1ms]
2024-12-05 20:13:48.205 [info] > git status -z -uall [30ms]
2024-12-05 20:13:53.240 [info] > git config --get commit.template [11ms]
2024-12-05 20:13:53.241 [info] > git for-each-ref --format=%(refname)%00%(upstream:short)%00%(objectname)%00%(upstream:track)%00%(upstream:remotename)%00%(upstream:remoteref) refs/heads/main refs/remotes/main [3ms]
2024-12-05 20:13:53.257 [info] > git for-each-ref --sort -committerdate --format %(refname) %(objectname) %(*objectname) [1ms]
2024-12-05 20:13:53.275 [info] > git status -z -uall [26ms]
2024-12-05 20:13:58.298 [info] > git config --get commit.template [3ms]
2024-12-05 20:13:58.310 [info] > git for-each-ref --format=%(refname)%00%(upstream:short)%00%(objectname)%00%(upstream:track)%00%(upstream:remotename)%00%(upstream:remoteref) refs/heads/main refs/remotes/main [3ms]
2024-12-05 20:13:58.327 [info] > git for-each-ref --sort -committerdate --format %(refname) %(objectname) %(*objectname) [1ms]
2024-12-05 20:13:58.349 [info] > git status -z -uall [30ms]
2024-12-05 20:14:03.377 [info] > git config --get commit.template [10ms]
2024-12-05 20:14:03.379 [info] > git for-each-ref --format=%(refname)%00%(upstream:short)%00%(objectname)%00%(upstream:track)%00%(upstream:remotename)%00%(upstream:remoteref) refs/heads/main refs/remotes/main [3ms]
2024-12-05 20:14:03.396 [info] > git for-each-ref --sort -committerdate --format %(refname) %(objectname) %(*objectname) [2ms]
2024-12-05 20:14:03.414 [info] > git status -z -uall [27ms]
2024-12-05 20:14:08.439 [info] > git config --get commit.template [11ms]
2024-12-05 20:14:08.441 [info] > git for-each-ref --format=%(refname)%00%(upstream:short)%00%(objectname)%00%(upstream:track)%00%(upstream:remotename)%00%(upstream:remoteref) refs/heads/main refs/remotes/main [3ms]
2024-12-05 20:14:08.460 [info] > git for-each-ref --sort -committerdate --format %(refname) %(objectname) %(*objectname) [2ms]
2024-12-05 20:14:08.484 [info] > git status -z -uall [33ms]
2024-12-05 20:14:13.511 [info] > git config --get commit.template [10ms]
2024-12-05 20:14:13.512 [info] > git for-each-ref --format=%(refname)%00%(upstream:short)%00%(objectname)%00%(upstream:track)%00%(upstream:remotename)%00%(upstream:remoteref) refs/heads/main refs/remotes/main [2ms]
2024-12-05 20:14:13.526 [info] > git for-each-ref --sort -committerdate --format %(refname) %(objectname) %(*objectname) [1ms]
2024-12-05 20:14:13.543 [info] > git status -z -uall [24ms]
2024-12-05 20:14:18.573 [info] > git config --get commit.template [12ms]
2024-12-05 20:14:18.575 [info] > git for-each-ref --format=%(refname)%00%(upstream:short)%00%(objectname)%00%(upstream:track)%00%(upstream:remotename)%00%(upstream:remoteref) refs/heads/main refs/remotes/main [4ms]
2024-12-05 20:14:18.588 [info] > git for-each-ref --sort -committerdate --format %(refname) %(objectname) %(*objectname) [2ms]
2024-12-05 20:14:18.606 [info] > git status -z -uall [24ms]
2024-12-05 20:14:23.634 [info] > git config --get commit.template [10ms]
2024-12-05 20:14:23.635 [info] > git for-each-ref --format=%(refname)%00%(upstream:short)%00%(objectname)%00%(upstream:track)%00%(upstream:remotename)%00%(upstream:remoteref) refs/heads/main refs/remotes/main [2ms]
2024-12-05 20:14:23.652 [info] > git for-each-ref --sort -committerdate --format %(refname) %(objectname) %(*objectname) [2ms]
2024-12-05 20:14:23.671 [info] > git status -z -uall [28ms]
2024-12-05 20:14:28.700 [info] > git config --get commit.template [10ms]
2024-12-05 20:14:28.702 [info] > git for-each-ref --format=%(refname)%00%(upstream:short)%00%(objectname)%00%(upstream:track)%00%(upstream:remotename)%00%(upstream:remoteref) refs/heads/main refs/remotes/main [3ms]
2024-12-05 20:14:28.717 [info] > git for-each-ref --sort -committerdate --format %(refname) %(objectname) %(*objectname) [2ms]
2024-12-05 20:14:28.735 [info] > git status -z -uall [26ms]
2024-12-05 20:14:33.766 [info] > git config --get commit.template [10ms]
2024-12-05 20:14:33.767 [info] > git for-each-ref --format=%(refname)%00%(upstream:short)%00%(objectname)%00%(upstream:track)%00%(upstream:remotename)%00%(upstream:remoteref) refs/heads/main refs/remotes/main [2ms]
2024-12-05 20:14:33.783 [info] > git for-each-ref --sort -committerdate --format %(refname) %(objectname) %(*objectname) [1ms]
2024-12-05 20:14:33.805 [info] > git status -z -uall [32ms]
2024-12-05 20:14:38.836 [info] > git config --get commit.template [10ms]
2024-12-05 20:14:38.838 [info] > git for-each-ref --format=%(refname)%00%(upstream:short)%00%(objectname)%00%(upstream:track)%00%(upstream:remotename)%00%(upstream:remoteref) refs/heads/main refs/remotes/main [3ms]
2024-12-05 20:14:38.855 [info] > git for-each-ref --sort -committerdate --format %(refname) %(objectname) %(*objectname) [1ms]
2024-12-05 20:14:38.874 [info] > git status -z -uall [27ms]
2024-12-05 20:14:43.898 [info] > git config --get commit.template [10ms]
2024-12-05 20:14:43.900 [info] > git for-each-ref --format=%(refname)%00%(upstream:short)%00%(objectname)%00%(upstream:track)%00%(upstream:remotename)%00%(upstream:remoteref) refs/heads/main refs/remotes/main [3ms]
2024-12-05 20:14:43.918 [info] > git for-each-ref --sort -committerdate --format %(refname) %(objectname) %(*objectname) [1ms]
2024-12-05 20:14:43.935 [info] > git status -z -uall [26ms]
2024-12-05 20:14:48.962 [info] > git config --get commit.template [9ms]
2024-12-05 20:14:48.963 [info] > git for-each-ref --format=%(refname)%00%(upstream:short)%00%(objectname)%00%(upstream:track)%00%(upstream:remotename)%00%(upstream:remoteref) refs/heads/main refs/remotes/main [2ms]
2024-12-05 20:14:48.979 [info] > git for-each-ref --sort -committerdate --format %(refname) %(objectname) %(*objectname) [1ms]
2024-12-05 20:14:48.998 [info] > git status -z -uall [27ms]
2024-12-05 20:14:54.023 [info] > git config --get commit.template [8ms]
2024-12-05 20:14:54.024 [info] > git for-each-ref --format=%(refname)%00%(upstream:short)%00%(objectname)%00%(upstream:track)%00%(upstream:remotename)%00%(upstream:remoteref) refs/heads/main refs/remotes/main [2ms]
2024-12-05 20:14:54.041 [info] > git for-each-ref --sort -committerdate --format %(refname) %(objectname) %(*objectname) [2ms]
2024-12-05 20:14:54.058 [info] > git status -z -uall [26ms]
2024-12-05 20:14:59.084 [info] > git config --get commit.template [9ms]
2024-12-05 20:14:59.086 [info] > git for-each-ref --format=%(refname)%00%(upstream:short)%00%(objectname)%00%(upstream:track)%00%(upstream:remotename)%00%(upstream:remoteref) refs/heads/main refs/remotes/main [2ms]
2024-12-05 20:14:59.101 [info] > git for-each-ref --sort -committerdate --format %(refname) %(objectname) %(*objectname) [2ms]
2024-12-05 20:14:59.118 [info] > git status -z -uall [25ms]
2024-12-05 20:15:04.145 [info] > git config --get commit.template [10ms]
2024-12-05 20:15:04.146 [info] > git for-each-ref --format=%(refname)%00%(upstream:short)%00%(objectname)%00%(upstream:track)%00%(upstream:remotename)%00%(upstream:remoteref) refs/heads/main refs/remotes/main [2ms]
2024-12-05 20:15:04.163 [info] > git for-each-ref --sort -committerdate --format %(refname) %(objectname) %(*objectname) [1ms]
2024-12-05 20:15:04.180 [info] > git status -z -uall [25ms]
2024-12-05 20:15:09.203 [info] > git config --get commit.template [6ms]
2024-12-05 20:15:09.204 [info] > git for-each-ref --format=%(refname)%00%(upstream:short)%00%(objectname)%00%(upstream:track)%00%(upstream:remotename)%00%(upstream:remoteref) refs/heads/main refs/remotes/main [2ms]
2024-12-05 20:15:09.219 [info] > git for-each-ref --sort -committerdate --format %(refname) %(objectname) %(*objectname) [1ms]
2024-12-05 20:15:09.236 [info] > git status -z -uall [26ms]
2024-12-05 20:15:14.262 [info] > git config --get commit.template [11ms]
2024-12-05 20:15:14.264 [info] > git for-each-ref --format=%(refname)%00%(upstream:short)%00%(objectname)%00%(upstream:track)%00%(upstream:remotename)%00%(upstream:remoteref) refs/heads/main refs/remotes/main [3ms]
2024-12-05 20:15:14.281 [info] > git for-each-ref --sort -committerdate --format %(refname) %(objectname) %(*objectname) [1ms]
2024-12-05 20:15:14.301 [info] > git status -z -uall [28ms]
2024-12-05 20:15:19.328 [info] > git config --get commit.template [9ms]
2024-12-05 20:15:19.329 [info] > git for-each-ref --format=%(refname)%00%(upstream:short)%00%(objectname)%00%(upstream:track)%00%(upstream:remotename)%00%(upstream:remoteref) refs/heads/main refs/remotes/main [2ms]
2024-12-05 20:15:19.343 [info] > git for-each-ref --sort -committerdate --format %(refname) %(objectname) %(*objectname) [2ms]
2024-12-05 20:15:19.360 [info] > git status -z -uall [26ms]
2024-12-05 20:15:24.386 [info] > git config --get commit.template [8ms]
2024-12-05 20:15:24.388 [info] > git for-each-ref --format=%(refname)%00%(upstream:short)%00%(objectname)%00%(upstream:track)%00%(upstream:remotename)%00%(upstream:remoteref) refs/heads/main refs/remotes/main [3ms]
2024-12-05 20:15:24.406 [info] > git for-each-ref --sort -committerdate --format %(refname) %(objectname) %(*objectname) [2ms]
2024-12-05 20:15:24.425 [info] > git status -z -uall [27ms]
