2024-12-05 14:45:51.141 [info] [main] Log level: Info
2024-12-05 14:45:51.141 [info] [main] Validating found git in: "git"
2024-12-05 14:45:51.141 [info] [main] Using git "2.47.1" from "git"
2024-12-05 14:45:51.141 [info] [Model][doInitialScan] Initial repository scan started
2024-12-05 14:45:51.141 [info] > git rev-parse --show-toplevel [3ms]
2024-12-05 14:45:51.141 [info] > git rev-parse --git-dir --git-common-dir [3ms]
2024-12-05 14:45:51.141 [info] [Model][openRepository] Opened repository: /home/bean1134/dotfiles
2024-12-05 14:45:51.141 [info] > git rev-parse --show-toplevel [27ms]
2024-12-05 14:45:51.141 [info] > git config --get commit.template [33ms]
2024-12-05 14:45:51.160 [info] > git rev-parse --show-toplevel [12ms]
2024-12-05 14:45:51.167 [info] > git for-each-ref --format=%(refname)%00%(upstream:short)%00%(objectname)%00%(upstream:track)%00%(upstream:remotename)%00%(upstream:remoteref) refs/heads/main refs/remotes/main [9ms]
2024-12-05 14:45:51.169 [info] > git rev-parse --show-toplevel [3ms]
2024-12-05 14:45:51.185 [info] > git rev-parse --show-toplevel [4ms]
2024-12-05 14:45:51.214 [info] > git rev-parse --show-toplevel [7ms]
2024-12-05 14:45:51.214 [info] [Model][doInitialScan] Initial repository scan completed - repositories (1), closed repositories (0), parent repositories (0), unsafe repositories (0)
2024-12-05 14:45:51.214 [info] > git for-each-ref --sort -committerdate --format %(refname) %(objectname) %(*objectname) [15ms]
2024-12-05 14:45:51.223 [info] > git status -z -uall [30ms]
2024-12-05 14:45:51.249 [info] > git for-each-ref --format=%(refname)%00%(upstream:short)%00%(objectname)%00%(upstream:track)%00%(upstream:remotename)%00%(upstream:remoteref) refs/heads/main refs/remotes/main [11ms]
2024-12-05 14:45:51.263 [info] > git config --local branch.main.vscode-merge-base [3ms]
2024-12-05 14:45:51.263 [warning] [Git][config] git config failed: Failed to execute git
2024-12-05 14:45:51.273 [info] > git config --get commit.template [25ms]
2024-12-05 14:45:51.275 [info] > git reflog main --grep-reflog=branch: Created from *. [3ms]
2024-12-05 14:45:51.341 [info] > git symbolic-ref --short refs/remotes/origin/HEAD [59ms]
2024-12-05 14:45:51.341 [info] fatal: ref refs/remotes/origin/HEAD is not a symbolic ref
2024-12-05 14:45:51.341 [warning] [Repository][getDefaultBranch] Failed to get default branch details: Failed to execute git.
2024-12-05 14:45:51.381 [info] > git merge-base refs/heads/main refs/remotes/origin/main [31ms]
2024-12-05 14:45:51.395 [info] > git for-each-ref --format=%(refname)%00%(upstream:short)%00%(objectname)%00%(upstream:track)%00%(upstream:remotename)%00%(upstream:remoteref) refs/heads/main refs/remotes/main [54ms]
2024-12-05 14:45:51.398 [info] > git diff --name-status -z --diff-filter=ADMR 85e5293d01d0ee63fcb3b44f6fdb47f39a7a23ee...refs/remotes/origin/main [4ms]
2024-12-05 14:45:51.422 [info] > git for-each-ref --sort -committerdate --format %(refname) %(objectname) %(*objectname) [9ms]
2024-12-05 14:45:51.427 [info] > git status -z -uall [22ms]
2024-12-05 14:45:51.648 [info] > git check-ignore -v -z --stdin [2ms]
2024-12-05 14:45:51.791 [info] > git show --textconv :.config/sway/config [6ms]
2024-12-05 14:45:51.792 [info] > git ls-files --stage -- /home/bean1134/dotfiles/.config/sway/config [1ms]
2024-12-05 14:45:51.799 [info] > git cat-file -s ecda165d67d238333682847d52e28716081c41e1 [1ms]
2024-12-05 14:45:53.938 [info] > git config --get commit.template [0ms]
2024-12-05 14:45:53.943 [info] > git for-each-ref --format=%(refname)%00%(upstream:short)%00%(objectname)%00%(upstream:track)%00%(upstream:remotename)%00%(upstream:remoteref) refs/heads/main refs/remotes/main [1ms]
2024-12-05 14:45:53.954 [info] > git for-each-ref --sort -committerdate --format %(refname) %(objectname) %(*objectname) [2ms]
2024-12-05 14:45:53.961 [info] > git status -z -uall [14ms]
2024-12-05 14:46:03.902 [info] > git config --get commit.template [5ms]
2024-12-05 14:46:03.903 [info] > git for-each-ref --format=%(refname)%00%(upstream:short)%00%(objectname)%00%(upstream:track)%00%(upstream:remotename)%00%(upstream:remoteref) refs/heads/main refs/remotes/main [1ms]
2024-12-05 14:46:03.916 [info] > git for-each-ref --sort -committerdate --format %(refname) %(objectname) %(*objectname) [1ms]
2024-12-05 14:46:03.924 [info] > git status -z -uall [15ms]
2024-12-05 14:46:08.945 [info] > git config --get commit.template [7ms]
2024-12-05 14:46:08.946 [info] > git for-each-ref --format=%(refname)%00%(upstream:short)%00%(objectname)%00%(upstream:track)%00%(upstream:remotename)%00%(upstream:remoteref) refs/heads/main refs/remotes/main [1ms]
2024-12-05 14:46:08.957 [info] > git for-each-ref --sort -committerdate --format %(refname) %(objectname) %(*objectname) [1ms]
2024-12-05 14:46:08.964 [info] > git status -z -uall [12ms]
2024-12-05 14:46:10.935 [info] > git show --textconv :.config/waybar/config [7ms]
2024-12-05 14:46:10.936 [info] > git ls-files --stage -- /home/bean1134/dotfiles/.config/waybar/config [1ms]
2024-12-05 14:46:10.942 [info] > git cat-file -s 12349fc4e1908ce229b6e7f2547c698476562b2e [1ms]
2024-12-05 14:46:13.984 [info] > git config --get commit.template [8ms]
2024-12-05 14:46:13.984 [info] > git for-each-ref --format=%(refname)%00%(upstream:short)%00%(objectname)%00%(upstream:track)%00%(upstream:remotename)%00%(upstream:remoteref) refs/heads/main refs/remotes/main [1ms]
2024-12-05 14:46:13.996 [info] > git for-each-ref --sort -committerdate --format %(refname) %(objectname) %(*objectname) [1ms]
2024-12-05 14:46:14.004 [info] > git status -z -uall [14ms]
2024-12-05 14:46:19.020 [info] > git config --get commit.template [5ms]
2024-12-05 14:46:19.021 [info] > git for-each-ref --format=%(refname)%00%(upstream:short)%00%(objectname)%00%(upstream:track)%00%(upstream:remotename)%00%(upstream:remoteref) refs/heads/main refs/remotes/main [2ms]
2024-12-05 14:46:19.034 [info] > git for-each-ref --sort -committerdate --format %(refname) %(objectname) %(*objectname) [2ms]
2024-12-05 14:46:19.043 [info] > git status -z -uall [14ms]
2024-12-05 14:46:24.066 [info] > git config --get commit.template [8ms]
2024-12-05 14:46:24.066 [info] > git for-each-ref --format=%(refname)%00%(upstream:short)%00%(objectname)%00%(upstream:track)%00%(upstream:remotename)%00%(upstream:remoteref) refs/heads/main refs/remotes/main [2ms]
2024-12-05 14:46:24.078 [info] > git for-each-ref --sort -committerdate --format %(refname) %(objectname) %(*objectname) [1ms]
2024-12-05 14:46:24.086 [info] > git status -z -uall [14ms]
2024-12-05 14:46:43.413 [info] > git config --get commit.template [8ms]
2024-12-05 14:46:43.414 [info] > git for-each-ref --format=%(refname)%00%(upstream:short)%00%(objectname)%00%(upstream:track)%00%(upstream:remotename)%00%(upstream:remoteref) refs/heads/main refs/remotes/main [2ms]
2024-12-05 14:46:43.427 [info] > git for-each-ref --sort -committerdate --format %(refname) %(objectname) %(*objectname) [2ms]
2024-12-05 14:46:43.434 [info] > git status -z -uall [15ms]
2024-12-05 15:21:42.123 [info] > git config --get commit.template [13ms]
2024-12-05 15:21:42.124 [info] > git for-each-ref --format=%(refname)%00%(upstream:short)%00%(objectname)%00%(upstream:track)%00%(upstream:remotename)%00%(upstream:remoteref) refs/heads/main refs/remotes/main [2ms]
2024-12-05 15:21:42.137 [info] > git for-each-ref --sort -committerdate --format %(refname) %(objectname) %(*objectname) [1ms]
2024-12-05 15:21:42.146 [info] > git status -z -uall [15ms]
2024-12-05 15:21:47.164 [info] > git config --get commit.template [5ms]
2024-12-05 15:21:47.164 [info] > git for-each-ref --format=%(refname)%00%(upstream:short)%00%(objectname)%00%(upstream:track)%00%(upstream:remotename)%00%(upstream:remoteref) refs/heads/main refs/remotes/main [1ms]
2024-12-05 15:21:47.176 [info] > git for-each-ref --sort -committerdate --format %(refname) %(objectname) %(*objectname) [1ms]
2024-12-05 15:21:47.183 [info] > git status -z -uall [12ms]
2024-12-05 15:21:51.236 [info] > git log --format=%H%n%aN%n%aE%n%at%n%ct%n%P%n%D%n%B -z --shortstat --diff-merges=first-parent -n50 --skip=0 --topo-order --decorate=full --stdin [14ms]
2024-12-05 15:21:51.873 [info] > git check-ignore -v -z --stdin [1ms]
2024-12-05 15:21:52.636 [info] > git config --get commit.template [7ms]
2024-12-05 15:21:52.637 [info] > git for-each-ref --format=%(refname)%00%(upstream:short)%00%(objectname)%00%(upstream:track)%00%(upstream:remotename)%00%(upstream:remoteref) refs/heads/main refs/remotes/main [2ms]
2024-12-05 15:21:52.650 [info] > git for-each-ref --sort -committerdate --format %(refname) %(objectname) %(*objectname) [1ms]
2024-12-05 15:21:52.657 [info] > git status -z -uall [14ms]
2024-12-05 15:21:54.471 [info] > git check-ignore -v -z --stdin [2ms]
2024-12-05 15:21:55.159 [info] > git check-ignore -v -z --stdin [2ms]
2024-12-05 15:21:57.680 [info] > git config --get commit.template [9ms]
2024-12-05 15:21:57.680 [info] > git for-each-ref --format=%(refname)%00%(upstream:short)%00%(objectname)%00%(upstream:track)%00%(upstream:remotename)%00%(upstream:remoteref) refs/heads/main refs/remotes/main [1ms]
2024-12-05 15:21:57.694 [info] > git for-each-ref --sort -committerdate --format %(refname) %(objectname) %(*objectname) [1ms]
2024-12-05 15:21:57.700 [info] > git status -z -uall [14ms]
2024-12-05 15:22:03.654 [info] > git config --get commit.template [6ms]
2024-12-05 15:22:03.655 [info] > git for-each-ref --format=%(refname)%00%(upstream:short)%00%(objectname)%00%(upstream:track)%00%(upstream:remotename)%00%(upstream:remoteref) refs/heads/main refs/remotes/main [1ms]
2024-12-05 15:22:03.666 [info] > git for-each-ref --sort -committerdate --format %(refname) %(objectname) %(*objectname) [1ms]
2024-12-05 15:22:03.674 [info] > git status -z -uall [14ms]
2024-12-05 15:22:09.513 [info] > git config --get commit.template [8ms]
2024-12-05 15:22:09.514 [info] > git for-each-ref --format=%(refname)%00%(upstream:short)%00%(objectname)%00%(upstream:track)%00%(upstream:remotename)%00%(upstream:remoteref) refs/heads/main refs/remotes/main [2ms]
2024-12-05 15:22:09.524 [info] > git for-each-ref --sort -committerdate --format %(refname) %(objectname) %(*objectname) [1ms]
2024-12-05 15:22:09.532 [info] > git status -z -uall [13ms]
2024-12-05 15:22:14.551 [info] > git config --get commit.template [7ms]
2024-12-05 15:22:14.552 [info] > git for-each-ref --format=%(refname)%00%(upstream:short)%00%(objectname)%00%(upstream:track)%00%(upstream:remotename)%00%(upstream:remoteref) refs/heads/main refs/remotes/main [1ms]
2024-12-05 15:22:14.565 [info] > git for-each-ref --sort -committerdate --format %(refname) %(objectname) %(*objectname) [2ms]
2024-12-05 15:22:14.570 [info] > git status -z -uall [13ms]
2024-12-05 15:23:35.350 [info] > git config --get commit.template [2ms]
2024-12-05 15:23:35.355 [info] > git for-each-ref --format=%(refname)%00%(upstream:short)%00%(objectname)%00%(upstream:track)%00%(upstream:remotename)%00%(upstream:remoteref) refs/heads/main refs/remotes/main [1ms]
2024-12-05 15:23:35.366 [info] > git for-each-ref --sort -committerdate --format %(refname) %(objectname) %(*objectname) [1ms]
2024-12-05 15:23:35.373 [info] > git status -z -uall [13ms]
2024-12-05 15:23:40.394 [info] > git config --get commit.template [8ms]
2024-12-05 15:23:40.395 [info] > git for-each-ref --format=%(refname)%00%(upstream:short)%00%(objectname)%00%(upstream:track)%00%(upstream:remotename)%00%(upstream:remoteref) refs/heads/main refs/remotes/main [1ms]
2024-12-05 15:23:40.405 [info] > git for-each-ref --sort -committerdate --format %(refname) %(objectname) %(*objectname) [1ms]
2024-12-05 15:23:40.413 [info] > git status -z -uall [12ms]
2024-12-05 15:23:45.432 [info] > git config --get commit.template [7ms]
2024-12-05 15:23:45.434 [info] > git for-each-ref --format=%(refname)%00%(upstream:short)%00%(objectname)%00%(upstream:track)%00%(upstream:remotename)%00%(upstream:remoteref) refs/heads/main refs/remotes/main [3ms]
2024-12-05 15:23:45.447 [info] > git for-each-ref --sort -committerdate --format %(refname) %(objectname) %(*objectname) [1ms]
2024-12-05 15:23:45.456 [info] > git status -z -uall [16ms]
2024-12-05 15:23:50.470 [info] > git config --get commit.template [2ms]
2024-12-05 15:23:50.477 [info] > git for-each-ref --format=%(refname)%00%(upstream:short)%00%(objectname)%00%(upstream:track)%00%(upstream:remotename)%00%(upstream:remoteref) refs/heads/main refs/remotes/main [1ms]
2024-12-05 15:23:50.490 [info] > git for-each-ref --sort -committerdate --format %(refname) %(objectname) %(*objectname) [2ms]
2024-12-05 15:23:50.496 [info] > git status -z -uall [14ms]
2024-12-05 15:23:55.515 [info] > git config --get commit.template [8ms]
2024-12-05 15:23:55.516 [info] > git for-each-ref --format=%(refname)%00%(upstream:short)%00%(objectname)%00%(upstream:track)%00%(upstream:remotename)%00%(upstream:remoteref) refs/heads/main refs/remotes/main [0ms]
2024-12-05 15:23:55.529 [info] > git for-each-ref --sort -committerdate --format %(refname) %(objectname) %(*objectname) [1ms]
2024-12-05 15:23:55.536 [info] > git status -z -uall [15ms]
2024-12-05 15:24:03.318 [info] > git config --get commit.template [6ms]
2024-12-05 15:24:03.318 [info] > git for-each-ref --format=%(refname)%00%(upstream:short)%00%(objectname)%00%(upstream:track)%00%(upstream:remotename)%00%(upstream:remoteref) refs/heads/main refs/remotes/main [1ms]
2024-12-05 15:24:03.328 [info] > git for-each-ref --sort -committerdate --format %(refname) %(objectname) %(*objectname) [1ms]
2024-12-05 15:24:03.335 [info] > git status -z -uall [13ms]
2024-12-05 15:24:13.324 [info] > git config --get commit.template [4ms]
2024-12-05 15:24:13.325 [info] > git for-each-ref --format=%(refname)%00%(upstream:short)%00%(objectname)%00%(upstream:track)%00%(upstream:remotename)%00%(upstream:remoteref) refs/heads/main refs/remotes/main [1ms]
2024-12-05 15:24:13.336 [info] > git for-each-ref --sort -committerdate --format %(refname) %(objectname) %(*objectname) [2ms]
2024-12-05 15:24:13.343 [info] > git status -z -uall [13ms]
2024-12-05 15:24:36.169 [info] > git config --get commit.template [8ms]
2024-12-05 15:24:36.170 [info] > git for-each-ref --format=%(refname)%00%(upstream:short)%00%(objectname)%00%(upstream:track)%00%(upstream:remotename)%00%(upstream:remoteref) refs/heads/main refs/remotes/main [3ms]
2024-12-05 15:24:36.187 [info] > git for-each-ref --sort -committerdate --format %(refname) %(objectname) %(*objectname) [1ms]
2024-12-05 15:24:36.195 [info] > git status -z -uall [18ms]
2024-12-05 15:24:45.119 [info] > git config --get commit.template [3ms]
2024-12-05 15:24:45.130 [info] > git for-each-ref --format=%(refname)%00%(upstream:short)%00%(objectname)%00%(upstream:track)%00%(upstream:remotename)%00%(upstream:remoteref) refs/heads/main refs/remotes/main [1ms]
2024-12-05 15:24:45.143 [info] > git for-each-ref --sort -committerdate --format %(refname) %(objectname) %(*objectname) [1ms]
2024-12-05 15:24:45.148 [info] > git status -z -uall [14ms]
2024-12-05 15:24:56.428 [info] > git rev-parse --show-toplevel [1ms]
2024-12-05 15:24:56.428 [info] fatal: not a git repository (or any parent up to mount point /)
Stopping at filesystem boundary (GIT_DISCOVERY_ACROSS_FILESYSTEM not set).
2024-12-05 15:24:57.954 [info] > git config --get commit.template [7ms]
2024-12-05 15:24:57.954 [info] > git for-each-ref --format=%(refname)%00%(upstream:short)%00%(objectname)%00%(upstream:track)%00%(upstream:remotename)%00%(upstream:remoteref) refs/heads/main refs/remotes/main [1ms]
2024-12-05 15:24:57.967 [info] > git for-each-ref --sort -committerdate --format %(refname) %(objectname) %(*objectname) [1ms]
2024-12-05 15:24:57.974 [info] > git status -z -uall [13ms]
2024-12-05 15:25:08.679 [info] > git config --get commit.template [1ms]
2024-12-05 15:25:08.685 [info] > git for-each-ref --format=%(refname)%00%(upstream:short)%00%(objectname)%00%(upstream:track)%00%(upstream:remotename)%00%(upstream:remoteref) refs/heads/main refs/remotes/main [1ms]
2024-12-05 15:25:08.696 [info] > git for-each-ref --sort -committerdate --format %(refname) %(objectname) %(*objectname) [1ms]
2024-12-05 15:25:08.704 [info] > git status -z -uall [14ms]
2024-12-05 15:25:16.215 [info] > git config --get commit.template [5ms]
2024-12-05 15:25:16.215 [info] > git for-each-ref --format=%(refname)%00%(upstream:short)%00%(objectname)%00%(upstream:track)%00%(upstream:remotename)%00%(upstream:remoteref) refs/heads/main refs/remotes/main [1ms]
2024-12-05 15:25:16.227 [info] > git for-each-ref --sort -committerdate --format %(refname) %(objectname) %(*objectname) [1ms]
2024-12-05 15:25:16.235 [info] > git status -z -uall [14ms]
2024-12-05 15:25:21.257 [info] > git config --get commit.template [7ms]
2024-12-05 15:25:21.258 [info] > git for-each-ref --format=%(refname)%00%(upstream:short)%00%(objectname)%00%(upstream:track)%00%(upstream:remotename)%00%(upstream:remoteref) refs/heads/main refs/remotes/main [3ms]
2024-12-05 15:25:21.273 [info] > git for-each-ref --sort -committerdate --format %(refname) %(objectname) %(*objectname) [1ms]
2024-12-05 15:25:21.281 [info] > git status -z -uall [14ms]
2024-12-05 15:25:37.042 [info] > git config --get commit.template [3ms]
2024-12-05 15:25:37.055 [info] > git for-each-ref --format=%(refname)%00%(upstream:short)%00%(objectname)%00%(upstream:track)%00%(upstream:remotename)%00%(upstream:remoteref) refs/heads/main refs/remotes/main [3ms]
2024-12-05 15:25:37.067 [info] > git for-each-ref --sort -committerdate --format %(refname) %(objectname) %(*objectname) [1ms]
2024-12-05 15:25:37.076 [info] > git status -z -uall [15ms]
2024-12-05 15:26:05.583 [info] > git config --get commit.template [9ms]
2024-12-05 15:26:05.584 [info] > git for-each-ref --format=%(refname)%00%(upstream:short)%00%(objectname)%00%(upstream:track)%00%(upstream:remotename)%00%(upstream:remoteref) refs/heads/main refs/remotes/main [2ms]
2024-12-05 15:26:05.597 [info] > git for-each-ref --sort -committerdate --format %(refname) %(objectname) %(*objectname) [2ms]
2024-12-05 15:26:05.604 [info] > git status -z -uall [14ms]
2024-12-05 15:26:15.534 [info] > git config --get commit.template [9ms]
2024-12-05 15:26:15.535 [info] > git for-each-ref --format=%(refname)%00%(upstream:short)%00%(objectname)%00%(upstream:track)%00%(upstream:remotename)%00%(upstream:remoteref) refs/heads/main refs/remotes/main [2ms]
2024-12-05 15:26:15.547 [info] > git for-each-ref --sort -committerdate --format %(refname) %(objectname) %(*objectname) [1ms]
2024-12-05 15:26:15.554 [info] > git status -z -uall [13ms]
2024-12-05 15:26:54.382 [info] > git config --get commit.template [10ms]
2024-12-05 15:26:54.383 [info] > git for-each-ref --format=%(refname)%00%(upstream:short)%00%(objectname)%00%(upstream:track)%00%(upstream:remotename)%00%(upstream:remoteref) refs/heads/main refs/remotes/main [3ms]
2024-12-05 15:26:54.394 [info] > git for-each-ref --sort -committerdate --format %(refname) %(objectname) %(*objectname) [1ms]
2024-12-05 15:26:54.401 [info] > git status -z -uall [13ms]
2024-12-05 15:29:53.302 [info] > git config --get commit.template [1ms]
2024-12-05 15:29:53.312 [info] > git for-each-ref --format=%(refname)%00%(upstream:short)%00%(objectname)%00%(upstream:track)%00%(upstream:remotename)%00%(upstream:remoteref) refs/heads/main refs/remotes/main [1ms]
2024-12-05 15:29:53.323 [info] > git for-each-ref --sort -committerdate --format %(refname) %(objectname) %(*objectname) [1ms]
2024-12-05 15:29:53.330 [info] > git status -z -uall [13ms]
