2024-12-05 05:45:55.946 [info] [main] Log level: Info
2024-12-05 05:45:55.946 [info] [main] Validating found git in: "git"
2024-12-05 05:45:55.946 [info] [main] Using git "2.47.1" from "git"
2024-12-05 05:45:55.946 [info] [Model][doInitialScan] Initial repository scan started
2024-12-05 05:45:55.946 [info] [Model][doInitialScan] Initial repository scan completed - repositories (0), closed repositories (0), parent repositories (0), unsafe repositories (0)
2024-12-05 05:47:47.887 [info] [main] Log level: Info
2024-12-05 05:47:47.887 [info] [main] Validating found git in: "git"
2024-12-05 05:47:47.887 [info] [main] Using git "2.47.1" from "git"
2024-12-05 05:47:47.887 [info] [Model][doInitialScan] Initial repository scan started
2024-12-05 05:47:47.887 [info] > git rev-parse --show-toplevel [8ms]
2024-12-05 05:47:47.893 [info] > git rev-parse --git-dir --git-common-dir [2ms]
2024-12-05 05:47:47.905 [info] [Model][openRepository] Opened repository: /home/bean1134/dotfiles
2024-12-05 05:47:47.924 [info] > git rev-parse --show-toplevel [4ms]
2024-12-05 05:47:47.926 [info] > git config --get commit.template [11ms]
2024-12-05 05:47:47.943 [info] > git rev-parse --show-toplevel [8ms]
2024-12-05 05:47:47.980 [info] > git for-each-ref --format=%(refname)%00%(upstream:short)%00%(objectname)%00%(upstream:track)%00%(upstream:remotename)%00%(upstream:remoteref) refs/heads/main refs/remotes/main [38ms]
2024-12-05 05:47:48.000 [info] > git rev-parse --show-toplevel [21ms]
2024-12-05 05:47:48.000 [info] [Model][doInitialScan] Initial repository scan completed - repositories (1), closed repositories (0), parent repositories (0), unsafe repositories (0)
2024-12-05 05:47:48.019 [info] > git status -z -uall [10ms]
2024-12-05 05:47:48.022 [info] > git for-each-ref --sort -committerdate --format %(refname) %(objectname) %(*objectname) [5ms]
2024-12-05 05:47:48.061 [info] > git for-each-ref --format=%(refname)%00%(upstream:short)%00%(objectname)%00%(upstream:track)%00%(upstream:remotename)%00%(upstream:remoteref) refs/heads/main refs/remotes/main [18ms]
2024-12-05 05:47:48.075 [info] > git config --local branch.main.vscode-merge-base [6ms]
2024-12-05 05:47:48.075 [warning] [Git][config] git config failed: Failed to execute git
2024-12-05 05:47:48.084 [info] > git config --get commit.template [29ms]
2024-12-05 05:47:48.087 [info] > git reflog main --grep-reflog=branch: Created from *. [3ms]
2024-12-05 05:47:48.134 [info] > git symbolic-ref --short refs/remotes/origin/HEAD [42ms]
2024-12-05 05:47:48.134 [info] fatal: ref refs/remotes/origin/HEAD is not a symbolic ref
2024-12-05 05:47:48.134 [warning] [Repository][getDefaultBranch] Failed to get default branch details: Failed to execute git.
2024-12-05 05:47:48.190 [info] > git merge-base refs/heads/main refs/remotes/origin/main [50ms]
2024-12-05 05:47:48.200 [info] > git for-each-ref --format=%(refname)%00%(upstream:short)%00%(objectname)%00%(upstream:track)%00%(upstream:remotename)%00%(upstream:remoteref) refs/heads/main refs/remotes/main [67ms]
2024-12-05 05:47:48.203 [info] > git diff --name-status -z --diff-filter=ADMR 8e5d096f352da38e5e3d976b2f7f07ca9f07918d...refs/remotes/origin/main [3ms]
2024-12-05 05:47:48.220 [info] > git status -z -uall [9ms]
2024-12-05 05:47:48.222 [info] > git for-each-ref --sort -committerdate --format %(refname) %(objectname) %(*objectname) [5ms]
2024-12-05 05:47:48.441 [info] > git check-ignore -v -z --stdin [3ms]
2024-12-05 05:47:50.193 [info] > git config --get commit.template [6ms]
2024-12-05 05:47:50.195 [info] > git for-each-ref --format=%(refname)%00%(upstream:short)%00%(objectname)%00%(upstream:track)%00%(upstream:remotename)%00%(upstream:remoteref) refs/heads/main refs/remotes/main [2ms]
2024-12-05 05:47:50.210 [info] > git status -z -uall [8ms]
2024-12-05 05:47:50.212 [info] > git for-each-ref --sort -committerdate --format %(refname) %(objectname) %(*objectname) [2ms]
2024-12-05 05:47:55.239 [info] > git config --get commit.template [9ms]
2024-12-05 05:47:55.241 [info] > git for-each-ref --format=%(refname)%00%(upstream:short)%00%(objectname)%00%(upstream:track)%00%(upstream:remotename)%00%(upstream:remoteref) refs/heads/main refs/remotes/main [3ms]
2024-12-05 05:47:55.254 [info] > git status -z -uall [7ms]
2024-12-05 05:47:55.255 [info] > git for-each-ref --sort -committerdate --format %(refname) %(objectname) %(*objectname) [2ms]
2024-12-05 05:48:00.281 [info] > git config --get commit.template [10ms]
2024-12-05 05:48:00.283 [info] > git for-each-ref --format=%(refname)%00%(upstream:short)%00%(objectname)%00%(upstream:track)%00%(upstream:remotename)%00%(upstream:remoteref) refs/heads/main refs/remotes/main [3ms]
2024-12-05 05:48:00.298 [info] > git status -z -uall [7ms]
2024-12-05 05:48:00.300 [info] > git for-each-ref --sort -committerdate --format %(refname) %(objectname) %(*objectname) [3ms]
2024-12-05 05:48:02.241 [info] > git log --format=%H%n%aN%n%aE%n%at%n%ct%n%P%n%D%n%B -z --shortstat --diff-merges=first-parent -n50 --skip=0 --topo-order --decorate=full --stdin [11ms]
2024-12-05 05:48:02.885 [info] > git check-ignore -v -z --stdin [2ms]
2024-12-05 05:48:05.326 [info] > git config --get commit.template [11ms]
2024-12-05 05:48:05.328 [info] > git for-each-ref --format=%(refname)%00%(upstream:short)%00%(objectname)%00%(upstream:track)%00%(upstream:remotename)%00%(upstream:remoteref) refs/heads/main refs/remotes/main [3ms]
2024-12-05 05:48:05.342 [info] > git status -z -uall [7ms]
2024-12-05 05:48:05.344 [info] > git for-each-ref --sort -committerdate --format %(refname) %(objectname) %(*objectname) [2ms]
2024-12-05 05:48:10.374 [info] > git config --get commit.template [10ms]
2024-12-05 05:48:10.376 [info] > git for-each-ref --format=%(refname)%00%(upstream:short)%00%(objectname)%00%(upstream:track)%00%(upstream:remotename)%00%(upstream:remoteref) refs/heads/main refs/remotes/main [2ms]
2024-12-05 05:48:10.389 [info] > git status -z -uall [8ms]
2024-12-05 05:48:10.391 [info] > git for-each-ref --sort -committerdate --format %(refname) %(objectname) %(*objectname) [3ms]
2024-12-05 05:48:11.889 [info] > git diff-tree -r --name-status -z --diff-filter=ADMR 8e5d096f352da38e5e3d976b2f7f07ca9f07918d 9566788918bc7eace4662e1c02e670b6f42e169c [4ms]
2024-12-05 05:48:11.965 [info] > git show --textconv 8e5d096f352da38e5e3d976b2f7f07ca9f07918d:.config/gh/config.yml [47ms]
2024-12-05 05:48:11.965 [info] > git show --textconv 9566788918bc7eace4662e1c02e670b6f42e169c:.config/gh/config.yml [39ms]
2024-12-05 05:48:11.966 [info] > git show --textconv 8e5d096f352da38e5e3d976b2f7f07ca9f07918d:.config/gh/hosts.yml [31ms]
2024-12-05 05:48:11.966 [info] > git show --textconv 9566788918bc7eace4662e1c02e670b6f42e169c:.config/gh/hosts.yml [26ms]
2024-12-05 05:48:11.966 [info] > git ls-tree -l 8e5d096f352da38e5e3d976b2f7f07ca9f07918d -- /home/bean1134/dotfiles/.config/gh/hosts.yml [8ms]
2024-12-05 05:48:11.967 [info] > git ls-tree -l 9566788918bc7eace4662e1c02e670b6f42e169c -- /home/bean1134/dotfiles/.config/gh/config.yml [15ms]
2024-12-05 05:48:11.967 [info] > git ls-tree -l 8e5d096f352da38e5e3d976b2f7f07ca9f07918d -- /home/bean1134/dotfiles/.config/gh/config.yml [20ms]
2024-12-05 05:48:11.970 [info] > git ls-tree -l 9566788918bc7eace4662e1c02e670b6f42e169c -- /home/bean1134/dotfiles/.config/gh/hosts.yml [7ms]
2024-12-05 05:48:12.481 [info] > git check-ignore -v -z --stdin [2ms]
2024-12-05 05:48:15.421 [info] > git config --get commit.template [12ms]
2024-12-05 05:48:15.423 [info] > git for-each-ref --format=%(refname)%00%(upstream:short)%00%(objectname)%00%(upstream:track)%00%(upstream:remotename)%00%(upstream:remoteref) refs/heads/main refs/remotes/main [4ms]
2024-12-05 05:48:15.439 [info] > git status -z -uall [9ms]
2024-12-05 05:48:15.441 [info] > git for-each-ref --sort -committerdate --format %(refname) %(objectname) %(*objectname) [3ms]
2024-12-05 05:48:28.911 [info] > git show --textconv HEAD:.config/dconf/user [10ms]
2024-12-05 05:48:28.914 [info] > git ls-tree -l HEAD -- /home/bean1134/dotfiles/.config/dconf/user [4ms]
2024-12-05 05:48:28.963 [info] > git ls-tree -l HEAD -- /home/bean1134/dotfiles/.config/dconf/user [2ms]
2024-12-05 05:48:29.425 [info] > git check-ignore -v -z --stdin [2ms]
2024-12-05 05:48:33.428 [info] > git config --get commit.template [10ms]
2024-12-05 05:48:33.429 [info] > git for-each-ref --format=%(refname)%00%(upstream:short)%00%(objectname)%00%(upstream:track)%00%(upstream:remotename)%00%(upstream:remoteref) refs/heads/main refs/remotes/main [2ms]
2024-12-05 05:48:33.445 [info] > git status -z -uall [8ms]
2024-12-05 05:48:33.448 [info] > git for-each-ref --sort -committerdate --format %(refname) %(objectname) %(*objectname) [3ms]
2024-12-05 05:48:34.459 [info] > git show --textconv HEAD:.config/sway/config.d/50-rules-pavucontrol.conf [23ms]
2024-12-05 05:48:34.466 [info] > git ls-tree -l HEAD -- /home/bean1134/dotfiles/.config/sway/config.d/50-rules-pavucontrol.conf [9ms]
2024-12-05 05:48:34.969 [info] > git check-ignore -v -z --stdin [2ms]
2024-12-05 05:48:38.473 [info] > git config --get commit.template [10ms]
2024-12-05 05:48:38.475 [info] > git for-each-ref --format=%(refname)%00%(upstream:short)%00%(objectname)%00%(upstream:track)%00%(upstream:remotename)%00%(upstream:remoteref) refs/heads/main refs/remotes/main [2ms]
2024-12-05 05:48:38.490 [info] > git status -z -uall [8ms]
2024-12-05 05:48:38.493 [info] > git for-each-ref --sort -committerdate --format %(refname) %(objectname) %(*objectname) [3ms]
2024-12-05 05:48:40.860 [info] > git check-ignore -v -z --stdin [2ms]
2024-12-05 05:48:42.817 [info] > git show --textconv :.config/sway/config.d/50-rules-pavucontrol.conf [11ms]
2024-12-05 05:48:42.818 [info] > git ls-files --stage -- /home/bean1134/dotfiles/.config/sway/config.d/50-rules-pavucontrol.conf [2ms]
2024-12-05 05:48:43.517 [info] > git config --get commit.template [10ms]
2024-12-05 05:48:43.518 [info] > git for-each-ref --format=%(refname)%00%(upstream:short)%00%(objectname)%00%(upstream:track)%00%(upstream:remotename)%00%(upstream:remoteref) refs/heads/main refs/remotes/main [3ms]
2024-12-05 05:48:43.534 [info] > git status -z -uall [8ms]
2024-12-05 05:48:43.537 [info] > git for-each-ref --sort -committerdate --format %(refname) %(objectname) %(*objectname) [3ms]
2024-12-05 05:48:48.562 [info] > git config --get commit.template [10ms]
2024-12-05 05:48:48.564 [info] > git for-each-ref --format=%(refname)%00%(upstream:short)%00%(objectname)%00%(upstream:track)%00%(upstream:remotename)%00%(upstream:remoteref) refs/heads/main refs/remotes/main [3ms]
2024-12-05 05:48:48.582 [info] > git status -z -uall [9ms]
2024-12-05 05:48:48.584 [info] > git for-each-ref --sort -committerdate --format %(refname) %(objectname) %(*objectname) [3ms]
2024-12-05 05:48:52.436 [info] > git check-ignore -v -z --stdin [2ms]
2024-12-05 05:48:53.606 [info] > git config --get commit.template [9ms]
2024-12-05 05:48:53.607 [info] > git for-each-ref --format=%(refname)%00%(upstream:short)%00%(objectname)%00%(upstream:track)%00%(upstream:remotename)%00%(upstream:remoteref) refs/heads/main refs/remotes/main [2ms]
2024-12-05 05:48:53.621 [info] > git status -z -uall [7ms]
2024-12-05 05:48:53.623 [info] > git for-each-ref --sort -committerdate --format %(refname) %(objectname) %(*objectname) [3ms]
2024-12-05 05:48:57.009 [info] > git check-ignore -v -z --stdin [2ms]
2024-12-05 05:48:57.741 [info] > git show --textconv :.config/waybar/config [9ms]
2024-12-05 05:48:57.743 [info] > git ls-files --stage -- /home/bean1134/dotfiles/.config/waybar/config [2ms]
2024-12-05 05:48:58.637 [info] > git config --get commit.template [1ms]
2024-12-05 05:48:58.644 [info] > git for-each-ref --format=%(refname)%00%(upstream:short)%00%(objectname)%00%(upstream:track)%00%(upstream:remotename)%00%(upstream:remoteref) refs/heads/main refs/remotes/main [1ms]
2024-12-05 05:48:58.660 [info] > git status -z -uall [7ms]
2024-12-05 05:48:58.662 [info] > git for-each-ref --sort -committerdate --format %(refname) %(objectname) %(*objectname) [3ms]
2024-12-05 05:49:03.688 [info] > git config --get commit.template [9ms]
2024-12-05 05:49:03.690 [info] > git for-each-ref --format=%(refname)%00%(upstream:short)%00%(objectname)%00%(upstream:track)%00%(upstream:remotename)%00%(upstream:remoteref) refs/heads/main refs/remotes/main [3ms]
2024-12-05 05:49:03.706 [info] > git status -z -uall [8ms]
2024-12-05 05:49:03.707 [info] > git for-each-ref --sort -committerdate --format %(refname) %(objectname) %(*objectname) [2ms]
2024-12-05 05:49:08.732 [info] > git config --get commit.template [9ms]
2024-12-05 05:49:08.734 [info] > git for-each-ref --format=%(refname)%00%(upstream:short)%00%(objectname)%00%(upstream:track)%00%(upstream:remotename)%00%(upstream:remoteref) refs/heads/main refs/remotes/main [3ms]
2024-12-05 05:49:08.745 [info] > git status -z -uall [6ms]
2024-12-05 05:49:08.747 [info] > git for-each-ref --sort -committerdate --format %(refname) %(objectname) %(*objectname) [2ms]
2024-12-05 05:49:19.475 [info] > git config --get commit.template [8ms]
2024-12-05 05:49:19.476 [info] > git for-each-ref --format=%(refname)%00%(upstream:short)%00%(objectname)%00%(upstream:track)%00%(upstream:remotename)%00%(upstream:remoteref) refs/heads/main refs/remotes/main [2ms]
2024-12-05 05:49:19.490 [info] > git status -z -uall [6ms]
2024-12-05 05:49:19.492 [info] > git for-each-ref --sort -committerdate --format %(refname) %(objectname) %(*objectname) [2ms]
2024-12-05 05:49:25.089 [info] > git config --get commit.template [7ms]
2024-12-05 05:49:25.091 [info] > git for-each-ref --format=%(refname)%00%(upstream:short)%00%(objectname)%00%(upstream:track)%00%(upstream:remotename)%00%(upstream:remoteref) refs/heads/main refs/remotes/main [2ms]
2024-12-05 05:49:25.106 [info] > git status -z -uall [8ms]
2024-12-05 05:49:25.108 [info] > git for-each-ref --sort -committerdate --format %(refname) %(objectname) %(*objectname) [4ms]
2024-12-05 05:49:33.625 [info] > git config --get commit.template [3ms]
2024-12-05 05:49:33.637 [info] > git for-each-ref --format=%(refname)%00%(upstream:short)%00%(objectname)%00%(upstream:track)%00%(upstream:remotename)%00%(upstream:remoteref) refs/heads/main refs/remotes/main [3ms]
2024-12-05 05:49:33.654 [info] > git status -z -uall [8ms]
2024-12-05 05:49:33.655 [info] > git for-each-ref --sort -committerdate --format %(refname) %(objectname) %(*objectname) [2ms]
2024-12-05 05:49:38.680 [info] > git config --get commit.template [11ms]
2024-12-05 05:49:38.680 [info] > git for-each-ref --format=%(refname)%00%(upstream:short)%00%(objectname)%00%(upstream:track)%00%(upstream:remotename)%00%(upstream:remoteref) refs/heads/main refs/remotes/main [2ms]
2024-12-05 05:49:38.694 [info] > git status -z -uall [6ms]
2024-12-05 05:49:38.696 [info] > git for-each-ref --sort -committerdate --format %(refname) %(objectname) %(*objectname) [2ms]
2024-12-05 05:49:43.720 [info] > git config --get commit.template [11ms]
2024-12-05 05:49:43.721 [info] > git for-each-ref --format=%(refname)%00%(upstream:short)%00%(objectname)%00%(upstream:track)%00%(upstream:remotename)%00%(upstream:remoteref) refs/heads/main refs/remotes/main [2ms]
2024-12-05 05:49:43.736 [info] > git status -z -uall [7ms]
2024-12-05 05:49:43.737 [info] > git for-each-ref --sort -committerdate --format %(refname) %(objectname) %(*objectname) [2ms]
2024-12-05 05:49:48.755 [info] > git config --get commit.template [1ms]
2024-12-05 05:49:48.767 [info] > git for-each-ref --format=%(refname)%00%(upstream:short)%00%(objectname)%00%(upstream:track)%00%(upstream:remotename)%00%(upstream:remoteref) refs/heads/main refs/remotes/main [2ms]
2024-12-05 05:49:48.783 [info] > git status -z -uall [9ms]
2024-12-05 05:49:48.784 [info] > git for-each-ref --sort -committerdate --format %(refname) %(objectname) %(*objectname) [2ms]
2024-12-05 05:50:10.603 [info] > git config --get commit.template [9ms]
2024-12-05 05:50:10.605 [info] > git for-each-ref --format=%(refname)%00%(upstream:short)%00%(objectname)%00%(upstream:track)%00%(upstream:remotename)%00%(upstream:remoteref) refs/heads/main refs/remotes/main [3ms]
2024-12-05 05:50:10.624 [info] > git status -z -uall [10ms]
2024-12-05 05:50:10.625 [info] > git for-each-ref --sort -committerdate --format %(refname) %(objectname) %(*objectname) [2ms]
2024-12-05 05:50:25.354 [info] > git config --get commit.template [11ms]
2024-12-05 05:50:25.356 [info] > git for-each-ref --format=%(refname)%00%(upstream:short)%00%(objectname)%00%(upstream:track)%00%(upstream:remotename)%00%(upstream:remoteref) refs/heads/main refs/remotes/main [2ms]
2024-12-05 05:50:25.373 [info] > git status -z -uall [9ms]
2024-12-05 05:50:25.375 [info] > git for-each-ref --sort -committerdate --format %(refname) %(objectname) %(*objectname) [3ms]
2024-12-05 05:50:30.452 [info] > git config --get commit.template [10ms]
2024-12-05 05:50:30.453 [info] > git for-each-ref --format=%(refname)%00%(upstream:short)%00%(objectname)%00%(upstream:track)%00%(upstream:remotename)%00%(upstream:remoteref) refs/heads/main refs/remotes/main [2ms]
2024-12-05 05:50:30.470 [info] > git status -z -uall [9ms]
2024-12-05 05:50:30.471 [info] > git for-each-ref --sort -committerdate --format %(refname) %(objectname) %(*objectname) [3ms]
2024-12-05 05:50:35.498 [info] > git config --get commit.template [11ms]
2024-12-05 05:50:35.499 [info] > git for-each-ref --format=%(refname)%00%(upstream:short)%00%(objectname)%00%(upstream:track)%00%(upstream:remotename)%00%(upstream:remoteref) refs/heads/main refs/remotes/main [2ms]
2024-12-05 05:50:35.517 [info] > git status -z -uall [9ms]
2024-12-05 05:50:35.519 [info] > git for-each-ref --sort -committerdate --format %(refname) %(objectname) %(*objectname) [3ms]
2024-12-05 05:50:40.792 [info] > git config --get commit.template [9ms]
2024-12-05 05:50:40.793 [info] > git for-each-ref --format=%(refname)%00%(upstream:short)%00%(objectname)%00%(upstream:track)%00%(upstream:remotename)%00%(upstream:remoteref) refs/heads/main refs/remotes/main [2ms]
2024-12-05 05:50:40.812 [info] > git status -z -uall [10ms]
2024-12-05 05:50:40.814 [info] > git for-each-ref --sort -committerdate --format %(refname) %(objectname) %(*objectname) [3ms]
2024-12-05 05:50:45.840 [info] > git config --get commit.template [10ms]
2024-12-05 05:50:45.841 [info] > git for-each-ref --format=%(refname)%00%(upstream:short)%00%(objectname)%00%(upstream:track)%00%(upstream:remotename)%00%(upstream:remoteref) refs/heads/main refs/remotes/main [3ms]
2024-12-05 05:50:45.860 [info] > git status -z -uall [11ms]
2024-12-05 05:50:45.861 [info] > git for-each-ref --sort -committerdate --format %(refname) %(objectname) %(*objectname) [3ms]
2024-12-05 05:50:49.054 [info] > git ls-tree -l 8e5d096f352da38e5e3d976b2f7f07ca9f07918d -- /home/bean1134/dotfiles/.config/gh/hosts.yml [9ms]
2024-12-05 05:50:49.055 [info] > git ls-tree -l 9566788918bc7eace4662e1c02e670b6f42e169c -- /home/bean1134/dotfiles/.config/gh/config.yml [25ms]
2024-12-05 05:50:49.056 [info] > git ls-tree -l 8e5d096f352da38e5e3d976b2f7f07ca9f07918d -- /home/bean1134/dotfiles/.config/gh/config.yml [47ms]
2024-12-05 05:50:49.057 [info] > git ls-tree -l 9566788918bc7eace4662e1c02e670b6f42e169c -- /home/bean1134/dotfiles/.config/gh/hosts.yml [4ms]
2024-12-05 05:50:58.632 [info] > git ls-tree -l 8e5d096f352da38e5e3d976b2f7f07ca9f07918d -- /home/bean1134/dotfiles/.config/gh/hosts.yml [9ms]
2024-12-05 05:50:58.633 [info] > git ls-tree -l 9566788918bc7eace4662e1c02e670b6f42e169c -- /home/bean1134/dotfiles/.config/gh/config.yml [18ms]
2024-12-05 05:50:58.633 [info] > git ls-tree -l 8e5d096f352da38e5e3d976b2f7f07ca9f07918d -- /home/bean1134/dotfiles/.config/gh/config.yml [28ms]
2024-12-05 05:50:58.634 [info] > git ls-tree -l 9566788918bc7eace4662e1c02e670b6f42e169c -- /home/bean1134/dotfiles/.config/gh/hosts.yml [3ms]
2024-12-05 05:51:12.907 [info] > git config --get commit.template [10ms]
2024-12-05 05:51:12.909 [info] > git for-each-ref --format=%(refname)%00%(upstream:short)%00%(objectname)%00%(upstream:track)%00%(upstream:remotename)%00%(upstream:remoteref) refs/heads/main refs/remotes/main [2ms]
2024-12-05 05:51:12.928 [info] > git status -z -uall [9ms]
2024-12-05 05:51:12.929 [info] > git for-each-ref --sort -committerdate --format %(refname) %(objectname) %(*objectname) [3ms]
2024-12-05 05:51:13.826 [info] > git show --textconv :.config/sway/config.d/50-rules-browser.conf [11ms]
2024-12-05 05:51:13.828 [info] > git ls-files --stage -- /home/bean1134/dotfiles/.config/sway/config.d/50-rules-browser.conf [3ms]
2024-12-05 05:51:17.954 [info] > git config --get commit.template [11ms]
2024-12-05 05:51:17.956 [info] > git for-each-ref --format=%(refname)%00%(upstream:short)%00%(objectname)%00%(upstream:track)%00%(upstream:remotename)%00%(upstream:remoteref) refs/heads/main refs/remotes/main [3ms]
2024-12-05 05:51:17.971 [info] > git status -z -uall [8ms]
2024-12-05 05:51:17.974 [info] > git for-each-ref --sort -committerdate --format %(refname) %(objectname) %(*objectname) [3ms]
2024-12-05 05:51:30.041 [info] > git show --textconv :.config/sway/config.d/50-rules-pavucontrol.conf [8ms]
2024-12-05 05:51:30.043 [info] > git ls-files --stage -- /home/bean1134/dotfiles/.config/sway/config.d/50-rules-pavucontrol.conf [2ms]
2024-12-05 05:51:33.341 [info] > git show --textconv :.config/sway/config.d/50-rules-policykit-agent.conf [10ms]
2024-12-05 05:51:33.342 [info] > git ls-files --stage -- /home/bean1134/dotfiles/.config/sway/config.d/50-rules-policykit-agent.conf [2ms]
2024-12-05 05:51:34.353 [info] > git show --textconv :.config/sway/config.d/60-bindings-brightness.conf [12ms]
2024-12-05 05:51:34.354 [info] > git ls-files --stage -- /home/bean1134/dotfiles/.config/sway/config.d/60-bindings-brightness.conf [2ms]
2024-12-05 05:51:39.235 [info] > git show --textconv :.config/sway/config.d/60-bindings-media.conf [11ms]
2024-12-05 05:51:39.236 [info] > git ls-files --stage -- /home/bean1134/dotfiles/.config/sway/config.d/60-bindings-media.conf [3ms]
2024-12-05 05:51:43.261 [info] > git show --textconv :.config/sway/config.d/60-bindings-volume.conf [12ms]
2024-12-05 05:51:43.264 [info] > git ls-files --stage -- /home/bean1134/dotfiles/.config/sway/config.d/60-bindings-volume.conf [4ms]
2024-12-05 05:51:44.112 [info] > git show --textconv :.config/sway/config.d/60-bindings-screenshot.conf [11ms]
2024-12-05 05:51:44.114 [info] > git ls-files --stage -- /home/bean1134/dotfiles/.config/sway/config.d/60-bindings-screenshot.conf [3ms]
2024-12-05 05:51:45.219 [info] > git show --textconv :.config/sway/config.d/65-mode-passthrough.conf [9ms]
2024-12-05 05:51:45.221 [info] > git ls-files --stage -- /home/bean1134/dotfiles/.config/sway/config.d/65-mode-passthrough.conf [3ms]
2024-12-05 05:51:45.756 [info] > git config --get commit.template [2ms]
2024-12-05 05:51:45.769 [info] > git for-each-ref --format=%(refname)%00%(upstream:short)%00%(objectname)%00%(upstream:track)%00%(upstream:remotename)%00%(upstream:remoteref) refs/heads/main refs/remotes/main [3ms]
2024-12-05 05:51:45.787 [info] > git status -z -uall [9ms]
2024-12-05 05:51:45.788 [info] > git for-each-ref --sort -committerdate --format %(refname) %(objectname) %(*objectname) [2ms]
2024-12-05 05:51:46.859 [info] > git show --textconv :.config/sway/config.d/90-bar.conf [9ms]
2024-12-05 05:51:46.860 [info] > git ls-files --stage -- /home/bean1134/dotfiles/.config/sway/config.d/90-bar.conf [2ms]
2024-12-05 05:51:49.106 [info] > git show --textconv :.config/sway/config.d/90-swayidle.conf [10ms]
2024-12-05 05:51:49.108 [info] > git ls-files --stage -- /home/bean1134/dotfiles/.config/sway/config.d/90-swayidle.conf [3ms]
2024-12-05 05:51:51.166 [info] > git show --textconv :.config/sway/config.d/95-autostart-policykit-agent.conf [11ms]
2024-12-05 05:51:51.169 [info] > git ls-files --stage -- /home/bean1134/dotfiles/.config/sway/config.d/95-autostart-policykit-agent.conf [4ms]
2024-12-05 05:51:52.814 [info] > git show --textconv :.config/sway/config.d/95-xdg-desktop-autostart.conf [10ms]
2024-12-05 05:51:52.816 [info] > git ls-files --stage -- /home/bean1134/dotfiles/.config/sway/config.d/95-xdg-desktop-autostart.conf [3ms]
2024-12-05 05:51:54.193 [info] > git show --textconv :.config/sway/config.d/95-xdg-user-dirs.conf [11ms]
2024-12-05 05:51:54.196 [info] > git ls-files --stage -- /home/bean1134/dotfiles/.config/sway/config.d/95-xdg-user-dirs.conf [4ms]
2024-12-05 05:52:01.974 [info] > git check-ignore -v -z --stdin [3ms]
2024-12-05 05:52:02.729 [info] > git config --get commit.template [10ms]
2024-12-05 05:52:02.731 [info] > git for-each-ref --format=%(refname)%00%(upstream:short)%00%(objectname)%00%(upstream:track)%00%(upstream:remotename)%00%(upstream:remoteref) refs/heads/main refs/remotes/main [2ms]
2024-12-05 05:52:02.748 [info] > git status -z -uall [8ms]
2024-12-05 05:52:02.751 [info] > git for-each-ref --sort -committerdate --format %(refname) %(objectname) %(*objectname) [4ms]
2024-12-05 05:52:03.013 [info] > git show --textconv :.config/xfce4/xfconf/xfce-perchannel-xml/thunar.xml [11ms]
2024-12-05 05:52:03.014 [info] > git ls-files --stage -- /home/bean1134/dotfiles/.config/xfce4/xfconf/xfce-perchannel-xml/thunar.xml [2ms]
2024-12-05 05:52:03.027 [info] > git cat-file -s a188349f909b18c728d4a98f705d5e388ca58f17 [3ms]
2024-12-05 05:52:03.281 [info] > git check-ignore -v -z --stdin [2ms]
2024-12-05 05:52:07.779 [info] > git config --get commit.template [8ms]
2024-12-05 05:52:07.780 [info] > git for-each-ref --format=%(refname)%00%(upstream:short)%00%(objectname)%00%(upstream:track)%00%(upstream:remotename)%00%(upstream:remoteref) refs/heads/main refs/remotes/main [2ms]
2024-12-05 05:52:07.796 [info] > git status -z -uall [8ms]
2024-12-05 05:52:07.798 [info] > git for-each-ref --sort -committerdate --format %(refname) %(objectname) %(*objectname) [1ms]
2024-12-05 05:52:12.824 [info] > git config --get commit.template [12ms]
2024-12-05 05:52:12.824 [info] > git for-each-ref --format=%(refname)%00%(upstream:short)%00%(objectname)%00%(upstream:track)%00%(upstream:remotename)%00%(upstream:remoteref) refs/heads/main refs/remotes/main [2ms]
2024-12-05 05:52:12.840 [info] > git status -z -uall [10ms]
2024-12-05 05:52:12.843 [info] > git for-each-ref --sort -committerdate --format %(refname) %(objectname) %(*objectname) [5ms]
2024-12-05 05:52:20.380 [info] > git config --get commit.template [1ms]
2024-12-05 05:52:20.392 [info] > git for-each-ref --format=%(refname)%00%(upstream:short)%00%(objectname)%00%(upstream:track)%00%(upstream:remotename)%00%(upstream:remoteref) refs/heads/main refs/remotes/main [4ms]
2024-12-05 05:52:20.412 [info] > git status -z -uall [9ms]
2024-12-05 05:52:20.415 [info] > git for-each-ref --sort -committerdate --format %(refname) %(objectname) %(*objectname) [4ms]
2024-12-05 05:52:20.629 [info] > git show --textconv :.config/user-dirs.locale [8ms]
2024-12-05 05:52:20.630 [info] > git ls-files --stage -- /home/bean1134/dotfiles/.config/user-dirs.locale [2ms]
2024-12-05 05:52:20.639 [info] > git cat-file -s 3e0b4191bfec49a21d823e4691673936218765d8 [2ms]
2024-12-05 05:52:21.635 [info] > git show --textconv :.config/user-dirs.dirs [11ms]
2024-12-05 05:52:21.637 [info] > git ls-files --stage -- /home/bean1134/dotfiles/.config/user-dirs.dirs [2ms]
2024-12-05 05:52:21.648 [info] > git cat-file -s 7f9a959317901f152dec35eff8550c12b8f73e6b [1ms]
2024-12-05 05:52:25.446 [info] > git config --get commit.template [11ms]
2024-12-05 05:52:25.448 [info] > git for-each-ref --format=%(refname)%00%(upstream:short)%00%(objectname)%00%(upstream:track)%00%(upstream:remotename)%00%(upstream:remoteref) refs/heads/main refs/remotes/main [3ms]
2024-12-05 05:52:25.467 [info] > git status -z -uall [10ms]
2024-12-05 05:52:25.471 [info] > git for-each-ref --sort -committerdate --format %(refname) %(objectname) %(*objectname) [4ms]
2024-12-05 05:52:30.177 [info] > git check-ignore -v -z --stdin [2ms]
2024-12-05 05:52:31.127 [info] > git check-ignore -v -z --stdin [2ms]
2024-12-05 05:52:32.806 [info] > git show --textconv :.config/lxqt/lxqt.conf [7ms]
2024-12-05 05:52:32.807 [info] > git ls-files --stage -- /home/bean1134/dotfiles/.config/lxqt/lxqt.conf [2ms]
2024-12-05 05:52:32.822 [info] > git cat-file -s 1a156708e0d0e798d0cf508cd875a55d878d6c3b [3ms]
2024-12-05 05:52:34.937 [info] > git config --get commit.template [2ms]
2024-12-05 05:52:34.947 [info] > git for-each-ref --format=%(refname)%00%(upstream:short)%00%(objectname)%00%(upstream:track)%00%(upstream:remotename)%00%(upstream:remoteref) refs/heads/main refs/remotes/main [2ms]
2024-12-05 05:52:34.963 [info] > git status -z -uall [7ms]
2024-12-05 05:52:34.965 [info] > git for-each-ref --sort -committerdate --format %(refname) %(objectname) %(*objectname) [2ms]
2024-12-05 05:52:39.989 [info] > git config --get commit.template [10ms]
2024-12-05 05:52:39.990 [info] > git for-each-ref --format=%(refname)%00%(upstream:short)%00%(objectname)%00%(upstream:track)%00%(upstream:remotename)%00%(upstream:remoteref) refs/heads/main refs/remotes/main [2ms]
2024-12-05 05:52:40.002 [info] > git status -z -uall [6ms]
2024-12-05 05:52:40.004 [info] > git for-each-ref --sort -committerdate --format %(refname) %(objectname) %(*objectname) [3ms]
2024-12-05 05:52:45.757 [info] > git config --get commit.template [10ms]
2024-12-05 05:52:45.757 [info] > git for-each-ref --format=%(refname)%00%(upstream:short)%00%(objectname)%00%(upstream:track)%00%(upstream:remotename)%00%(upstream:remoteref) refs/heads/main refs/remotes/main [2ms]
2024-12-05 05:52:45.782 [info] > git status -z -uall [13ms]
2024-12-05 05:52:45.783 [info] > git for-each-ref --sort -committerdate --format %(refname) %(objectname) %(*objectname) [7ms]
2024-12-05 05:52:45.947 [info] > git show --textconv :.config/pulse/cookie [11ms]
2024-12-05 05:52:45.949 [info] > git ls-files --stage -- /home/bean1134/dotfiles/.config/pulse/cookie [3ms]
2024-12-05 05:52:45.958 [info] > git cat-file -s 1a5a7443a3ce5c9723deebfbc25fc7ead1ddfe05 [2ms]
2024-12-05 05:52:47.831 [info] > git show --textconv :.config/waybar/config [11ms]
2024-12-05 05:52:47.833 [info] > git ls-files --stage -- /home/bean1134/dotfiles/.config/waybar/config [4ms]
2024-12-05 05:52:50.804 [info] > git config --get commit.template [3ms]
2024-12-05 05:52:50.822 [info] > git for-each-ref --format=%(refname)%00%(upstream:short)%00%(objectname)%00%(upstream:track)%00%(upstream:remotename)%00%(upstream:remoteref) refs/heads/main refs/remotes/main [3ms]
2024-12-05 05:52:50.838 [info] > git status -z -uall [8ms]
2024-12-05 05:52:50.839 [info] > git for-each-ref --sort -committerdate --format %(refname) %(objectname) %(*objectname) [2ms]
2024-12-05 05:52:51.579 [info] > git show --textconv :.config/lxqt/lxqt.conf [11ms]
2024-12-05 05:52:51.581 [info] > git ls-files --stage -- /home/bean1134/dotfiles/.config/lxqt/lxqt.conf [3ms]
2024-12-05 05:52:51.594 [info] > git cat-file -s 1a156708e0d0e798d0cf508cd875a55d878d6c3b [3ms]
2024-12-05 05:52:55.853 [info] > git config --get commit.template [1ms]
2024-12-05 05:52:55.861 [info] > git for-each-ref --format=%(refname)%00%(upstream:short)%00%(objectname)%00%(upstream:track)%00%(upstream:remotename)%00%(upstream:remoteref) refs/heads/main refs/remotes/main [2ms]
2024-12-05 05:52:55.873 [info] > git status -z -uall [6ms]
2024-12-05 05:52:55.874 [info] > git for-each-ref --sort -committerdate --format %(refname) %(objectname) %(*objectname) [1ms]
2024-12-05 05:53:00.902 [info] > git config --get commit.template [10ms]
2024-12-05 05:53:00.903 [info] > git for-each-ref --format=%(refname)%00%(upstream:short)%00%(objectname)%00%(upstream:track)%00%(upstream:remotename)%00%(upstream:remoteref) refs/heads/main refs/remotes/main [3ms]
2024-12-05 05:53:00.918 [info] > git status -z -uall [7ms]
2024-12-05 05:53:00.920 [info] > git for-each-ref --sort -committerdate --format %(refname) %(objectname) %(*objectname) [2ms]
2024-12-05 05:53:01.216 [info] > git check-ignore -v -z --stdin [3ms]
2024-12-05 05:53:05.945 [info] > git config --get commit.template [10ms]
2024-12-05 05:53:05.947 [info] > git for-each-ref --format=%(refname)%00%(upstream:short)%00%(objectname)%00%(upstream:track)%00%(upstream:remotename)%00%(upstream:remoteref) refs/heads/main refs/remotes/main [3ms]
2024-12-05 05:53:05.963 [info] > git status -z -uall [7ms]
2024-12-05 05:53:05.965 [info] > git for-each-ref --sort -committerdate --format %(refname) %(objectname) %(*objectname) [2ms]
2024-12-05 05:53:06.648 [info] > git show --textconv :.config/waybar/config [9ms]
2024-12-05 05:53:06.650 [info] > git ls-files --stage -- /home/bean1134/dotfiles/.config/waybar/config [3ms]
2024-12-05 05:53:56.395 [info] > git ls-tree -l 8e5d096f352da38e5e3d976b2f7f07ca9f07918d -- /home/bean1134/dotfiles/.config/gh/hosts.yml [9ms]
2024-12-05 05:53:56.396 [info] > git ls-tree -l 9566788918bc7eace4662e1c02e670b6f42e169c -- /home/bean1134/dotfiles/.config/gh/config.yml [20ms]
2024-12-05 05:53:56.396 [info] > git ls-tree -l 8e5d096f352da38e5e3d976b2f7f07ca9f07918d -- /home/bean1134/dotfiles/.config/gh/config.yml [30ms]
2024-12-05 05:53:56.397 [info] > git config --get commit.template [45ms]
2024-12-05 05:53:56.398 [info] > git ls-tree -l 9566788918bc7eace4662e1c02e670b6f42e169c -- /home/bean1134/dotfiles/.config/gh/hosts.yml [4ms]
2024-12-05 05:53:56.410 [info] > git for-each-ref --format=%(refname)%00%(upstream:short)%00%(objectname)%00%(upstream:track)%00%(upstream:remotename)%00%(upstream:remoteref) refs/heads/main refs/remotes/main [2ms]
2024-12-05 05:53:56.429 [info] > git status -z -uall [11ms]
2024-12-05 05:53:56.430 [info] > git for-each-ref --sort -committerdate --format %(refname) %(objectname) %(*objectname) [3ms]
2024-12-05 05:54:20.606 [info] > git ls-tree -l 8e5d096f352da38e5e3d976b2f7f07ca9f07918d -- /home/bean1134/dotfiles/.config/gh/hosts.yml [20ms]
2024-12-05 05:54:20.607 [info] > git ls-tree -l 9566788918bc7eace4662e1c02e670b6f42e169c -- /home/bean1134/dotfiles/.config/gh/config.yml [37ms]
2024-12-05 05:54:20.608 [info] > git ls-tree -l 8e5d096f352da38e5e3d976b2f7f07ca9f07918d -- /home/bean1134/dotfiles/.config/gh/config.yml [52ms]
2024-12-05 05:54:20.609 [info] > git ls-tree -l 9566788918bc7eace4662e1c02e670b6f42e169c -- /home/bean1134/dotfiles/.config/gh/hosts.yml [7ms]
2024-12-05 05:56:22.286 [info] > git ls-tree -l 8e5d096f352da38e5e3d976b2f7f07ca9f07918d -- /home/bean1134/dotfiles/.config/gh/hosts.yml [24ms]
2024-12-05 05:56:22.287 [info] > git ls-tree -l 9566788918bc7eace4662e1c02e670b6f42e169c -- /home/bean1134/dotfiles/.config/gh/config.yml [37ms]
2024-12-05 05:56:22.288 [info] > git ls-tree -l 8e5d096f352da38e5e3d976b2f7f07ca9f07918d -- /home/bean1134/dotfiles/.config/gh/config.yml [51ms]
2024-12-05 05:56:22.292 [info] > git config --get commit.template [8ms]
2024-12-05 05:56:22.292 [info] > git ls-tree -l 9566788918bc7eace4662e1c02e670b6f42e169c -- /home/bean1134/dotfiles/.config/gh/hosts.yml [21ms]
2024-12-05 05:56:22.303 [info] > git for-each-ref --format=%(refname)%00%(upstream:short)%00%(objectname)%00%(upstream:track)%00%(upstream:remotename)%00%(upstream:remoteref) refs/heads/main refs/remotes/main [3ms]
2024-12-05 05:56:22.322 [info] > git status -z -uall [11ms]
2024-12-05 05:56:22.325 [info] > git for-each-ref --sort -committerdate --format %(refname) %(objectname) %(*objectname) [5ms]
2024-12-05 05:56:27.353 [info] > git config --get commit.template [12ms]
2024-12-05 05:56:27.354 [info] > git for-each-ref --format=%(refname)%00%(upstream:short)%00%(objectname)%00%(upstream:track)%00%(upstream:remotename)%00%(upstream:remoteref) refs/heads/main refs/remotes/main [3ms]
2024-12-05 05:56:27.373 [info] > git status -z -uall [9ms]
2024-12-05 05:56:27.375 [info] > git for-each-ref --sort -committerdate --format %(refname) %(objectname) %(*objectname) [2ms]
2024-12-05 05:56:32.401 [info] > git config --get commit.template [9ms]
2024-12-05 05:56:32.402 [info] > git for-each-ref --format=%(refname)%00%(upstream:short)%00%(objectname)%00%(upstream:track)%00%(upstream:remotename)%00%(upstream:remoteref) refs/heads/main refs/remotes/main [2ms]
2024-12-05 05:56:32.418 [info] > git status -z -uall [8ms]
2024-12-05 05:56:32.419 [info] > git for-each-ref --sort -committerdate --format %(refname) %(objectname) %(*objectname) [2ms]
2024-12-05 05:56:37.443 [info] > git config --get commit.template [9ms]
2024-12-05 05:56:37.444 [info] > git for-each-ref --format=%(refname)%00%(upstream:short)%00%(objectname)%00%(upstream:track)%00%(upstream:remotename)%00%(upstream:remoteref) refs/heads/main refs/remotes/main [2ms]
2024-12-05 05:56:37.461 [info] > git status -z -uall [7ms]
2024-12-05 05:56:37.463 [info] > git for-each-ref --sort -committerdate --format %(refname) %(objectname) %(*objectname) [1ms]
2024-12-05 05:56:42.480 [info] > git config --get commit.template [2ms]
2024-12-05 05:56:42.494 [info] > git for-each-ref --format=%(refname)%00%(upstream:short)%00%(objectname)%00%(upstream:track)%00%(upstream:remotename)%00%(upstream:remoteref) refs/heads/main refs/remotes/main [3ms]
2024-12-05 05:56:42.511 [info] > git status -z -uall [8ms]
2024-12-05 05:56:42.513 [info] > git for-each-ref --sort -committerdate --format %(refname) %(objectname) %(*objectname) [3ms]
2024-12-05 05:56:47.535 [info] > git config --get commit.template [2ms]
2024-12-05 05:56:47.548 [info] > git for-each-ref --format=%(refname)%00%(upstream:short)%00%(objectname)%00%(upstream:track)%00%(upstream:remotename)%00%(upstream:remoteref) refs/heads/main refs/remotes/main [0ms]
2024-12-05 05:56:47.571 [info] > git status -z -uall [9ms]
2024-12-05 05:56:47.573 [info] > git for-each-ref --sort -committerdate --format %(refname) %(objectname) %(*objectname) [3ms]
2024-12-05 05:56:52.600 [info] > git config --get commit.template [10ms]
2024-12-05 05:56:52.603 [info] > git for-each-ref --format=%(refname)%00%(upstream:short)%00%(objectname)%00%(upstream:track)%00%(upstream:remotename)%00%(upstream:remoteref) refs/heads/main refs/remotes/main [4ms]
2024-12-05 05:56:52.622 [info] > git status -z -uall [10ms]
2024-12-05 05:56:52.624 [info] > git for-each-ref --sort -committerdate --format %(refname) %(objectname) %(*objectname) [3ms]
2024-12-05 05:57:46.449 [info] > git config --get commit.template [6ms]
2024-12-05 05:57:46.451 [info] > git for-each-ref --format=%(refname)%00%(upstream:short)%00%(objectname)%00%(upstream:track)%00%(upstream:remotename)%00%(upstream:remoteref) refs/heads/main refs/remotes/main [3ms]
2024-12-05 05:57:46.467 [info] > git status -z -uall [7ms]
2024-12-05 05:57:46.468 [info] > git for-each-ref --sort -committerdate --format %(refname) %(objectname) %(*objectname) [2ms]
2024-12-05 06:03:16.585 [info] > git ls-tree -l 8e5d096f352da38e5e3d976b2f7f07ca9f07918d -- /home/bean1134/dotfiles/.config/gh/hosts.yml [12ms]
2024-12-05 06:03:16.585 [info] > git ls-tree -l 9566788918bc7eace4662e1c02e670b6f42e169c -- /home/bean1134/dotfiles/.config/gh/config.yml [20ms]
2024-12-05 06:03:16.586 [info] > git ls-tree -l 8e5d096f352da38e5e3d976b2f7f07ca9f07918d -- /home/bean1134/dotfiles/.config/gh/config.yml [29ms]
2024-12-05 06:03:16.586 [info] > git config --get commit.template [39ms]
2024-12-05 06:03:16.588 [info] > git ls-tree -l 9566788918bc7eace4662e1c02e670b6f42e169c -- /home/bean1134/dotfiles/.config/gh/hosts.yml [4ms]
2024-12-05 06:03:16.598 [info] > git for-each-ref --format=%(refname)%00%(upstream:short)%00%(objectname)%00%(upstream:track)%00%(upstream:remotename)%00%(upstream:remoteref) refs/heads/main refs/remotes/main [2ms]
2024-12-05 06:03:16.614 [info] > git status -z -uall [8ms]
2024-12-05 06:03:16.616 [info] > git for-each-ref --sort -committerdate --format %(refname) %(objectname) %(*objectname) [2ms]
2024-12-05 06:04:05.449 [info] > git ls-tree -l 8e5d096f352da38e5e3d976b2f7f07ca9f07918d -- /home/bean1134/dotfiles/.config/gh/hosts.yml [10ms]
2024-12-05 06:04:05.450 [info] > git ls-tree -l 9566788918bc7eace4662e1c02e670b6f42e169c -- /home/bean1134/dotfiles/.config/gh/config.yml [17ms]
2024-12-05 06:04:05.450 [info] > git ls-tree -l 8e5d096f352da38e5e3d976b2f7f07ca9f07918d -- /home/bean1134/dotfiles/.config/gh/config.yml [28ms]
2024-12-05 06:04:05.451 [info] > git config --get commit.template [41ms]
2024-12-05 06:04:05.452 [info] > git ls-tree -l 9566788918bc7eace4662e1c02e670b6f42e169c -- /home/bean1134/dotfiles/.config/gh/hosts.yml [6ms]
2024-12-05 06:04:05.461 [info] > git for-each-ref --format=%(refname)%00%(upstream:short)%00%(objectname)%00%(upstream:track)%00%(upstream:remotename)%00%(upstream:remoteref) refs/heads/main refs/remotes/main [2ms]
2024-12-05 06:04:05.477 [info] > git status -z -uall [9ms]
2024-12-05 06:04:05.478 [info] > git for-each-ref --sort -committerdate --format %(refname) %(objectname) %(*objectname) [2ms]
2024-12-05 06:04:07.516 [info] > git check-ignore -v -z --stdin [2ms]
2024-12-05 06:04:17.400 [info] > git ls-tree -l 8e5d096f352da38e5e3d976b2f7f07ca9f07918d -- /home/bean1134/dotfiles/.config/gh/hosts.yml [7ms]
2024-12-05 06:04:17.401 [info] > git ls-tree -l 9566788918bc7eace4662e1c02e670b6f42e169c -- /home/bean1134/dotfiles/.config/gh/config.yml [14ms]
2024-12-05 06:04:17.401 [info] > git ls-tree -l 8e5d096f352da38e5e3d976b2f7f07ca9f07918d -- /home/bean1134/dotfiles/.config/gh/config.yml [21ms]
2024-12-05 06:04:17.402 [info] > git config --get commit.template [32ms]
2024-12-05 06:04:17.402 [info] > git ls-tree -l 9566788918bc7eace4662e1c02e670b6f42e169c -- /home/bean1134/dotfiles/.config/gh/hosts.yml [3ms]
2024-12-05 06:04:17.409 [info] > git for-each-ref --format=%(refname)%00%(upstream:short)%00%(objectname)%00%(upstream:track)%00%(upstream:remotename)%00%(upstream:remoteref) refs/heads/main refs/remotes/main [1ms]
2024-12-05 06:04:17.422 [info] > git status -z -uall [7ms]
2024-12-05 06:04:17.424 [info] > git for-each-ref --sort -committerdate --format %(refname) %(objectname) %(*objectname) [1ms]
2024-12-05 06:04:25.873 [info] > git config --get commit.template [2ms]
2024-12-05 06:04:25.884 [info] > git for-each-ref --format=%(refname)%00%(upstream:short)%00%(objectname)%00%(upstream:track)%00%(upstream:remotename)%00%(upstream:remoteref) refs/heads/main refs/remotes/main [3ms]
2024-12-05 06:04:25.900 [info] > git status -z -uall [8ms]
2024-12-05 06:04:25.902 [info] > git for-each-ref --sort -committerdate --format %(refname) %(objectname) %(*objectname) [2ms]
2024-12-05 06:04:27.185 [info] > git check-ignore -v -z --stdin [2ms]
2024-12-05 06:04:30.926 [info] > git config --get commit.template [8ms]
2024-12-05 06:04:30.928 [info] > git for-each-ref --format=%(refname)%00%(upstream:short)%00%(objectname)%00%(upstream:track)%00%(upstream:remotename)%00%(upstream:remoteref) refs/heads/main refs/remotes/main [3ms]
2024-12-05 06:04:30.948 [info] > git status -z -uall [10ms]
2024-12-05 06:04:30.950 [info] > git for-each-ref --sort -committerdate --format %(refname) %(objectname) %(*objectname) [3ms]
2024-12-05 06:04:32.577 [info] > git show --textconv :.config/foot/foot.ini [12ms]
2024-12-05 06:04:32.578 [info] > git ls-files --stage -- /home/bean1134/dotfiles/.config/foot/foot.ini [3ms]
2024-12-05 06:04:32.824 [info] > git check-ignore -v -z --stdin [2ms]
2024-12-05 06:04:35.974 [info] > git config --get commit.template [12ms]
2024-12-05 06:04:35.976 [info] > git for-each-ref --format=%(refname)%00%(upstream:short)%00%(objectname)%00%(upstream:track)%00%(upstream:remotename)%00%(upstream:remoteref) refs/heads/main refs/remotes/main [3ms]
2024-12-05 06:04:35.993 [info] > git status -z -uall [8ms]
2024-12-05 06:04:35.995 [info] > git for-each-ref --sort -committerdate --format %(refname) %(objectname) %(*objectname) [2ms]
2024-12-05 06:04:41.259 [info] > git ls-tree -l 8e5d096f352da38e5e3d976b2f7f07ca9f07918d -- /home/bean1134/dotfiles/.config/gh/hosts.yml [8ms]
2024-12-05 06:04:41.260 [info] > git ls-tree -l 9566788918bc7eace4662e1c02e670b6f42e169c -- /home/bean1134/dotfiles/.config/gh/config.yml [17ms]
2024-12-05 06:04:41.261 [info] > git ls-tree -l 8e5d096f352da38e5e3d976b2f7f07ca9f07918d -- /home/bean1134/dotfiles/.config/gh/config.yml [25ms]
2024-12-05 06:04:41.261 [info] > git config --get commit.template [36ms]
2024-12-05 06:04:41.262 [info] > git ls-tree -l 9566788918bc7eace4662e1c02e670b6f42e169c -- /home/bean1134/dotfiles/.config/gh/hosts.yml [4ms]
2024-12-05 06:04:41.271 [info] > git for-each-ref --format=%(refname)%00%(upstream:short)%00%(objectname)%00%(upstream:track)%00%(upstream:remotename)%00%(upstream:remoteref) refs/heads/main refs/remotes/main [2ms]
2024-12-05 06:04:41.287 [info] > git status -z -uall [8ms]
2024-12-05 06:04:41.289 [info] > git for-each-ref --sort -committerdate --format %(refname) %(objectname) %(*objectname) [3ms]
2024-12-05 06:04:46.466 [info] > git config --get commit.template [8ms]
2024-12-05 06:04:46.468 [info] > git for-each-ref --format=%(refname)%00%(upstream:short)%00%(objectname)%00%(upstream:track)%00%(upstream:remotename)%00%(upstream:remoteref) refs/heads/main refs/remotes/main [3ms]
2024-12-05 06:04:46.484 [info] > git status -z -uall [9ms]
2024-12-05 06:04:46.485 [info] > git for-each-ref --sort -committerdate --format %(refname) %(objectname) %(*objectname) [2ms]
2024-12-05 06:05:01.965 [info] > git ls-tree -l 8e5d096f352da38e5e3d976b2f7f07ca9f07918d -- /home/bean1134/dotfiles/.config/gh/hosts.yml [9ms]
2024-12-05 06:05:01.966 [info] > git ls-tree -l 9566788918bc7eace4662e1c02e670b6f42e169c -- /home/bean1134/dotfiles/.config/gh/config.yml [18ms]
2024-12-05 06:05:01.966 [info] > git ls-tree -l 8e5d096f352da38e5e3d976b2f7f07ca9f07918d -- /home/bean1134/dotfiles/.config/gh/config.yml [28ms]
2024-12-05 06:05:01.967 [info] > git config --get commit.template [41ms]
2024-12-05 06:05:01.968 [info] > git ls-tree -l 9566788918bc7eace4662e1c02e670b6f42e169c -- /home/bean1134/dotfiles/.config/gh/hosts.yml [4ms]
2024-12-05 06:05:01.976 [info] > git for-each-ref --format=%(refname)%00%(upstream:short)%00%(objectname)%00%(upstream:track)%00%(upstream:remotename)%00%(upstream:remoteref) refs/heads/main refs/remotes/main [2ms]
2024-12-05 06:05:01.989 [info] > git status -z -uall [7ms]
2024-12-05 06:05:01.990 [info] > git for-each-ref --sort -committerdate --format %(refname) %(objectname) %(*objectname) [1ms]
2024-12-05 06:05:07.014 [info] > git config --get commit.template [11ms]
2024-12-05 06:05:07.015 [info] > git for-each-ref --format=%(refname)%00%(upstream:short)%00%(objectname)%00%(upstream:track)%00%(upstream:remotename)%00%(upstream:remoteref) refs/heads/main refs/remotes/main [2ms]
2024-12-05 06:05:07.032 [info] > git status -z -uall [8ms]
2024-12-05 06:05:07.033 [info] > git for-each-ref --sort -committerdate --format %(refname) %(objectname) %(*objectname) [2ms]
2024-12-05 06:05:12.055 [info] > git config --get commit.template [8ms]
2024-12-05 06:05:12.056 [info] > git for-each-ref --format=%(refname)%00%(upstream:short)%00%(objectname)%00%(upstream:track)%00%(upstream:remotename)%00%(upstream:remoteref) refs/heads/main refs/remotes/main [2ms]
2024-12-05 06:05:12.070 [info] > git status -z -uall [7ms]
2024-12-05 06:05:12.071 [info] > git for-each-ref --sort -committerdate --format %(refname) %(objectname) %(*objectname) [2ms]
2024-12-05 06:05:17.096 [info] > git config --get commit.template [9ms]
2024-12-05 06:05:17.098 [info] > git for-each-ref --format=%(refname)%00%(upstream:short)%00%(objectname)%00%(upstream:track)%00%(upstream:remotename)%00%(upstream:remoteref) refs/heads/main refs/remotes/main [3ms]
2024-12-05 06:05:17.115 [info] > git status -z -uall [8ms]
2024-12-05 06:05:17.116 [info] > git for-each-ref --sort -committerdate --format %(refname) %(objectname) %(*objectname) [2ms]
2024-12-05 06:05:22.305 [info] > git config --get commit.template [10ms]
2024-12-05 06:05:22.306 [info] > git for-each-ref --format=%(refname)%00%(upstream:short)%00%(objectname)%00%(upstream:track)%00%(upstream:remotename)%00%(upstream:remoteref) refs/heads/main refs/remotes/main [2ms]
2024-12-05 06:05:22.323 [info] > git status -z -uall [8ms]
2024-12-05 06:05:22.324 [info] > git for-each-ref --sort -committerdate --format %(refname) %(objectname) %(*objectname) [2ms]
2024-12-05 06:05:39.118 [info] > git ls-tree -l 8e5d096f352da38e5e3d976b2f7f07ca9f07918d -- /home/bean1134/dotfiles/.config/gh/hosts.yml [17ms]
2024-12-05 06:05:39.119 [info] > git ls-tree -l 9566788918bc7eace4662e1c02e670b6f42e169c -- /home/bean1134/dotfiles/.config/gh/config.yml [26ms]
2024-12-05 06:05:39.119 [info] > git ls-tree -l 8e5d096f352da38e5e3d976b2f7f07ca9f07918d -- /home/bean1134/dotfiles/.config/gh/config.yml [36ms]
2024-12-05 06:05:39.121 [info] > git config --get commit.template [4ms]
2024-12-05 06:05:39.121 [info] > git ls-tree -l 9566788918bc7eace4662e1c02e670b6f42e169c -- /home/bean1134/dotfiles/.config/gh/hosts.yml [12ms]
2024-12-05 06:05:39.129 [info] > git for-each-ref --format=%(refname)%00%(upstream:short)%00%(objectname)%00%(upstream:track)%00%(upstream:remotename)%00%(upstream:remoteref) refs/heads/main refs/remotes/main [2ms]
2024-12-05 06:05:39.141 [info] > git status -z -uall [6ms]
2024-12-05 06:05:39.142 [info] > git for-each-ref --sort -committerdate --format %(refname) %(objectname) %(*objectname) [1ms]
2024-12-05 06:05:46.469 [info] > git config --get commit.template [8ms]
2024-12-05 06:05:46.471 [info] > git for-each-ref --format=%(refname)%00%(upstream:short)%00%(objectname)%00%(upstream:track)%00%(upstream:remotename)%00%(upstream:remoteref) refs/heads/main refs/remotes/main [3ms]
2024-12-05 06:05:46.485 [info] > git status -z -uall [7ms]
2024-12-05 06:05:46.487 [info] > git for-each-ref --sort -committerdate --format %(refname) %(objectname) %(*objectname) [3ms]
2024-12-05 06:05:48.964 [info] > git ls-tree -l 8e5d096f352da38e5e3d976b2f7f07ca9f07918d -- /home/bean1134/dotfiles/.config/gh/hosts.yml [9ms]
2024-12-05 06:05:48.964 [info] > git ls-tree -l 9566788918bc7eace4662e1c02e670b6f42e169c -- /home/bean1134/dotfiles/.config/gh/config.yml [20ms]
2024-12-05 06:05:48.965 [info] > git ls-tree -l 8e5d096f352da38e5e3d976b2f7f07ca9f07918d -- /home/bean1134/dotfiles/.config/gh/config.yml [34ms]
2024-12-05 06:05:48.966 [info] > git ls-tree -l 9566788918bc7eace4662e1c02e670b6f42e169c -- /home/bean1134/dotfiles/.config/gh/hosts.yml [3ms]
2024-12-05 06:05:51.513 [info] > git config --get commit.template [10ms]
2024-12-05 06:05:51.515 [info] > git for-each-ref --format=%(refname)%00%(upstream:short)%00%(objectname)%00%(upstream:track)%00%(upstream:remotename)%00%(upstream:remoteref) refs/heads/main refs/remotes/main [3ms]
2024-12-05 06:05:51.532 [info] > git status -z -uall [8ms]
2024-12-05 06:05:51.534 [info] > git for-each-ref --sort -committerdate --format %(refname) %(objectname) %(*objectname) [2ms]
2024-12-05 06:08:51.386 [info] > git ls-tree -l 8e5d096f352da38e5e3d976b2f7f07ca9f07918d -- /home/bean1134/dotfiles/.config/gh/hosts.yml [10ms]
2024-12-05 06:08:51.387 [info] > git ls-tree -l 9566788918bc7eace4662e1c02e670b6f42e169c -- /home/bean1134/dotfiles/.config/gh/config.yml [18ms]
2024-12-05 06:08:51.387 [info] > git ls-tree -l 8e5d096f352da38e5e3d976b2f7f07ca9f07918d -- /home/bean1134/dotfiles/.config/gh/config.yml [25ms]
2024-12-05 06:08:51.388 [info] > git config --get commit.template [38ms]
2024-12-05 06:08:51.389 [info] > git ls-tree -l 9566788918bc7eace4662e1c02e670b6f42e169c -- /home/bean1134/dotfiles/.config/gh/hosts.yml [4ms]
2024-12-05 06:08:51.398 [info] > git for-each-ref --format=%(refname)%00%(upstream:short)%00%(objectname)%00%(upstream:track)%00%(upstream:remotename)%00%(upstream:remoteref) refs/heads/main refs/remotes/main [2ms]
2024-12-05 06:08:51.411 [info] > git status -z -uall [7ms]
2024-12-05 06:08:51.413 [info] > git for-each-ref --sort -committerdate --format %(refname) %(objectname) %(*objectname) [3ms]
2024-12-05 06:08:56.440 [info] > git config --get commit.template [12ms]
2024-12-05 06:08:56.441 [info] > git for-each-ref --format=%(refname)%00%(upstream:short)%00%(objectname)%00%(upstream:track)%00%(upstream:remotename)%00%(upstream:remoteref) refs/heads/main refs/remotes/main [3ms]
2024-12-05 06:08:56.457 [info] > git status -z -uall [8ms]
2024-12-05 06:08:56.459 [info] > git for-each-ref --sort -committerdate --format %(refname) %(objectname) %(*objectname) [3ms]
2024-12-05 06:11:46.023 [info] > git ls-tree -l 8e5d096f352da38e5e3d976b2f7f07ca9f07918d -- /home/bean1134/dotfiles/.config/gh/hosts.yml [11ms]
2024-12-05 06:11:46.024 [info] > git ls-tree -l 9566788918bc7eace4662e1c02e670b6f42e169c -- /home/bean1134/dotfiles/.config/gh/config.yml [19ms]
2024-12-05 06:11:46.024 [info] > git ls-tree -l 8e5d096f352da38e5e3d976b2f7f07ca9f07918d -- /home/bean1134/dotfiles/.config/gh/config.yml [31ms]
2024-12-05 06:11:46.025 [info] > git config --get commit.template [47ms]
2024-12-05 06:11:46.026 [info] > git ls-tree -l 9566788918bc7eace4662e1c02e670b6f42e169c -- /home/bean1134/dotfiles/.config/gh/hosts.yml [4ms]
2024-12-05 06:11:46.039 [info] > git for-each-ref --format=%(refname)%00%(upstream:short)%00%(objectname)%00%(upstream:track)%00%(upstream:remotename)%00%(upstream:remoteref) refs/heads/main refs/remotes/main [3ms]
2024-12-05 06:11:46.056 [info] > git status -z -uall [10ms]
2024-12-05 06:11:46.058 [info] > git for-each-ref --sort -committerdate --format %(refname) %(objectname) %(*objectname) [3ms]
2024-12-05 06:11:51.073 [info] > git config --get commit.template [2ms]
2024-12-05 06:11:51.086 [info] > git for-each-ref --format=%(refname)%00%(upstream:short)%00%(objectname)%00%(upstream:track)%00%(upstream:remotename)%00%(upstream:remoteref) refs/heads/main refs/remotes/main [3ms]
2024-12-05 06:11:51.103 [info] > git status -z -uall [9ms]
2024-12-05 06:11:51.105 [info] > git for-each-ref --sort -committerdate --format %(refname) %(objectname) %(*objectname) [2ms]
2024-12-05 06:11:57.425 [info] > git ls-tree -l 8e5d096f352da38e5e3d976b2f7f07ca9f07918d -- /home/bean1134/dotfiles/.config/gh/hosts.yml [11ms]
2024-12-05 06:11:57.426 [info] > git ls-tree -l 9566788918bc7eace4662e1c02e670b6f42e169c -- /home/bean1134/dotfiles/.config/gh/config.yml [19ms]
2024-12-05 06:11:57.426 [info] > git ls-tree -l 8e5d096f352da38e5e3d976b2f7f07ca9f07918d -- /home/bean1134/dotfiles/.config/gh/config.yml [27ms]
2024-12-05 06:11:57.427 [info] > git config --get commit.template [38ms]
2024-12-05 06:11:57.428 [info] > git ls-tree -l 9566788918bc7eace4662e1c02e670b6f42e169c -- /home/bean1134/dotfiles/.config/gh/hosts.yml [4ms]
2024-12-05 06:11:57.436 [info] > git for-each-ref --format=%(refname)%00%(upstream:short)%00%(objectname)%00%(upstream:track)%00%(upstream:remotename)%00%(upstream:remoteref) refs/heads/main refs/remotes/main [1ms]
2024-12-05 06:11:57.447 [info] > git status -z -uall [6ms]
2024-12-05 06:11:57.448 [info] > git for-each-ref --sort -committerdate --format %(refname) %(objectname) %(*objectname) [2ms]
2024-12-05 07:12:27.797 [info] > git ls-tree -l 8e5d096f352da38e5e3d976b2f7f07ca9f07918d -- /home/bean1134/dotfiles/.config/gh/hosts.yml [10ms]
2024-12-05 07:12:27.798 [info] > git ls-tree -l 9566788918bc7eace4662e1c02e670b6f42e169c -- /home/bean1134/dotfiles/.config/gh/config.yml [20ms]
2024-12-05 07:12:27.798 [info] > git ls-tree -l 8e5d096f352da38e5e3d976b2f7f07ca9f07918d -- /home/bean1134/dotfiles/.config/gh/config.yml [30ms]
2024-12-05 07:12:27.799 [info] > git config --get commit.template [43ms]
2024-12-05 07:12:27.800 [info] > git ls-tree -l 9566788918bc7eace4662e1c02e670b6f42e169c -- /home/bean1134/dotfiles/.config/gh/hosts.yml [4ms]
2024-12-05 07:12:27.809 [info] > git for-each-ref --format=%(refname)%00%(upstream:short)%00%(objectname)%00%(upstream:track)%00%(upstream:remotename)%00%(upstream:remoteref) refs/heads/main refs/remotes/main [3ms]
2024-12-05 07:12:27.823 [info] > git status -z -uall [8ms]
2024-12-05 07:12:27.824 [info] > git for-each-ref --sort -committerdate --format %(refname) %(objectname) %(*objectname) [2ms]
2024-12-05 07:12:32.852 [info] > git config --get commit.template [11ms]
2024-12-05 07:12:32.854 [info] > git for-each-ref --format=%(refname)%00%(upstream:short)%00%(objectname)%00%(upstream:track)%00%(upstream:remotename)%00%(upstream:remoteref) refs/heads/main refs/remotes/main [2ms]
2024-12-05 07:12:32.870 [info] > git status -z -uall [7ms]
2024-12-05 07:12:32.872 [info] > git for-each-ref --sort -committerdate --format %(refname) %(objectname) %(*objectname) [1ms]
2024-12-05 07:13:03.224 [info] > git ls-tree -l 8e5d096f352da38e5e3d976b2f7f07ca9f07918d -- /home/bean1134/dotfiles/.config/gh/hosts.yml [17ms]
2024-12-05 07:13:03.225 [info] > git ls-tree -l 9566788918bc7eace4662e1c02e670b6f42e169c -- /home/bean1134/dotfiles/.config/gh/config.yml [43ms]
2024-12-05 07:13:03.225 [info] > git ls-tree -l 8e5d096f352da38e5e3d976b2f7f07ca9f07918d -- /home/bean1134/dotfiles/.config/gh/config.yml [55ms]
2024-12-05 07:13:03.226 [info] > git config --get commit.template [67ms]
2024-12-05 07:13:03.227 [info] > git ls-tree -l 9566788918bc7eace4662e1c02e670b6f42e169c -- /home/bean1134/dotfiles/.config/gh/hosts.yml [5ms]
2024-12-05 07:13:03.239 [info] > git for-each-ref --format=%(refname)%00%(upstream:short)%00%(objectname)%00%(upstream:track)%00%(upstream:remotename)%00%(upstream:remoteref) refs/heads/main refs/remotes/main [2ms]
2024-12-05 07:13:03.255 [info] > git status -z -uall [7ms]
2024-12-05 07:13:03.257 [info] > git for-each-ref --sort -committerdate --format %(refname) %(objectname) %(*objectname) [2ms]
2024-12-05 07:13:08.281 [info] > git config --get commit.template [11ms]
2024-12-05 07:13:08.283 [info] > git for-each-ref --format=%(refname)%00%(upstream:short)%00%(objectname)%00%(upstream:track)%00%(upstream:remotename)%00%(upstream:remoteref) refs/heads/main refs/remotes/main [3ms]
2024-12-05 07:13:08.300 [info] > git status -z -uall [8ms]
2024-12-05 07:13:08.303 [info] > git for-each-ref --sort -committerdate --format %(refname) %(objectname) %(*objectname) [2ms]
2024-12-05 07:13:34.729 [info] > git ls-tree -l 8e5d096f352da38e5e3d976b2f7f07ca9f07918d -- /home/bean1134/dotfiles/.config/gh/hosts.yml [9ms]
2024-12-05 07:13:34.729 [info] > git ls-tree -l 9566788918bc7eace4662e1c02e670b6f42e169c -- /home/bean1134/dotfiles/.config/gh/config.yml [18ms]
2024-12-05 07:13:34.730 [info] > git ls-tree -l 8e5d096f352da38e5e3d976b2f7f07ca9f07918d -- /home/bean1134/dotfiles/.config/gh/config.yml [26ms]
2024-12-05 07:13:34.730 [info] > git config --get commit.template [38ms]
2024-12-05 07:13:34.731 [info] > git ls-tree -l 9566788918bc7eace4662e1c02e670b6f42e169c -- /home/bean1134/dotfiles/.config/gh/hosts.yml [3ms]
2024-12-05 07:13:34.740 [info] > git for-each-ref --format=%(refname)%00%(upstream:short)%00%(objectname)%00%(upstream:track)%00%(upstream:remotename)%00%(upstream:remoteref) refs/heads/main refs/remotes/main [2ms]
2024-12-05 07:13:34.753 [info] > git status -z -uall [8ms]
2024-12-05 07:13:34.754 [info] > git for-each-ref --sort -committerdate --format %(refname) %(objectname) %(*objectname) [2ms]
2024-12-05 07:13:39.773 [info] > git config --get commit.template [9ms]
2024-12-05 07:13:39.774 [info] > git for-each-ref --format=%(refname)%00%(upstream:short)%00%(objectname)%00%(upstream:track)%00%(upstream:remotename)%00%(upstream:remoteref) refs/heads/main refs/remotes/main [2ms]
2024-12-05 07:13:39.787 [info] > git status -z -uall [6ms]
2024-12-05 07:13:39.789 [info] > git for-each-ref --sort -committerdate --format %(refname) %(objectname) %(*objectname) [2ms]
2024-12-05 07:14:10.863 [info] > git ls-tree -l 8e5d096f352da38e5e3d976b2f7f07ca9f07918d -- /home/bean1134/dotfiles/.config/gh/hosts.yml [8ms]
2024-12-05 07:14:10.864 [info] > git ls-tree -l 9566788918bc7eace4662e1c02e670b6f42e169c -- /home/bean1134/dotfiles/.config/gh/config.yml [17ms]
2024-12-05 07:14:10.865 [info] > git ls-tree -l 8e5d096f352da38e5e3d976b2f7f07ca9f07918d -- /home/bean1134/dotfiles/.config/gh/config.yml [25ms]
2024-12-05 07:14:10.865 [info] > git config --get commit.template [35ms]
2024-12-05 07:14:10.866 [info] > git ls-tree -l 9566788918bc7eace4662e1c02e670b6f42e169c -- /home/bean1134/dotfiles/.config/gh/hosts.yml [3ms]
2024-12-05 07:14:10.875 [info] > git for-each-ref --format=%(refname)%00%(upstream:short)%00%(objectname)%00%(upstream:track)%00%(upstream:remotename)%00%(upstream:remoteref) refs/heads/main refs/remotes/main [2ms]
2024-12-05 07:14:10.889 [info] > git status -z -uall [7ms]
2024-12-05 07:14:10.891 [info] > git for-each-ref --sort -committerdate --format %(refname) %(objectname) %(*objectname) [2ms]
2024-12-05 07:14:15.913 [info] > git config --get commit.template [11ms]
2024-12-05 07:14:15.915 [info] > git for-each-ref --format=%(refname)%00%(upstream:short)%00%(objectname)%00%(upstream:track)%00%(upstream:remotename)%00%(upstream:remoteref) refs/heads/main refs/remotes/main [3ms]
2024-12-05 07:14:15.932 [info] > git status -z -uall [7ms]
2024-12-05 07:14:15.935 [info] > git for-each-ref --sort -committerdate --format %(refname) %(objectname) %(*objectname) [4ms]
2024-12-05 10:27:57.431 [info] > git ls-tree -l 8e5d096f352da38e5e3d976b2f7f07ca9f07918d -- /home/bean1134/dotfiles/.config/gh/hosts.yml [9ms]
2024-12-05 10:27:57.433 [info] > git ls-tree -l 9566788918bc7eace4662e1c02e670b6f42e169c -- /home/bean1134/dotfiles/.config/gh/config.yml [18ms]
2024-12-05 10:27:57.433 [info] > git ls-tree -l 8e5d096f352da38e5e3d976b2f7f07ca9f07918d -- /home/bean1134/dotfiles/.config/gh/config.yml [30ms]
2024-12-05 10:27:57.434 [info] > git config --get commit.template [46ms]
2024-12-05 10:27:57.435 [info] > git ls-tree -l 9566788918bc7eace4662e1c02e670b6f42e169c -- /home/bean1134/dotfiles/.config/gh/hosts.yml [5ms]
2024-12-05 10:27:57.444 [info] > git for-each-ref --format=%(refname)%00%(upstream:short)%00%(objectname)%00%(upstream:track)%00%(upstream:remotename)%00%(upstream:remoteref) refs/heads/main refs/remotes/main [2ms]
2024-12-05 10:27:57.459 [info] > git status -z -uall [8ms]
2024-12-05 10:27:57.460 [info] > git for-each-ref --sort -committerdate --format %(refname) %(objectname) %(*objectname) [3ms]
2024-12-05 10:28:05.567 [info] > git show --textconv :.config/sway/config.d/65-mode-passthrough.conf [12ms]
2024-12-05 10:28:05.568 [info] > git ls-files --stage -- /home/bean1134/dotfiles/.config/sway/config.d/65-mode-passthrough.conf [3ms]
2024-12-05 10:28:06.637 [info] > git config --get commit.template [7ms]
2024-12-05 10:28:06.639 [info] > git for-each-ref --format=%(refname)%00%(upstream:short)%00%(objectname)%00%(upstream:track)%00%(upstream:remotename)%00%(upstream:remoteref) refs/heads/main refs/remotes/main [3ms]
2024-12-05 10:28:06.654 [info] > git status -z -uall [7ms]
2024-12-05 10:28:06.655 [info] > git for-each-ref --sort -committerdate --format %(refname) %(objectname) %(*objectname) [2ms]
2024-12-05 10:28:09.690 [info] > git show --textconv :.config/sway/config.d/90-bar.conf [10ms]
2024-12-05 10:28:09.691 [info] > git ls-files --stage -- /home/bean1134/dotfiles/.config/sway/config.d/90-bar.conf [2ms]
2024-12-05 10:28:12.914 [info] > git config --get commit.template [11ms]
2024-12-05 10:28:12.916 [info] > git for-each-ref --format=%(refname)%00%(upstream:short)%00%(objectname)%00%(upstream:track)%00%(upstream:remotename)%00%(upstream:remoteref) refs/heads/main refs/remotes/main [3ms]
2024-12-05 10:28:12.931 [info] > git status -z -uall [8ms]
2024-12-05 10:28:12.933 [info] > git for-each-ref --sort -committerdate --format %(refname) %(objectname) %(*objectname) [3ms]
2024-12-05 10:28:14.144 [info] > git show --textconv :.config/sway/config.d/95-autostart-policykit-agent.conf [11ms]
2024-12-05 10:28:14.146 [info] > git ls-files --stage -- /home/bean1134/dotfiles/.config/sway/config.d/95-autostart-policykit-agent.conf [3ms]
2024-12-05 10:28:16.685 [info] > git show --textconv :.config/sway/config.d/95-xdg-desktop-autostart.conf [10ms]
2024-12-05 10:28:16.687 [info] > git ls-files --stage -- /home/bean1134/dotfiles/.config/sway/config.d/95-xdg-desktop-autostart.conf [2ms]
2024-12-05 10:28:18.950 [info] > git config --get commit.template [11ms]
2024-12-05 10:28:18.951 [info] > git for-each-ref --format=%(refname)%00%(upstream:short)%00%(objectname)%00%(upstream:track)%00%(upstream:remotename)%00%(upstream:remoteref) refs/heads/main refs/remotes/main [1ms]
2024-12-05 10:28:18.967 [info] > git status -z -uall [8ms]
2024-12-05 10:28:18.969 [info] > git for-each-ref --sort -committerdate --format %(refname) %(objectname) %(*objectname) [3ms]
2024-12-05 10:28:19.229 [info] > git show --textconv :.config/sway/config.d/95-xdg-user-dirs.conf [11ms]
2024-12-05 10:28:19.231 [info] > git ls-files --stage -- /home/bean1134/dotfiles/.config/sway/config.d/95-xdg-user-dirs.conf [3ms]
2024-12-05 10:28:23.216 [info] > git check-ignore -v -z --stdin [2ms]
2024-12-05 10:28:23.996 [info] > git config --get commit.template [13ms]
2024-12-05 10:28:23.998 [info] > git for-each-ref --format=%(refname)%00%(upstream:short)%00%(objectname)%00%(upstream:track)%00%(upstream:remotename)%00%(upstream:remoteref) refs/heads/main refs/remotes/main [3ms]
2024-12-05 10:28:24.013 [info] > git status -z -uall [8ms]
2024-12-05 10:28:24.015 [info] > git for-each-ref --sort -committerdate --format %(refname) %(objectname) %(*objectname) [3ms]
2024-12-05 10:29:16.013 [info] > git ls-tree -l 8e5d096f352da38e5e3d976b2f7f07ca9f07918d -- /home/bean1134/dotfiles/.config/gh/hosts.yml [21ms]
2024-12-05 10:29:16.015 [info] > git ls-tree -l 9566788918bc7eace4662e1c02e670b6f42e169c -- /home/bean1134/dotfiles/.config/gh/config.yml [37ms]
2024-12-05 10:29:16.015 [info] > git ls-tree -l 8e5d096f352da38e5e3d976b2f7f07ca9f07918d -- /home/bean1134/dotfiles/.config/gh/config.yml [49ms]
2024-12-05 10:29:16.016 [info] > git config --get commit.template [58ms]
2024-12-05 10:29:16.017 [info] > git ls-tree -l 9566788918bc7eace4662e1c02e670b6f42e169c -- /home/bean1134/dotfiles/.config/gh/hosts.yml [5ms]
2024-12-05 10:29:16.038 [info] > git for-each-ref --format=%(refname)%00%(upstream:short)%00%(objectname)%00%(upstream:track)%00%(upstream:remotename)%00%(upstream:remoteref) refs/heads/main refs/remotes/main [3ms]
2024-12-05 10:29:16.066 [info] > git status -z -uall [15ms]
2024-12-05 10:29:16.067 [info] > git for-each-ref --sort -committerdate --format %(refname) %(objectname) %(*objectname) [3ms]
2024-12-05 10:29:21.093 [info] > git config --get commit.template [8ms]
2024-12-05 10:29:21.095 [info] > git for-each-ref --format=%(refname)%00%(upstream:short)%00%(objectname)%00%(upstream:track)%00%(upstream:remotename)%00%(upstream:remoteref) refs/heads/main refs/remotes/main [2ms]
2024-12-05 10:29:21.111 [info] > git status -z -uall [7ms]
2024-12-05 10:29:21.114 [info] > git for-each-ref --sort -committerdate --format %(refname) %(objectname) %(*objectname) [3ms]
2024-12-05 10:29:58.698 [info] > git ls-tree -l 8e5d096f352da38e5e3d976b2f7f07ca9f07918d -- /home/bean1134/dotfiles/.config/gh/hosts.yml [10ms]
2024-12-05 10:29:58.699 [info] > git ls-tree -l 9566788918bc7eace4662e1c02e670b6f42e169c -- /home/bean1134/dotfiles/.config/gh/config.yml [19ms]
2024-12-05 10:29:58.699 [info] > git ls-tree -l 8e5d096f352da38e5e3d976b2f7f07ca9f07918d -- /home/bean1134/dotfiles/.config/gh/config.yml [29ms]
2024-12-05 10:29:58.700 [info] > git config --get commit.template [39ms]
2024-12-05 10:29:58.701 [info] > git ls-tree -l 9566788918bc7eace4662e1c02e670b6f42e169c -- /home/bean1134/dotfiles/.config/gh/hosts.yml [4ms]
2024-12-05 10:29:58.710 [info] > git for-each-ref --format=%(refname)%00%(upstream:short)%00%(objectname)%00%(upstream:track)%00%(upstream:remotename)%00%(upstream:remoteref) refs/heads/main refs/remotes/main [2ms]
2024-12-05 10:29:58.723 [info] > git status -z -uall [7ms]
2024-12-05 10:29:58.724 [info] > git for-each-ref --sort -committerdate --format %(refname) %(objectname) %(*objectname) [2ms]
2024-12-05 10:30:07.192 [info] > git show --textconv :.config/sway/config [11ms]
2024-12-05 10:30:07.193 [info] > git ls-files --stage -- /home/bean1134/dotfiles/.config/sway/config [2ms]
2024-12-05 10:30:07.455 [info] > git check-ignore -v -z --stdin [3ms]
2024-12-05 10:30:08.332 [info] > git config --get commit.template [1ms]
2024-12-05 10:30:08.340 [info] > git for-each-ref --format=%(refname)%00%(upstream:short)%00%(objectname)%00%(upstream:track)%00%(upstream:remotename)%00%(upstream:remoteref) refs/heads/main refs/remotes/main [2ms]
2024-12-05 10:30:08.361 [info] > git status -z -uall [14ms]
2024-12-05 10:30:08.362 [info] > git for-each-ref --sort -committerdate --format %(refname) %(objectname) %(*objectname) [2ms]
2024-12-05 10:30:13.394 [info] > git config --get commit.template [11ms]
2024-12-05 10:30:13.396 [info] > git for-each-ref --format=%(refname)%00%(upstream:short)%00%(objectname)%00%(upstream:track)%00%(upstream:remotename)%00%(upstream:remoteref) refs/heads/main refs/remotes/main [3ms]
2024-12-05 10:30:13.416 [info] > git status -z -uall [10ms]
2024-12-05 10:30:13.417 [info] > git for-each-ref --sort -committerdate --format %(refname) %(objectname) %(*objectname) [2ms]
2024-12-05 10:30:26.876 [info] > git ls-tree -l 8e5d096f352da38e5e3d976b2f7f07ca9f07918d -- /home/bean1134/dotfiles/.config/gh/hosts.yml [9ms]
2024-12-05 10:30:26.877 [info] > git ls-tree -l 9566788918bc7eace4662e1c02e670b6f42e169c -- /home/bean1134/dotfiles/.config/gh/config.yml [21ms]
2024-12-05 10:30:26.878 [info] > git ls-tree -l 8e5d096f352da38e5e3d976b2f7f07ca9f07918d -- /home/bean1134/dotfiles/.config/gh/config.yml [34ms]
2024-12-05 10:30:26.879 [info] > git ls-tree -l 9566788918bc7eace4662e1c02e670b6f42e169c -- /home/bean1134/dotfiles/.config/gh/hosts.yml [4ms]
2024-12-05 10:30:38.421 [info] > git ls-tree -l 9566788918bc7eace4662e1c02e670b6f42e169c -- /home/bean1134/dotfiles/.config/gh/config.yml [10ms]
2024-12-05 10:30:38.421 [info] > git ls-tree -l 8e5d096f352da38e5e3d976b2f7f07ca9f07918d -- /home/bean1134/dotfiles/.config/gh/config.yml [21ms]
2024-12-05 10:30:38.432 [info] > git ls-tree -l 8e5d096f352da38e5e3d976b2f7f07ca9f07918d -- /home/bean1134/dotfiles/.config/gh/hosts.yml [12ms]
2024-12-05 10:30:38.434 [info] > git ls-tree -l 9566788918bc7eace4662e1c02e670b6f42e169c -- /home/bean1134/dotfiles/.config/gh/hosts.yml [4ms]
2024-12-05 10:30:38.483 [info] > git config --get commit.template [10ms]
2024-12-05 10:30:38.484 [info] > git for-each-ref --format=%(refname)%00%(upstream:short)%00%(objectname)%00%(upstream:track)%00%(upstream:remotename)%00%(upstream:remoteref) refs/heads/main refs/remotes/main [2ms]
2024-12-05 10:30:38.501 [info] > git status -z -uall [10ms]
2024-12-05 10:30:38.503 [info] > git for-each-ref --sort -committerdate --format %(refname) %(objectname) %(*objectname) [3ms]
2024-12-05 10:30:38.849 [info] > git show --textconv :.config/sway/config.d/95-xdg-user-dirs.conf [11ms]
2024-12-05 10:30:38.850 [info] > git ls-files --stage -- /home/bean1134/dotfiles/.config/sway/config.d/95-xdg-user-dirs.conf [2ms]
2024-12-05 10:32:17.168 [info] > git ls-tree -l 8e5d096f352da38e5e3d976b2f7f07ca9f07918d -- /home/bean1134/dotfiles/.config/gh/hosts.yml [15ms]
2024-12-05 10:32:17.169 [info] > git ls-tree -l 9566788918bc7eace4662e1c02e670b6f42e169c -- /home/bean1134/dotfiles/.config/gh/config.yml [30ms]
2024-12-05 10:32:17.169 [info] > git ls-tree -l 8e5d096f352da38e5e3d976b2f7f07ca9f07918d -- /home/bean1134/dotfiles/.config/gh/config.yml [42ms]
2024-12-05 10:32:17.172 [info] > git config --get commit.template [62ms]
2024-12-05 10:32:17.174 [info] > git ls-tree -l 9566788918bc7eace4662e1c02e670b6f42e169c -- /home/bean1134/dotfiles/.config/gh/hosts.yml [7ms]
2024-12-05 10:32:17.185 [info] > git for-each-ref --format=%(refname)%00%(upstream:short)%00%(objectname)%00%(upstream:track)%00%(upstream:remotename)%00%(upstream:remoteref) refs/heads/main refs/remotes/main [2ms]
2024-12-05 10:32:17.211 [info] > git status -z -uall [16ms]
2024-12-05 10:32:17.215 [info] > git for-each-ref --sort -committerdate --format %(refname) %(objectname) %(*objectname) [5ms]
2024-12-05 10:32:22.242 [info] > git config --get commit.template [9ms]
2024-12-05 10:32:22.243 [info] > git for-each-ref --format=%(refname)%00%(upstream:short)%00%(objectname)%00%(upstream:track)%00%(upstream:remotename)%00%(upstream:remoteref) refs/heads/main refs/remotes/main [2ms]
2024-12-05 10:32:22.259 [info] > git status -z -uall [8ms]
2024-12-05 10:32:22.261 [info] > git for-each-ref --sort -committerdate --format %(refname) %(objectname) %(*objectname) [2ms]
2024-12-05 10:32:25.952 [info] > git show --textconv :.config/sway/config [11ms]
2024-12-05 10:32:25.953 [info] > git ls-files --stage -- /home/bean1134/dotfiles/.config/sway/config [2ms]
2024-12-05 10:32:27.287 [info] > git config --get commit.template [11ms]
2024-12-05 10:32:27.288 [info] > git for-each-ref --format=%(refname)%00%(upstream:short)%00%(objectname)%00%(upstream:track)%00%(upstream:remotename)%00%(upstream:remoteref) refs/heads/main refs/remotes/main [2ms]
2024-12-05 10:32:27.305 [info] > git status -z -uall [10ms]
2024-12-05 10:32:27.308 [info] > git for-each-ref --sort -committerdate --format %(refname) %(objectname) %(*objectname) [4ms]
2024-12-05 10:32:32.334 [info] > git config --get commit.template [11ms]
2024-12-05 10:32:32.336 [info] > git for-each-ref --format=%(refname)%00%(upstream:short)%00%(objectname)%00%(upstream:track)%00%(upstream:remotename)%00%(upstream:remoteref) refs/heads/main refs/remotes/main [3ms]
2024-12-05 10:32:32.353 [info] > git status -z -uall [7ms]
2024-12-05 10:32:32.355 [info] > git for-each-ref --sort -committerdate --format %(refname) %(objectname) %(*objectname) [2ms]
2024-12-05 10:32:37.380 [info] > git config --get commit.template [9ms]
2024-12-05 10:32:37.382 [info] > git for-each-ref --format=%(refname)%00%(upstream:short)%00%(objectname)%00%(upstream:track)%00%(upstream:remotename)%00%(upstream:remoteref) refs/heads/main refs/remotes/main [3ms]
2024-12-05 10:32:37.398 [info] > git status -z -uall [9ms]
2024-12-05 10:32:37.400 [info] > git for-each-ref --sort -committerdate --format %(refname) %(objectname) %(*objectname) [4ms]
2024-12-05 10:32:42.426 [info] > git config --get commit.template [11ms]
2024-12-05 10:32:42.427 [info] > git for-each-ref --format=%(refname)%00%(upstream:short)%00%(objectname)%00%(upstream:track)%00%(upstream:remotename)%00%(upstream:remoteref) refs/heads/main refs/remotes/main [2ms]
2024-12-05 10:32:42.441 [info] > git status -z -uall [7ms]
2024-12-05 10:32:42.443 [info] > git for-each-ref --sort -committerdate --format %(refname) %(objectname) %(*objectname) [3ms]
2024-12-05 10:32:48.535 [info] > git config --get commit.template [2ms]
2024-12-05 10:32:48.546 [info] > git for-each-ref --format=%(refname)%00%(upstream:short)%00%(objectname)%00%(upstream:track)%00%(upstream:remotename)%00%(upstream:remoteref) refs/heads/main refs/remotes/main [2ms]
2024-12-05 10:32:48.561 [info] > git status -z -uall [8ms]
2024-12-05 10:32:48.563 [info] > git for-each-ref --sort -committerdate --format %(refname) %(objectname) %(*objectname) [2ms]
2024-12-05 10:32:55.260 [info] > git config --get commit.template [1ms]
2024-12-05 10:32:55.271 [info] > git for-each-ref --format=%(refname)%00%(upstream:short)%00%(objectname)%00%(upstream:track)%00%(upstream:remotename)%00%(upstream:remoteref) refs/heads/main refs/remotes/main [2ms]
2024-12-05 10:32:55.284 [info] > git status -z -uall [6ms]
2024-12-05 10:32:55.285 [info] > git for-each-ref --sort -committerdate --format %(refname) %(objectname) %(*objectname) [2ms]
2024-12-05 10:33:00.310 [info] > git config --get commit.template [10ms]
2024-12-05 10:33:00.311 [info] > git for-each-ref --format=%(refname)%00%(upstream:short)%00%(objectname)%00%(upstream:track)%00%(upstream:remotename)%00%(upstream:remoteref) refs/heads/main refs/remotes/main [2ms]
2024-12-05 10:33:00.328 [info] > git status -z -uall [6ms]
2024-12-05 10:33:00.330 [info] > git for-each-ref --sort -committerdate --format %(refname) %(objectname) %(*objectname) [2ms]
2024-12-05 10:33:05.354 [info] > git config --get commit.template [10ms]
2024-12-05 10:33:05.355 [info] > git for-each-ref --format=%(refname)%00%(upstream:short)%00%(objectname)%00%(upstream:track)%00%(upstream:remotename)%00%(upstream:remoteref) refs/heads/main refs/remotes/main [2ms]
2024-12-05 10:33:05.370 [info] > git status -z -uall [8ms]
2024-12-05 10:33:05.371 [info] > git for-each-ref --sort -committerdate --format %(refname) %(objectname) %(*objectname) [2ms]
2024-12-05 10:33:10.396 [info] > git config --get commit.template [9ms]
2024-12-05 10:33:10.398 [info] > git for-each-ref --format=%(refname)%00%(upstream:short)%00%(objectname)%00%(upstream:track)%00%(upstream:remotename)%00%(upstream:remoteref) refs/heads/main refs/remotes/main [2ms]
2024-12-05 10:33:10.415 [info] > git status -z -uall [8ms]
2024-12-05 10:33:10.417 [info] > git for-each-ref --sort -committerdate --format %(refname) %(objectname) %(*objectname) [3ms]
2024-12-05 10:33:15.439 [info] > git config --get commit.template [9ms]
2024-12-05 10:33:15.441 [info] > git for-each-ref --format=%(refname)%00%(upstream:short)%00%(objectname)%00%(upstream:track)%00%(upstream:remotename)%00%(upstream:remoteref) refs/heads/main refs/remotes/main [3ms]
2024-12-05 10:33:15.459 [info] > git status -z -uall [9ms]
2024-12-05 10:33:15.461 [info] > git for-each-ref --sort -committerdate --format %(refname) %(objectname) %(*objectname) [3ms]
2024-12-05 10:33:20.489 [info] > git config --get commit.template [10ms]
2024-12-05 10:33:20.491 [info] > git for-each-ref --format=%(refname)%00%(upstream:short)%00%(objectname)%00%(upstream:track)%00%(upstream:remotename)%00%(upstream:remoteref) refs/heads/main refs/remotes/main [3ms]
2024-12-05 10:33:20.509 [info] > git status -z -uall [9ms]
2024-12-05 10:33:20.510 [info] > git for-each-ref --sort -committerdate --format %(refname) %(objectname) %(*objectname) [2ms]
2024-12-05 10:33:25.571 [info] > git config --get commit.template [11ms]
2024-12-05 10:33:25.572 [info] > git for-each-ref --format=%(refname)%00%(upstream:short)%00%(objectname)%00%(upstream:track)%00%(upstream:remotename)%00%(upstream:remoteref) refs/heads/main refs/remotes/main [2ms]
2024-12-05 10:33:25.587 [info] > git status -z -uall [7ms]
2024-12-05 10:33:25.588 [info] > git for-each-ref --sort -committerdate --format %(refname) %(objectname) %(*objectname) [1ms]
2024-12-05 10:33:30.617 [info] > git config --get commit.template [9ms]
2024-12-05 10:33:30.619 [info] > git for-each-ref --format=%(refname)%00%(upstream:short)%00%(objectname)%00%(upstream:track)%00%(upstream:remotename)%00%(upstream:remoteref) refs/heads/main refs/remotes/main [3ms]
2024-12-05 10:33:30.635 [info] > git status -z -uall [8ms]
2024-12-05 10:33:30.636 [info] > git for-each-ref --sort -committerdate --format %(refname) %(objectname) %(*objectname) [2ms]
2024-12-05 10:33:32.951 [info] > git ls-tree -l 9566788918bc7eace4662e1c02e670b6f42e169c -- /home/bean1134/dotfiles/.config/gh/config.yml [10ms]
2024-12-05 10:33:32.952 [info] > git ls-tree -l 8e5d096f352da38e5e3d976b2f7f07ca9f07918d -- /home/bean1134/dotfiles/.config/gh/config.yml [20ms]
2024-12-05 10:33:32.962 [info] > git ls-tree -l 8e5d096f352da38e5e3d976b2f7f07ca9f07918d -- /home/bean1134/dotfiles/.config/gh/hosts.yml [12ms]
2024-12-05 10:33:32.963 [info] > git ls-tree -l 9566788918bc7eace4662e1c02e670b6f42e169c -- /home/bean1134/dotfiles/.config/gh/hosts.yml [2ms]
2024-12-05 10:33:33.336 [info] > git show --textconv :.config/sway/config.d/95-xdg-user-dirs.conf [10ms]
2024-12-05 10:33:33.337 [info] > git ls-files --stage -- /home/bean1134/dotfiles/.config/sway/config.d/95-xdg-user-dirs.conf [2ms]
2024-12-05 10:33:35.661 [info] > git config --get commit.template [11ms]
2024-12-05 10:33:35.662 [info] > git for-each-ref --format=%(refname)%00%(upstream:short)%00%(objectname)%00%(upstream:track)%00%(upstream:remotename)%00%(upstream:remoteref) refs/heads/main refs/remotes/main [2ms]
2024-12-05 10:33:35.676 [info] > git status -z -uall [8ms]
2024-12-05 10:33:35.677 [info] > git for-each-ref --sort -committerdate --format %(refname) %(objectname) %(*objectname) [2ms]
