2024-12-05 15:44:13.588 [info] [main] Log level: Info
2024-12-05 15:44:13.588 [info] [main] Validating found git in: "git"
2024-12-05 15:44:13.588 [info] [main] Using git "2.47.1" from "git"
2024-12-05 15:44:13.588 [info] [Model][doInitialScan] Initial repository scan started
2024-12-05 15:44:13.588 [info] > git rev-parse --show-toplevel [7ms]
2024-12-05 15:44:13.588 [info] > git rev-parse --git-dir --git-common-dir [5ms]
2024-12-05 15:44:13.588 [info] [Model][openRepository] Opened repository: /home/bean1134/dotfiles
2024-12-05 15:44:13.630 [info] > git rev-parse --show-toplevel [31ms]
2024-12-05 15:44:13.631 [info] > git config --get commit.template [36ms]
2024-12-05 15:44:13.647 [info] > git for-each-ref --format=%(refname)%00%(upstream:short)%00%(objectname)%00%(upstream:track)%00%(upstream:remotename)%00%(upstream:remoteref) refs/heads/main refs/remotes/main [3ms]
2024-12-05 15:44:13.647 [info] > git rev-parse --show-toplevel [11ms]
2024-12-05 15:44:13.663 [info] > git rev-parse --show-toplevel [12ms]
2024-12-05 15:44:13.687 [info] > git rev-parse --show-toplevel [14ms]
2024-12-05 15:44:13.693 [info] > git for-each-ref --sort -committerdate --format %(refname) %(objectname) %(*objectname) [6ms]
2024-12-05 15:44:13.696 [info] > git rev-parse --show-toplevel [4ms]
2024-12-05 15:44:13.697 [info] [Model][doInitialScan] Initial repository scan completed - repositories (1), closed repositories (0), parent repositories (0), unsafe repositories (0)
2024-12-05 15:44:13.729 [info] > git status -z -uall [48ms]
2024-12-05 15:44:13.753 [info] > git for-each-ref --format=%(refname)%00%(upstream:short)%00%(objectname)%00%(upstream:track)%00%(upstream:remotename)%00%(upstream:remoteref) refs/heads/main refs/remotes/main [9ms]
2024-12-05 15:44:13.766 [info] > git config --local branch.main.vscode-merge-base [4ms]
2024-12-05 15:44:13.767 [warning] [Git][config] git config failed: Failed to execute git
2024-12-05 15:44:13.771 [info] > git config --get commit.template [19ms]
2024-12-05 15:44:13.820 [info] > git for-each-ref --format=%(refname)%00%(upstream:short)%00%(objectname)%00%(upstream:track)%00%(upstream:remotename)%00%(upstream:remoteref) refs/heads/main refs/remotes/main [42ms]
2024-12-05 15:44:13.820 [info] > git reflog main --grep-reflog=branch: Created from *. [49ms]
2024-12-05 15:44:13.829 [info] > git symbolic-ref --short refs/remotes/origin/HEAD [4ms]
2024-12-05 15:44:13.829 [info] fatal: ref refs/remotes/origin/HEAD is not a symbolic ref
2024-12-05 15:44:13.829 [warning] [Repository][getDefaultBranch] Failed to get default branch details: Failed to execute git.
2024-12-05 15:44:13.868 [info] > git merge-base refs/heads/main refs/remotes/origin/main [32ms]
2024-12-05 15:44:13.878 [info] > git diff --name-status -z --diff-filter=ADMR 85e5293d01d0ee63fcb3b44f6fdb47f39a7a23ee...refs/remotes/origin/main [3ms]
2024-12-05 15:44:13.892 [info] > git for-each-ref --sort -committerdate --format %(refname) %(objectname) %(*objectname) [2ms]
2024-12-05 15:44:13.908 [info] > git status -z -uall [24ms]
2024-12-05 15:44:14.154 [info] > git check-ignore -v -z --stdin [2ms]
2024-12-05 15:44:14.401 [info] > git show --textconv :.config/waybar/config [9ms]
2024-12-05 15:44:14.403 [info] > git ls-files --stage -- /home/bean1134/dotfiles/.config/waybar/config [3ms]
2024-12-05 15:44:14.436 [info] > git cat-file -s 12349fc4e1908ce229b6e7f2547c698476562b2e [27ms]
2024-12-05 15:44:16.399 [info] > git config --get commit.template [10ms]
2024-12-05 15:44:16.400 [info] > git for-each-ref --format=%(refname)%00%(upstream:short)%00%(objectname)%00%(upstream:track)%00%(upstream:remotename)%00%(upstream:remoteref) refs/heads/main refs/remotes/main [2ms]
2024-12-05 15:44:16.413 [info] > git for-each-ref --sort -committerdate --format %(refname) %(objectname) %(*objectname) [1ms]
2024-12-05 15:44:16.425 [info] > git status -z -uall [20ms]
2024-12-05 15:44:27.479 [info] > git config --get commit.template [5ms]
2024-12-05 15:44:27.481 [info] > git for-each-ref --format=%(refname)%00%(upstream:short)%00%(objectname)%00%(upstream:track)%00%(upstream:remotename)%00%(upstream:remoteref) refs/heads/main refs/remotes/main [3ms]
2024-12-05 15:44:27.497 [info] > git for-each-ref --sort -committerdate --format %(refname) %(objectname) %(*objectname) [1ms]
2024-12-05 15:44:27.510 [info] > git status -z -uall [21ms]
2024-12-05 15:44:36.360 [info] > git config --get commit.template [7ms]
2024-12-05 15:44:36.362 [info] > git for-each-ref --format=%(refname)%00%(upstream:short)%00%(objectname)%00%(upstream:track)%00%(upstream:remotename)%00%(upstream:remoteref) refs/heads/main refs/remotes/main [3ms]
2024-12-05 15:44:36.378 [info] > git for-each-ref --sort -committerdate --format %(refname) %(objectname) %(*objectname) [2ms]
2024-12-05 15:44:36.391 [info] > git status -z -uall [21ms]
2024-12-05 15:44:47.490 [info] > git config --get commit.template [10ms]
2024-12-05 15:44:47.491 [info] > git for-each-ref --format=%(refname)%00%(upstream:short)%00%(objectname)%00%(upstream:track)%00%(upstream:remotename)%00%(upstream:remoteref) refs/heads/main refs/remotes/main [1ms]
2024-12-05 15:44:47.501 [info] > git for-each-ref --sort -committerdate --format %(refname) %(objectname) %(*objectname) [1ms]
2024-12-05 15:44:47.512 [info] > git status -z -uall [17ms]
2024-12-05 15:45:13.515 [info] > git config --get commit.template [10ms]
2024-12-05 15:45:13.515 [info] > git for-each-ref --format=%(refname)%00%(upstream:short)%00%(objectname)%00%(upstream:track)%00%(upstream:remotename)%00%(upstream:remoteref) refs/heads/main refs/remotes/main [2ms]
2024-12-05 15:45:13.527 [info] > git for-each-ref --sort -committerdate --format %(refname) %(objectname) %(*objectname) [2ms]
2024-12-05 15:45:13.541 [info] > git status -z -uall [21ms]
2024-12-05 15:48:52.697 [info] > git config --get commit.template [5ms]
2024-12-05 15:48:52.698 [info] > git for-each-ref --format=%(refname)%00%(upstream:short)%00%(objectname)%00%(upstream:track)%00%(upstream:remotename)%00%(upstream:remoteref) refs/heads/main refs/remotes/main [3ms]
2024-12-05 15:48:52.715 [info] > git for-each-ref --sort -committerdate --format %(refname) %(objectname) %(*objectname) [2ms]
2024-12-05 15:48:52.728 [info] > git status -z -uall [22ms]
2024-12-05 15:49:07.570 [info] > git config --get commit.template [7ms]
2024-12-05 15:49:07.571 [info] > git for-each-ref --format=%(refname)%00%(upstream:short)%00%(objectname)%00%(upstream:track)%00%(upstream:remotename)%00%(upstream:remoteref) refs/heads/main refs/remotes/main [2ms]
2024-12-05 15:49:07.582 [info] > git for-each-ref --sort -committerdate --format %(refname) %(objectname) %(*objectname) [1ms]
2024-12-05 15:49:07.593 [info] > git status -z -uall [17ms]
2024-12-05 15:49:13.668 [info] > git config --get commit.template [10ms]
2024-12-05 15:49:13.670 [info] > git for-each-ref --format=%(refname)%00%(upstream:short)%00%(objectname)%00%(upstream:track)%00%(upstream:remotename)%00%(upstream:remoteref) refs/heads/main refs/remotes/main [3ms]
2024-12-05 15:49:13.683 [info] > git for-each-ref --sort -committerdate --format %(refname) %(objectname) %(*objectname) [2ms]
2024-12-05 15:49:13.696 [info] > git status -z -uall [19ms]
2024-12-05 15:49:22.618 [info] > git config --get commit.template [4ms]
2024-12-05 15:49:22.619 [info] > git for-each-ref --format=%(refname)%00%(upstream:short)%00%(objectname)%00%(upstream:track)%00%(upstream:remotename)%00%(upstream:remoteref) refs/heads/main refs/remotes/main [1ms]
2024-12-05 15:49:22.628 [info] > git for-each-ref --sort -committerdate --format %(refname) %(objectname) %(*objectname) [1ms]
2024-12-05 15:49:22.640 [info] > git status -z -uall [17ms]
2024-12-05 15:49:27.658 [info] > git config --get commit.template [4ms]
2024-12-05 15:49:27.659 [info] > git for-each-ref --format=%(refname)%00%(upstream:short)%00%(objectname)%00%(upstream:track)%00%(upstream:remotename)%00%(upstream:remoteref) refs/heads/main refs/remotes/main [1ms]
2024-12-05 15:49:27.667 [info] > git for-each-ref --sort -committerdate --format %(refname) %(objectname) %(*objectname) [1ms]
2024-12-05 15:49:27.678 [info] > git status -z -uall [16ms]
2024-12-05 15:50:13.605 [info] > git config --get commit.template [9ms]
2024-12-05 15:50:13.606 [info] > git for-each-ref --format=%(refname)%00%(upstream:short)%00%(objectname)%00%(upstream:track)%00%(upstream:remotename)%00%(upstream:remoteref) refs/heads/main refs/remotes/main [2ms]
2024-12-05 15:50:13.619 [info] > git for-each-ref --sort -committerdate --format %(refname) %(objectname) %(*objectname) [2ms]
2024-12-05 15:50:13.631 [info] > git status -z -uall [20ms]
