2024-12-05 19:51:44.144 [info] [main] Log level: Info
2024-12-05 19:51:44.144 [info] [main] Validating found git in: "git"
2024-12-05 19:51:44.144 [info] [main] Using git "2.47.1" from "git"
2024-12-05 19:51:44.144 [info] [Model][doInitialScan] Initial repository scan started
2024-12-05 19:51:44.144 [info] > git rev-parse --show-toplevel [5ms]
2024-12-05 19:51:44.144 [info] > git rev-parse --git-dir --git-common-dir [7ms]
2024-12-05 19:51:44.144 [info] [Model][openRepository] Opened repository: /home/bean1134/dotfiles
2024-12-05 19:51:44.276 [info] > git rev-parse --show-toplevel [109ms]
2024-12-05 19:51:44.278 [info] > git config --get commit.template [120ms]
2024-12-05 19:51:44.351 [info] > git rev-parse --show-toplevel [22ms]
2024-12-05 19:51:44.361 [info] > git for-each-ref --format=%(refname)%00%(upstream:short)%00%(objectname)%00%(upstream:track)%00%(upstream:remotename)%00%(upstream:remoteref) refs/heads/main refs/remotes/main [13ms]
2024-12-05 19:51:44.363 [info] > git rev-parse --show-toplevel [5ms]
2024-12-05 19:51:44.395 [info] > git rev-parse --show-toplevel [25ms]
2024-12-05 19:51:44.408 [info] > git for-each-ref --sort -committerdate --format %(refname) %(objectname) %(*objectname) [13ms]
2024-12-05 19:51:44.410 [info] > git rev-parse --show-toplevel [3ms]
2024-12-05 19:51:44.410 [info] [Model][doInitialScan] Initial repository scan completed - repositories (1), closed repositories (0), parent repositories (0), unsafe repositories (0)
2024-12-05 19:51:44.434 [info] > git status -z -uall [48ms]
2024-12-05 19:51:44.480 [info] > git for-each-ref --format=%(refname)%00%(upstream:short)%00%(objectname)%00%(upstream:track)%00%(upstream:remotename)%00%(upstream:remoteref) refs/heads/main refs/remotes/main [14ms]
2024-12-05 19:51:44.494 [info] > git config --local branch.main.vscode-merge-base [3ms]
2024-12-05 19:51:44.495 [warning] [Git][config] git config failed: Failed to execute git
2024-12-05 19:51:44.503 [info] > git config --get commit.template [25ms]
2024-12-05 19:51:44.511 [info] > git reflog main --grep-reflog=branch: Created from *. [9ms]
2024-12-05 19:51:44.529 [info] > git symbolic-ref --short refs/remotes/origin/HEAD [10ms]
2024-12-05 19:51:44.529 [info] fatal: ref refs/remotes/origin/HEAD is not a symbolic ref
2024-12-05 19:51:44.529 [warning] [Repository][getDefaultBranch] Failed to get default branch details: Failed to execute git.
2024-12-05 19:51:44.683 [info] > git merge-base refs/heads/main refs/remotes/origin/main [143ms]
2024-12-05 19:51:44.692 [info] > git for-each-ref --format=%(refname)%00%(upstream:short)%00%(objectname)%00%(upstream:track)%00%(upstream:remotename)%00%(upstream:remoteref) refs/heads/main refs/remotes/main [164ms]
2024-12-05 19:51:44.716 [info] > git show --textconv :.config/waybar/style.css [13ms]
2024-12-05 19:51:44.716 [info] > git ls-files --stage -- /home/bean1134/dotfiles/.config/waybar/style.css [6ms]
2024-12-05 19:51:44.728 [info] > git diff --name-status -z --diff-filter=ADMR 85e5293d01d0ee63fcb3b44f6fdb47f39a7a23ee...refs/remotes/origin/main [36ms]
2024-12-05 19:51:44.731 [info] > git cat-file -s 7393ba984c882fe93a865cbee43c9d453cb5fd16 [6ms]
2024-12-05 19:51:44.767 [info] > git for-each-ref --sort -committerdate --format %(refname) %(objectname) %(*objectname) [4ms]
2024-12-05 19:51:44.795 [info] > git status -z -uall [49ms]
2024-12-05 19:51:44.795 [info] > git check-ignore -v -z --stdin [3ms]
2024-12-05 19:51:48.995 [info] > git check-ignore -v -z --stdin [2ms]
2024-12-05 19:51:49.734 [info] > git config --get commit.template [9ms]
2024-12-05 19:51:49.735 [info] > git for-each-ref --format=%(refname)%00%(upstream:short)%00%(objectname)%00%(upstream:track)%00%(upstream:remotename)%00%(upstream:remoteref) refs/heads/main refs/remotes/main [2ms]
2024-12-05 19:51:49.753 [info] > git for-each-ref --sort -committerdate --format %(refname) %(objectname) %(*objectname) [2ms]
2024-12-05 19:51:49.783 [info] > git status -z -uall [40ms]
2024-12-05 19:51:50.858 [info] > git check-ignore -v -z --stdin [9ms]
2024-12-05 19:51:54.810 [info] > git config --get commit.template [9ms]
2024-12-05 19:51:54.811 [info] > git for-each-ref --format=%(refname)%00%(upstream:short)%00%(objectname)%00%(upstream:track)%00%(upstream:remotename)%00%(upstream:remoteref) refs/heads/main refs/remotes/main [2ms]
2024-12-05 19:51:54.828 [info] > git for-each-ref --sort -committerdate --format %(refname) %(objectname) %(*objectname) [2ms]
2024-12-05 19:51:54.854 [info] > git status -z -uall [36ms]
2024-12-05 19:51:59.880 [info] > git config --get commit.template [8ms]
2024-12-05 19:51:59.881 [info] > git for-each-ref --format=%(refname)%00%(upstream:short)%00%(objectname)%00%(upstream:track)%00%(upstream:remotename)%00%(upstream:remoteref) refs/heads/main refs/remotes/main [2ms]
2024-12-05 19:51:59.896 [info] > git for-each-ref --sort -committerdate --format %(refname) %(objectname) %(*objectname) [1ms]
2024-12-05 19:51:59.916 [info] > git status -z -uall [27ms]
2024-12-05 19:52:04.945 [info] > git config --get commit.template [9ms]
2024-12-05 19:52:04.946 [info] > git for-each-ref --format=%(refname)%00%(upstream:short)%00%(objectname)%00%(upstream:track)%00%(upstream:remotename)%00%(upstream:remoteref) refs/heads/main refs/remotes/main [2ms]
2024-12-05 19:52:04.964 [info] > git for-each-ref --sort -committerdate --format %(refname) %(objectname) %(*objectname) [1ms]
2024-12-05 19:52:04.981 [info] > git status -z -uall [26ms]
2024-12-05 19:52:10.008 [info] > git config --get commit.template [8ms]
2024-12-05 19:52:10.010 [info] > git for-each-ref --format=%(refname)%00%(upstream:short)%00%(objectname)%00%(upstream:track)%00%(upstream:remotename)%00%(upstream:remoteref) refs/heads/main refs/remotes/main [2ms]
2024-12-05 19:52:10.026 [info] > git for-each-ref --sort -committerdate --format %(refname) %(objectname) %(*objectname) [2ms]
2024-12-05 19:52:10.043 [info] > git status -z -uall [26ms]
2024-12-05 19:52:15.055 [info] > git show --textconv :README.md [16ms]
2024-12-05 19:52:15.074 [info] > git ls-files --stage -- /home/bean1134/dotfiles/README.md [20ms]
2024-12-05 19:52:15.078 [info] > git config --get commit.template [3ms]
2024-12-05 19:52:15.094 [info] > git for-each-ref --format=%(refname)%00%(upstream:short)%00%(objectname)%00%(upstream:track)%00%(upstream:remotename)%00%(upstream:remoteref) refs/heads/main refs/remotes/main [3ms]
2024-12-05 19:52:15.121 [info] > git for-each-ref --sort -committerdate --format %(refname) %(objectname) %(*objectname) [3ms]
2024-12-05 19:52:15.155 [info] > git status -z -uall [49ms]
2024-12-05 19:52:15.219 [info] > git check-ignore -v -z --stdin [2ms]
2024-12-05 19:57:45.254 [info] > git config --get commit.template [9ms]
2024-12-05 19:57:45.254 [info] > git for-each-ref --format=%(refname)%00%(upstream:short)%00%(objectname)%00%(upstream:track)%00%(upstream:remotename)%00%(upstream:remoteref) refs/heads/main refs/remotes/main [2ms]
2024-12-05 19:57:45.271 [info] > git for-each-ref --sort -committerdate --format %(refname) %(objectname) %(*objectname) [2ms]
2024-12-05 19:57:45.286 [info] > git status -z -uall [24ms]
2024-12-05 20:02:23.484 [info] > git config --get commit.template [12ms]
2024-12-05 20:02:23.485 [info] > git for-each-ref --format=%(refname)%00%(upstream:short)%00%(objectname)%00%(upstream:track)%00%(upstream:remotename)%00%(upstream:remoteref) refs/heads/main refs/remotes/main [1ms]
2024-12-05 20:02:23.500 [info] > git for-each-ref --sort -committerdate --format %(refname) %(objectname) %(*objectname) [1ms]
2024-12-05 20:02:23.516 [info] > git status -z -uall [24ms]
2024-12-05 20:03:13.910 [info] > git config --get commit.template [11ms]
2024-12-05 20:03:13.911 [info] > git for-each-ref --format=%(refname)%00%(upstream:short)%00%(objectname)%00%(upstream:track)%00%(upstream:remotename)%00%(upstream:remoteref) refs/heads/main refs/remotes/main [2ms]
2024-12-05 20:03:13.927 [info] > git for-each-ref --sort -committerdate --format %(refname) %(objectname) %(*objectname) [1ms]
2024-12-05 20:03:13.944 [info] > git status -z -uall [26ms]
2024-12-05 20:07:19.900 [info] > git config --get commit.template [11ms]
2024-12-05 20:07:19.901 [info] > git for-each-ref --format=%(refname)%00%(upstream:short)%00%(objectname)%00%(upstream:track)%00%(upstream:remotename)%00%(upstream:remoteref) refs/heads/main refs/remotes/main [1ms]
2024-12-05 20:07:19.917 [info] > git for-each-ref --sort -committerdate --format %(refname) %(objectname) %(*objectname) [1ms]
2024-12-05 20:07:19.933 [info] > git status -z -uall [25ms]
