2024-12-05 17:45:52.104 [info] [main] Log level: Info
2024-12-05 17:45:52.104 [info] [main] Validating found git in: "git"
2024-12-05 17:45:52.104 [info] [main] Using git "2.47.1" from "git"
2024-12-05 17:45:52.104 [info] [Model][doInitialScan] Initial repository scan started
2024-12-05 17:45:52.104 [info] > git rev-parse --show-toplevel [7ms]
2024-12-05 17:45:52.104 [info] > git rev-parse --git-dir --git-common-dir [36ms]
2024-12-05 17:45:52.104 [info] [Model][openRepository] Opened repository: /home/bean1134/dotfiles
2024-12-05 17:45:52.115 [info] > git rev-parse --show-toplevel [2ms]
2024-12-05 17:45:52.115 [info] > git config --get commit.template [7ms]
2024-12-05 17:45:52.132 [info] > git rev-parse --show-toplevel [9ms]
2024-12-05 17:45:52.138 [info] > git for-each-ref --format=%(refname)%00%(upstream:short)%00%(objectname)%00%(upstream:track)%00%(upstream:remotename)%00%(upstream:remoteref) refs/heads/main refs/remotes/main [10ms]
2024-12-05 17:45:52.139 [info] > git rev-parse --show-toplevel [1ms]
2024-12-05 17:45:52.152 [info] > git rev-parse --show-toplevel [10ms]
2024-12-05 17:45:52.157 [info] > git for-each-ref --sort -committerdate --format %(refname) %(objectname) %(*objectname) [6ms]
2024-12-05 17:45:52.159 [info] > git rev-parse --show-toplevel [3ms]
2024-12-05 17:45:52.160 [info] [Model][doInitialScan] Initial repository scan completed - repositories (1), closed repositories (0), parent repositories (0), unsafe repositories (0)
2024-12-05 17:45:52.167 [info] > git status -z -uall [20ms]
2024-12-05 17:45:52.185 [info] > git for-each-ref --format=%(refname)%00%(upstream:short)%00%(objectname)%00%(upstream:track)%00%(upstream:remotename)%00%(upstream:remoteref) refs/heads/main refs/remotes/main [7ms]
2024-12-05 17:45:52.225 [info] > git config --local branch.main.vscode-merge-base [35ms]
2024-12-05 17:45:52.225 [warning] [Git][config] git config failed: Failed to execute git
2024-12-05 17:45:52.230 [info] > git config --get commit.template [46ms]
2024-12-05 17:45:52.271 [info] > git reflog main --grep-reflog=branch: Created from *. [42ms]
2024-12-05 17:45:52.278 [info] > git symbolic-ref --short refs/remotes/origin/HEAD [3ms]
2024-12-05 17:45:52.278 [info] fatal: ref refs/remotes/origin/HEAD is not a symbolic ref
2024-12-05 17:45:52.278 [warning] [Repository][getDefaultBranch] Failed to get default branch details: Failed to execute git.
2024-12-05 17:45:52.285 [info] > git for-each-ref --format=%(refname)%00%(upstream:short)%00%(objectname)%00%(upstream:track)%00%(upstream:remotename)%00%(upstream:remoteref) refs/heads/main refs/remotes/main [19ms]
2024-12-05 17:45:52.286 [info] > git merge-base refs/heads/main refs/remotes/origin/main [2ms]
2024-12-05 17:45:52.293 [info] > git diff --name-status -z --diff-filter=ADMR 85e5293d01d0ee63fcb3b44f6fdb47f39a7a23ee...refs/remotes/origin/main [2ms]
2024-12-05 17:45:52.309 [info] > git for-each-ref --sort -committerdate --format %(refname) %(objectname) %(*objectname) [2ms]
2024-12-05 17:45:52.325 [info] > git status -z -uall [26ms]
2024-12-05 17:45:52.460 [info] > git show --textconv :.config/waybar/config [11ms]
2024-12-05 17:45:52.461 [info] > git ls-files --stage -- /home/bean1134/dotfiles/.config/waybar/config [3ms]
2024-12-05 17:45:52.467 [info] > git cat-file -s 12349fc4e1908ce229b6e7f2547c698476562b2e [2ms]
2024-12-05 17:45:52.605 [info] > git check-ignore -v -z --stdin [1ms]
2024-12-05 17:45:54.952 [info] > git config --get commit.template [9ms]
2024-12-05 17:45:54.953 [info] > git for-each-ref --format=%(refname)%00%(upstream:short)%00%(objectname)%00%(upstream:track)%00%(upstream:remotename)%00%(upstream:remoteref) refs/heads/main refs/remotes/main [2ms]
2024-12-05 17:45:54.971 [info] > git for-each-ref --sort -committerdate --format %(refname) %(objectname) %(*objectname) [1ms]
2024-12-05 17:45:54.984 [info] > git status -z -uall [21ms]
2024-12-05 17:45:56.171 [info] > git show --textconv :.config/waybar/style.css [6ms]
2024-12-05 17:45:56.172 [info] > git ls-files --stage -- /home/bean1134/dotfiles/.config/waybar/style.css [2ms]
2024-12-05 17:45:56.177 [info] > git cat-file -s 7393ba984c882fe93a865cbee43c9d453cb5fd16 [2ms]
2024-12-05 17:46:00.012 [info] > git config --get commit.template [15ms]
2024-12-05 17:46:00.013 [info] > git for-each-ref --format=%(refname)%00%(upstream:short)%00%(objectname)%00%(upstream:track)%00%(upstream:remotename)%00%(upstream:remoteref) refs/heads/main refs/remotes/main [1ms]
2024-12-05 17:46:00.025 [info] > git for-each-ref --sort -committerdate --format %(refname) %(objectname) %(*objectname) [1ms]
2024-12-05 17:46:00.035 [info] > git status -z -uall [19ms]
2024-12-05 17:46:00.426 [info] > git check-ignore -v -z --stdin [2ms]
2024-12-05 17:46:05.062 [info] > git config --get commit.template [9ms]
2024-12-05 17:46:05.064 [info] > git for-each-ref --format=%(refname)%00%(upstream:short)%00%(objectname)%00%(upstream:track)%00%(upstream:remotename)%00%(upstream:remoteref) refs/heads/main refs/remotes/main [2ms]
2024-12-05 17:46:05.081 [info] > git for-each-ref --sort -committerdate --format %(refname) %(objectname) %(*objectname) [2ms]
2024-12-05 17:46:05.095 [info] > git status -z -uall [23ms]
2024-12-05 17:46:10.120 [info] > git config --get commit.template [11ms]
2024-12-05 17:46:10.123 [info] > git for-each-ref --format=%(refname)%00%(upstream:short)%00%(objectname)%00%(upstream:track)%00%(upstream:remotename)%00%(upstream:remoteref) refs/heads/main refs/remotes/main [4ms]
2024-12-05 17:46:10.138 [info] > git for-each-ref --sort -committerdate --format %(refname) %(objectname) %(*objectname) [2ms]
2024-12-05 17:46:10.152 [info] > git status -z -uall [21ms]
2024-12-05 17:46:10.153 [info] > git show --textconv :.config/waybar/config [6ms]
2024-12-05 17:46:10.157 [info] > git ls-files --stage -- /home/bean1134/dotfiles/.config/waybar/config [6ms]
2024-12-05 17:46:10.162 [info] > git cat-file -s 12349fc4e1908ce229b6e7f2547c698476562b2e [1ms]
2024-12-05 17:46:15.179 [info] > git config --get commit.template [9ms]
2024-12-05 17:46:15.180 [info] > git for-each-ref --format=%(refname)%00%(upstream:short)%00%(objectname)%00%(upstream:track)%00%(upstream:remotename)%00%(upstream:remoteref) refs/heads/main refs/remotes/main [2ms]
2024-12-05 17:46:15.194 [info] > git for-each-ref --sort -committerdate --format %(refname) %(objectname) %(*objectname) [2ms]
2024-12-05 17:46:15.204 [info] > git status -z -uall [17ms]
2024-12-05 17:46:16.446 [info] > git show --textconv :.config/waybar/style.css [7ms]
2024-12-05 17:46:16.446 [info] > git ls-files --stage -- /home/bean1134/dotfiles/.config/waybar/style.css [1ms]
2024-12-05 17:46:16.452 [info] > git cat-file -s 7393ba984c882fe93a865cbee43c9d453cb5fd16 [1ms]
2024-12-05 17:46:20.227 [info] > git config --get commit.template [9ms]
2024-12-05 17:46:20.228 [info] > git for-each-ref --format=%(refname)%00%(upstream:short)%00%(objectname)%00%(upstream:track)%00%(upstream:remotename)%00%(upstream:remoteref) refs/heads/main refs/remotes/main [2ms]
2024-12-05 17:46:20.245 [info] > git for-each-ref --sort -committerdate --format %(refname) %(objectname) %(*objectname) [2ms]
2024-12-05 17:46:20.258 [info] > git status -z -uall [22ms]
2024-12-05 17:46:25.672 [info] > git show --textconv :.config/waybar/rose-pine-moon.css [9ms]
2024-12-05 17:46:25.673 [info] > git ls-files --stage -- /home/bean1134/dotfiles/.config/waybar/rose-pine-moon.css [2ms]
2024-12-05 17:46:25.681 [info] > git cat-file -s a8c2ac4c4ee0189ced89292a5b6e7a187ec55920 [1ms]
2024-12-05 17:46:27.656 [info] > git show --textconv :.config/waybar/style.css [10ms]
2024-12-05 17:46:27.657 [info] > git ls-files --stage -- /home/bean1134/dotfiles/.config/waybar/style.css [2ms]
2024-12-05 17:46:27.665 [info] > git cat-file -s 7393ba984c882fe93a865cbee43c9d453cb5fd16 [2ms]
2024-12-05 17:46:42.837 [info] > git config --get commit.template [9ms]
2024-12-05 17:46:42.837 [info] > git for-each-ref --format=%(refname)%00%(upstream:short)%00%(objectname)%00%(upstream:track)%00%(upstream:remotename)%00%(upstream:remoteref) refs/heads/main refs/remotes/main [3ms]
2024-12-05 17:46:42.850 [info] > git for-each-ref --sort -committerdate --format %(refname) %(objectname) %(*objectname) [1ms]
2024-12-05 17:46:42.861 [info] > git status -z -uall [18ms]
2024-12-05 17:46:47.883 [info] > git config --get commit.template [6ms]
2024-12-05 17:46:47.884 [info] > git for-each-ref --format=%(refname)%00%(upstream:short)%00%(objectname)%00%(upstream:track)%00%(upstream:remotename)%00%(upstream:remoteref) refs/heads/main refs/remotes/main [3ms]
2024-12-05 17:46:47.899 [info] > git for-each-ref --sort -committerdate --format %(refname) %(objectname) %(*objectname) [1ms]
2024-12-05 17:46:47.909 [info] > git status -z -uall [17ms]
2024-12-05 17:46:54.172 [info] > git config --get commit.template [10ms]
2024-12-05 17:46:54.174 [info] > git for-each-ref --format=%(refname)%00%(upstream:short)%00%(objectname)%00%(upstream:track)%00%(upstream:remotename)%00%(upstream:remoteref) refs/heads/main refs/remotes/main [3ms]
2024-12-05 17:46:54.190 [info] > git for-each-ref --sort -committerdate --format %(refname) %(objectname) %(*objectname) [1ms]
2024-12-05 17:46:54.202 [info] > git status -z -uall [20ms]
2024-12-05 17:46:59.226 [info] > git config --get commit.template [10ms]
2024-12-05 17:46:59.227 [info] > git for-each-ref --format=%(refname)%00%(upstream:short)%00%(objectname)%00%(upstream:track)%00%(upstream:remotename)%00%(upstream:remoteref) refs/heads/main refs/remotes/main [2ms]
2024-12-05 17:46:59.241 [info] > git for-each-ref --sort -committerdate --format %(refname) %(objectname) %(*objectname) [2ms]
2024-12-05 17:46:59.253 [info] > git status -z -uall [20ms]
2024-12-05 17:47:04.279 [info] > git config --get commit.template [11ms]
2024-12-05 17:47:04.281 [info] > git for-each-ref --format=%(refname)%00%(upstream:short)%00%(objectname)%00%(upstream:track)%00%(upstream:remotename)%00%(upstream:remoteref) refs/heads/main refs/remotes/main [3ms]
2024-12-05 17:47:04.298 [info] > git for-each-ref --sort -committerdate --format %(refname) %(objectname) %(*objectname) [1ms]
2024-12-05 17:47:04.310 [info] > git status -z -uall [21ms]
2024-12-05 17:47:09.334 [info] > git config --get commit.template [10ms]
2024-12-05 17:47:09.335 [info] > git for-each-ref --format=%(refname)%00%(upstream:short)%00%(objectname)%00%(upstream:track)%00%(upstream:remotename)%00%(upstream:remoteref) refs/heads/main refs/remotes/main [2ms]
2024-12-05 17:47:09.351 [info] > git for-each-ref --sort -committerdate --format %(refname) %(objectname) %(*objectname) [2ms]
2024-12-05 17:47:09.367 [info] > git status -z -uall [24ms]
2024-12-05 17:47:12.652 [info] > git show --textconv :.config/waybar/config [8ms]
2024-12-05 17:47:12.652 [info] > git ls-files --stage -- /home/bean1134/dotfiles/.config/waybar/config [1ms]
2024-12-05 17:47:12.659 [info] > git cat-file -s 12349fc4e1908ce229b6e7f2547c698476562b2e [2ms]
2024-12-05 17:47:14.390 [info] > git config --get commit.template [9ms]
2024-12-05 17:47:14.392 [info] > git for-each-ref --format=%(refname)%00%(upstream:short)%00%(objectname)%00%(upstream:track)%00%(upstream:remotename)%00%(upstream:remoteref) refs/heads/main refs/remotes/main [3ms]
2024-12-05 17:47:14.410 [info] > git for-each-ref --sort -committerdate --format %(refname) %(objectname) %(*objectname) [2ms]
2024-12-05 17:47:14.422 [info] > git status -z -uall [21ms]
2024-12-05 17:47:51.519 [info] > git check-ignore -v -z --stdin [3ms]
2024-12-05 17:47:52.562 [info] > git config --get commit.template [11ms]
2024-12-05 17:47:52.564 [info] > git for-each-ref --format=%(refname)%00%(upstream:short)%00%(objectname)%00%(upstream:track)%00%(upstream:remotename)%00%(upstream:remoteref) refs/heads/main refs/remotes/main [3ms]
2024-12-05 17:47:52.577 [info] > git for-each-ref --sort -committerdate --format %(refname) %(objectname) %(*objectname) [2ms]
2024-12-05 17:47:52.588 [info] > git status -z -uall [18ms]
2024-12-05 17:47:54.733 [info] > git show --textconv :.config/waybar/style.css [8ms]
2024-12-05 17:47:54.734 [info] > git ls-files --stage -- /home/bean1134/dotfiles/.config/waybar/style.css [1ms]
2024-12-05 17:47:54.740 [info] > git cat-file -s 7393ba984c882fe93a865cbee43c9d453cb5fd16 [1ms]
2024-12-05 17:47:57.611 [info] > git config --get commit.template [9ms]
2024-12-05 17:47:57.613 [info] > git for-each-ref --format=%(refname)%00%(upstream:short)%00%(objectname)%00%(upstream:track)%00%(upstream:remotename)%00%(upstream:remoteref) refs/heads/main refs/remotes/main [3ms]
2024-12-05 17:47:57.627 [info] > git for-each-ref --sort -committerdate --format %(refname) %(objectname) %(*objectname) [1ms]
2024-12-05 17:47:57.640 [info] > git status -z -uall [20ms]
2024-12-05 17:48:02.662 [info] > git config --get commit.template [9ms]
2024-12-05 17:48:02.663 [info] > git for-each-ref --format=%(refname)%00%(upstream:short)%00%(objectname)%00%(upstream:track)%00%(upstream:remotename)%00%(upstream:remoteref) refs/heads/main refs/remotes/main [2ms]
2024-12-05 17:48:02.675 [info] > git for-each-ref --sort -committerdate --format %(refname) %(objectname) %(*objectname) [1ms]
2024-12-05 17:48:02.687 [info] > git status -z -uall [18ms]
2024-12-05 17:48:07.729 [info] > git config --get commit.template [1ms]
2024-12-05 17:48:07.748 [info] > git for-each-ref --format=%(refname)%00%(upstream:short)%00%(objectname)%00%(upstream:track)%00%(upstream:remotename)%00%(upstream:remoteref) refs/heads/main refs/remotes/main [4ms]
2024-12-05 17:48:07.777 [info] > git for-each-ref --sort -committerdate --format %(refname) %(objectname) %(*objectname) [1ms]
2024-12-05 17:48:07.797 [info] > git status -z -uall [33ms]
2024-12-05 17:48:12.825 [info] > git config --get commit.template [9ms]
2024-12-05 17:48:12.826 [info] > git for-each-ref --format=%(refname)%00%(upstream:short)%00%(objectname)%00%(upstream:track)%00%(upstream:remotename)%00%(upstream:remoteref) refs/heads/main refs/remotes/main [2ms]
2024-12-05 17:48:12.838 [info] > git for-each-ref --sort -committerdate --format %(refname) %(objectname) %(*objectname) [1ms]
2024-12-05 17:48:12.849 [info] > git status -z -uall [18ms]
2024-12-05 17:48:17.862 [info] > git config --get commit.template [4ms]
2024-12-05 17:48:17.863 [info] > git for-each-ref --format=%(refname)%00%(upstream:short)%00%(objectname)%00%(upstream:track)%00%(upstream:remotename)%00%(upstream:remoteref) refs/heads/main refs/remotes/main [1ms]
2024-12-05 17:48:17.872 [info] > git for-each-ref --sort -committerdate --format %(refname) %(objectname) %(*objectname) [1ms]
2024-12-05 17:48:17.884 [info] > git status -z -uall [17ms]
2024-12-05 17:48:22.902 [info] > git config --get commit.template [8ms]
2024-12-05 17:48:22.903 [info] > git for-each-ref --format=%(refname)%00%(upstream:short)%00%(objectname)%00%(upstream:track)%00%(upstream:remotename)%00%(upstream:remoteref) refs/heads/main refs/remotes/main [2ms]
2024-12-05 17:48:22.921 [info] > git for-each-ref --sort -committerdate --format %(refname) %(objectname) %(*objectname) [1ms]
2024-12-05 17:48:22.933 [info] > git status -z -uall [21ms]
2024-12-05 17:48:27.954 [info] > git config --get commit.template [7ms]
2024-12-05 17:48:27.955 [info] > git for-each-ref --format=%(refname)%00%(upstream:short)%00%(objectname)%00%(upstream:track)%00%(upstream:remotename)%00%(upstream:remoteref) refs/heads/main refs/remotes/main [2ms]
2024-12-05 17:48:27.968 [info] > git for-each-ref --sort -committerdate --format %(refname) %(objectname) %(*objectname) [1ms]
2024-12-05 17:48:27.982 [info] > git status -z -uall [22ms]
2024-12-05 17:48:35.653 [info] > git config --get commit.template [7ms]
2024-12-05 17:48:35.654 [info] > git for-each-ref --format=%(refname)%00%(upstream:short)%00%(objectname)%00%(upstream:track)%00%(upstream:remotename)%00%(upstream:remoteref) refs/heads/main refs/remotes/main [2ms]
2024-12-05 17:48:35.664 [info] > git for-each-ref --sort -committerdate --format %(refname) %(objectname) %(*objectname) [1ms]
2024-12-05 17:48:35.679 [info] > git status -z -uall [21ms]
2024-12-05 17:48:40.703 [info] > git config --get commit.template [11ms]
2024-12-05 17:48:40.705 [info] > git for-each-ref --format=%(refname)%00%(upstream:short)%00%(objectname)%00%(upstream:track)%00%(upstream:remotename)%00%(upstream:remoteref) refs/heads/main refs/remotes/main [3ms]
2024-12-05 17:48:40.724 [info] > git for-each-ref --sort -committerdate --format %(refname) %(objectname) %(*objectname) [2ms]
2024-12-05 17:48:40.739 [info] > git status -z -uall [25ms]
2024-12-05 17:48:45.763 [info] > git config --get commit.template [11ms]
2024-12-05 17:48:45.764 [info] > git for-each-ref --format=%(refname)%00%(upstream:short)%00%(objectname)%00%(upstream:track)%00%(upstream:remotename)%00%(upstream:remoteref) refs/heads/main refs/remotes/main [3ms]
2024-12-05 17:48:45.783 [info] > git for-each-ref --sort -committerdate --format %(refname) %(objectname) %(*objectname) [2ms]
2024-12-05 17:48:45.797 [info] > git status -z -uall [24ms]
2024-12-05 17:48:50.821 [info] > git config --get commit.template [11ms]
2024-12-05 17:48:50.822 [info] > git for-each-ref --format=%(refname)%00%(upstream:short)%00%(objectname)%00%(upstream:track)%00%(upstream:remotename)%00%(upstream:remoteref) refs/heads/main refs/remotes/main [2ms]
2024-12-05 17:48:50.839 [info] > git for-each-ref --sort -committerdate --format %(refname) %(objectname) %(*objectname) [2ms]
2024-12-05 17:48:50.851 [info] > git status -z -uall [21ms]
2024-12-05 17:48:55.872 [info] > git config --get commit.template [9ms]
2024-12-05 17:48:55.873 [info] > git for-each-ref --format=%(refname)%00%(upstream:short)%00%(objectname)%00%(upstream:track)%00%(upstream:remotename)%00%(upstream:remoteref) refs/heads/main refs/remotes/main [2ms]
2024-12-05 17:48:55.887 [info] > git for-each-ref --sort -committerdate --format %(refname) %(objectname) %(*objectname) [1ms]
2024-12-05 17:48:55.898 [info] > git status -z -uall [17ms]
2024-12-05 17:49:00.917 [info] > git config --get commit.template [9ms]
2024-12-05 17:49:00.918 [info] > git for-each-ref --format=%(refname)%00%(upstream:short)%00%(objectname)%00%(upstream:track)%00%(upstream:remotename)%00%(upstream:remoteref) refs/heads/main refs/remotes/main [2ms]
2024-12-05 17:49:00.938 [info] > git for-each-ref --sort -committerdate --format %(refname) %(objectname) %(*objectname) [3ms]
2024-12-05 17:49:00.953 [info] > git status -z -uall [26ms]
2024-12-05 17:49:08.157 [info] > git config --get commit.template [2ms]
2024-12-05 17:49:08.169 [info] > git for-each-ref --format=%(refname)%00%(upstream:short)%00%(objectname)%00%(upstream:track)%00%(upstream:remotename)%00%(upstream:remoteref) refs/heads/main refs/remotes/main [2ms]
2024-12-05 17:49:08.182 [info] > git for-each-ref --sort -committerdate --format %(refname) %(objectname) %(*objectname) [2ms]
2024-12-05 17:49:08.193 [info] > git status -z -uall [18ms]
2024-12-05 17:49:13.210 [info] > git config --get commit.template [3ms]
2024-12-05 17:49:13.222 [info] > git for-each-ref --format=%(refname)%00%(upstream:short)%00%(objectname)%00%(upstream:track)%00%(upstream:remotename)%00%(upstream:remoteref) refs/heads/main refs/remotes/main [2ms]
2024-12-05 17:49:13.241 [info] > git for-each-ref --sort -committerdate --format %(refname) %(objectname) %(*objectname) [2ms]
2024-12-05 17:49:13.255 [info] > git status -z -uall [24ms]
2024-12-05 17:49:21.716 [info] > git config --get commit.template [10ms]
2024-12-05 17:49:21.717 [info] > git for-each-ref --format=%(refname)%00%(upstream:short)%00%(objectname)%00%(upstream:track)%00%(upstream:remotename)%00%(upstream:remoteref) refs/heads/main refs/remotes/main [3ms]
2024-12-05 17:49:21.730 [info] > git for-each-ref --sort -committerdate --format %(refname) %(objectname) %(*objectname) [1ms]
2024-12-05 17:49:21.743 [info] > git status -z -uall [19ms]
2024-12-05 17:49:27.366 [info] > git config --get commit.template [7ms]
2024-12-05 17:49:27.368 [info] > git for-each-ref --format=%(refname)%00%(upstream:short)%00%(objectname)%00%(upstream:track)%00%(upstream:remotename)%00%(upstream:remoteref) refs/heads/main refs/remotes/main [3ms]
2024-12-05 17:49:27.384 [info] > git for-each-ref --sort -committerdate --format %(refname) %(objectname) %(*objectname) [2ms]
2024-12-05 17:49:27.398 [info] > git status -z -uall [23ms]
2024-12-05 17:49:32.422 [info] > git config --get commit.template [10ms]
2024-12-05 17:49:32.423 [info] > git for-each-ref --format=%(refname)%00%(upstream:short)%00%(objectname)%00%(upstream:track)%00%(upstream:remotename)%00%(upstream:remoteref) refs/heads/main refs/remotes/main [2ms]
2024-12-05 17:49:32.441 [info] > git for-each-ref --sort -committerdate --format %(refname) %(objectname) %(*objectname) [2ms]
2024-12-05 17:49:32.453 [info] > git status -z -uall [20ms]
2024-12-05 17:49:37.473 [info] > git config --get commit.template [6ms]
2024-12-05 17:49:37.475 [info] > git for-each-ref --format=%(refname)%00%(upstream:short)%00%(objectname)%00%(upstream:track)%00%(upstream:remotename)%00%(upstream:remoteref) refs/heads/main refs/remotes/main [3ms]
2024-12-05 17:49:37.489 [info] > git for-each-ref --sort -committerdate --format %(refname) %(objectname) %(*objectname) [1ms]
2024-12-05 17:49:37.500 [info] > git status -z -uall [17ms]
2024-12-05 17:49:42.510 [info] > git config --get commit.template [1ms]
2024-12-05 17:49:42.516 [info] > git for-each-ref --format=%(refname)%00%(upstream:short)%00%(objectname)%00%(upstream:track)%00%(upstream:remotename)%00%(upstream:remoteref) refs/heads/main refs/remotes/main [1ms]
2024-12-05 17:49:42.527 [info] > git for-each-ref --sort -committerdate --format %(refname) %(objectname) %(*objectname) [1ms]
2024-12-05 17:49:42.538 [info] > git status -z -uall [17ms]
2024-12-05 17:49:47.559 [info] > git config --get commit.template [10ms]
2024-12-05 17:49:47.560 [info] > git for-each-ref --format=%(refname)%00%(upstream:short)%00%(objectname)%00%(upstream:track)%00%(upstream:remotename)%00%(upstream:remoteref) refs/heads/main refs/remotes/main [1ms]
2024-12-05 17:49:47.576 [info] > git for-each-ref --sort -committerdate --format %(refname) %(objectname) %(*objectname) [2ms]
2024-12-05 17:49:47.588 [info] > git status -z -uall [20ms]
2024-12-05 17:49:52.609 [info] > git config --get commit.template [9ms]
2024-12-05 17:49:52.611 [info] > git for-each-ref --format=%(refname)%00%(upstream:short)%00%(objectname)%00%(upstream:track)%00%(upstream:remotename)%00%(upstream:remoteref) refs/heads/main refs/remotes/main [3ms]
2024-12-05 17:49:52.628 [info] > git for-each-ref --sort -committerdate --format %(refname) %(objectname) %(*objectname) [1ms]
2024-12-05 17:49:52.640 [info] > git status -z -uall [20ms]
2024-12-05 17:49:57.661 [info] > git config --get commit.template [10ms]
2024-12-05 17:49:57.662 [info] > git for-each-ref --format=%(refname)%00%(upstream:short)%00%(objectname)%00%(upstream:track)%00%(upstream:remotename)%00%(upstream:remoteref) refs/heads/main refs/remotes/main [2ms]
2024-12-05 17:49:57.673 [info] > git for-each-ref --sort -committerdate --format %(refname) %(objectname) %(*objectname) [1ms]
2024-12-05 17:49:57.684 [info] > git status -z -uall [16ms]
2024-12-05 17:50:05.296 [info] > git config --get commit.template [11ms]
2024-12-05 17:50:05.297 [info] > git for-each-ref --format=%(refname)%00%(upstream:short)%00%(objectname)%00%(upstream:track)%00%(upstream:remotename)%00%(upstream:remoteref) refs/heads/main refs/remotes/main [2ms]
2024-12-05 17:50:05.309 [info] > git for-each-ref --sort -committerdate --format %(refname) %(objectname) %(*objectname) [2ms]
2024-12-05 17:50:05.319 [info] > git status -z -uall [17ms]
2024-12-05 17:50:10.343 [info] > git config --get commit.template [9ms]
2024-12-05 17:50:10.344 [info] > git for-each-ref --format=%(refname)%00%(upstream:short)%00%(objectname)%00%(upstream:track)%00%(upstream:remotename)%00%(upstream:remoteref) refs/heads/main refs/remotes/main [2ms]
2024-12-05 17:50:10.358 [info] > git for-each-ref --sort -committerdate --format %(refname) %(objectname) %(*objectname) [2ms]
2024-12-05 17:50:10.372 [info] > git status -z -uall [22ms]
2024-12-05 17:50:15.398 [info] > git config --get commit.template [12ms]
2024-12-05 17:50:15.400 [info] > git for-each-ref --format=%(refname)%00%(upstream:short)%00%(objectname)%00%(upstream:track)%00%(upstream:remotename)%00%(upstream:remoteref) refs/heads/main refs/remotes/main [3ms]
2024-12-05 17:50:15.417 [info] > git for-each-ref --sort -committerdate --format %(refname) %(objectname) %(*objectname) [2ms]
2024-12-05 17:50:15.429 [info] > git status -z -uall [20ms]
2024-12-05 17:50:20.449 [info] > git config --get commit.template [9ms]
2024-12-05 17:50:20.450 [info] > git for-each-ref --format=%(refname)%00%(upstream:short)%00%(objectname)%00%(upstream:track)%00%(upstream:remotename)%00%(upstream:remoteref) refs/heads/main refs/remotes/main [2ms]
2024-12-05 17:50:20.466 [info] > git for-each-ref --sort -committerdate --format %(refname) %(objectname) %(*objectname) [2ms]
2024-12-05 17:50:20.480 [info] > git status -z -uall [23ms]
2024-12-05 17:50:25.499 [info] > git config --get commit.template [9ms]
2024-12-05 17:50:25.500 [info] > git for-each-ref --format=%(refname)%00%(upstream:short)%00%(objectname)%00%(upstream:track)%00%(upstream:remotename)%00%(upstream:remoteref) refs/heads/main refs/remotes/main [2ms]
2024-12-05 17:50:25.518 [info] > git for-each-ref --sort -committerdate --format %(refname) %(objectname) %(*objectname) [2ms]
2024-12-05 17:50:25.531 [info] > git status -z -uall [22ms]
2024-12-05 17:50:30.554 [info] > git config --get commit.template [9ms]
2024-12-05 17:50:30.554 [info] > git for-each-ref --format=%(refname)%00%(upstream:short)%00%(objectname)%00%(upstream:track)%00%(upstream:remotename)%00%(upstream:remoteref) refs/heads/main refs/remotes/main [1ms]
2024-12-05 17:50:30.569 [info] > git for-each-ref --sort -committerdate --format %(refname) %(objectname) %(*objectname) [2ms]
2024-12-05 17:50:30.579 [info] > git status -z -uall [19ms]
2024-12-05 17:52:45.155 [info] > git config --get commit.template [10ms]
2024-12-05 17:52:45.157 [info] > git for-each-ref --format=%(refname)%00%(upstream:short)%00%(objectname)%00%(upstream:track)%00%(upstream:remotename)%00%(upstream:remoteref) refs/heads/main refs/remotes/main [2ms]
2024-12-05 17:52:45.168 [info] > git for-each-ref --sort -committerdate --format %(refname) %(objectname) %(*objectname) [2ms]
2024-12-05 17:52:45.180 [info] > git status -z -uall [18ms]
2024-12-05 17:52:50.205 [info] > git config --get commit.template [11ms]
2024-12-05 17:52:50.206 [info] > git for-each-ref --format=%(refname)%00%(upstream:short)%00%(objectname)%00%(upstream:track)%00%(upstream:remotename)%00%(upstream:remoteref) refs/heads/main refs/remotes/main [2ms]
2024-12-05 17:52:50.220 [info] > git for-each-ref --sort -committerdate --format %(refname) %(objectname) %(*objectname) [1ms]
2024-12-05 17:52:50.235 [info] > git status -z -uall [23ms]
2024-12-05 17:52:50.567 [info] > git show --textconv :.config/waybar/config [9ms]
2024-12-05 17:52:50.569 [info] > git ls-files --stage -- /home/bean1134/dotfiles/.config/waybar/config [3ms]
2024-12-05 17:52:50.575 [info] > git cat-file -s 12349fc4e1908ce229b6e7f2547c698476562b2e [1ms]
2024-12-05 17:52:55.245 [info] > git config --get commit.template [1ms]
2024-12-05 17:52:55.252 [info] > git for-each-ref --format=%(refname)%00%(upstream:short)%00%(objectname)%00%(upstream:track)%00%(upstream:remotename)%00%(upstream:remoteref) refs/heads/main refs/remotes/main [1ms]
2024-12-05 17:52:55.262 [info] > git for-each-ref --sort -committerdate --format %(refname) %(objectname) %(*objectname) [1ms]
2024-12-05 17:52:55.274 [info] > git status -z -uall [18ms]
2024-12-05 17:53:00.296 [info] > git config --get commit.template [9ms]
2024-12-05 17:53:00.296 [info] > git for-each-ref --format=%(refname)%00%(upstream:short)%00%(objectname)%00%(upstream:track)%00%(upstream:remotename)%00%(upstream:remoteref) refs/heads/main refs/remotes/main [1ms]
2024-12-05 17:53:00.310 [info] > git for-each-ref --sort -committerdate --format %(refname) %(objectname) %(*objectname) [1ms]
2024-12-05 17:53:00.322 [info] > git status -z -uall [20ms]
2024-12-05 17:53:21.337 [info] > git config --get commit.template [9ms]
2024-12-05 17:53:21.337 [info] > git for-each-ref --format=%(refname)%00%(upstream:short)%00%(objectname)%00%(upstream:track)%00%(upstream:remotename)%00%(upstream:remoteref) refs/heads/main refs/remotes/main [1ms]
2024-12-05 17:53:21.348 [info] > git for-each-ref --sort -committerdate --format %(refname) %(objectname) %(*objectname) [1ms]
2024-12-05 17:53:21.359 [info] > git status -z -uall [17ms]
2024-12-05 17:53:26.375 [info] > git config --get commit.template [2ms]
2024-12-05 17:53:26.384 [info] > git for-each-ref --format=%(refname)%00%(upstream:short)%00%(objectname)%00%(upstream:track)%00%(upstream:remotename)%00%(upstream:remoteref) refs/heads/main refs/remotes/main [3ms]
2024-12-05 17:53:26.400 [info] > git for-each-ref --sort -committerdate --format %(refname) %(objectname) %(*objectname) [1ms]
2024-12-05 17:53:26.413 [info] > git status -z -uall [21ms]
2024-12-05 17:53:31.438 [info] > git config --get commit.template [11ms]
2024-12-05 17:53:31.439 [info] > git for-each-ref --format=%(refname)%00%(upstream:short)%00%(objectname)%00%(upstream:track)%00%(upstream:remotename)%00%(upstream:remoteref) refs/heads/main refs/remotes/main [2ms]
2024-12-05 17:53:31.455 [info] > git for-each-ref --sort -committerdate --format %(refname) %(objectname) %(*objectname) [1ms]
2024-12-05 17:53:31.465 [info] > git status -z -uall [18ms]
2024-12-05 17:57:17.867 [info] > git config --get commit.template [9ms]
2024-12-05 17:57:17.868 [info] > git for-each-ref --format=%(refname)%00%(upstream:short)%00%(objectname)%00%(upstream:track)%00%(upstream:remotename)%00%(upstream:remoteref) refs/heads/main refs/remotes/main [1ms]
2024-12-05 17:57:17.878 [info] > git for-each-ref --sort -committerdate --format %(refname) %(objectname) %(*objectname) [2ms]
2024-12-05 17:57:17.889 [info] > git status -z -uall [17ms]
2024-12-05 17:57:22.912 [info] > git config --get commit.template [10ms]
2024-12-05 17:57:22.913 [info] > git for-each-ref --format=%(refname)%00%(upstream:short)%00%(objectname)%00%(upstream:track)%00%(upstream:remotename)%00%(upstream:remoteref) refs/heads/main refs/remotes/main [2ms]
2024-12-05 17:57:22.929 [info] > git for-each-ref --sort -committerdate --format %(refname) %(objectname) %(*objectname) [1ms]
2024-12-05 17:57:22.944 [info] > git status -z -uall [23ms]
2024-12-05 17:57:28.630 [info] > git config --get commit.template [11ms]
2024-12-05 17:57:28.631 [info] > git for-each-ref --format=%(refname)%00%(upstream:short)%00%(objectname)%00%(upstream:track)%00%(upstream:remotename)%00%(upstream:remoteref) refs/heads/main refs/remotes/main [2ms]
2024-12-05 17:57:28.642 [info] > git for-each-ref --sort -committerdate --format %(refname) %(objectname) %(*objectname) [2ms]
2024-12-05 17:57:28.654 [info] > git status -z -uall [18ms]
2024-12-05 17:57:33.673 [info] > git config --get commit.template [9ms]
2024-12-05 17:57:33.674 [info] > git for-each-ref --format=%(refname)%00%(upstream:short)%00%(objectname)%00%(upstream:track)%00%(upstream:remotename)%00%(upstream:remoteref) refs/heads/main refs/remotes/main [2ms]
2024-12-05 17:57:33.687 [info] > git for-each-ref --sort -committerdate --format %(refname) %(objectname) %(*objectname) [1ms]
2024-12-05 17:57:33.698 [info] > git status -z -uall [17ms]
2024-12-05 19:37:02.398 [info] > git config --get commit.template [11ms]
2024-12-05 19:37:02.399 [info] > git for-each-ref --format=%(refname)%00%(upstream:short)%00%(objectname)%00%(upstream:track)%00%(upstream:remotename)%00%(upstream:remoteref) refs/heads/main refs/remotes/main [2ms]
2024-12-05 19:37:02.414 [info] > git for-each-ref --sort -committerdate --format %(refname) %(objectname) %(*objectname) [2ms]
2024-12-05 19:37:02.435 [info] > git status -z -uall [30ms]
2024-12-05 19:38:14.959 [info] > git config --get commit.template [11ms]
2024-12-05 19:38:14.960 [info] > git for-each-ref --format=%(refname)%00%(upstream:short)%00%(objectname)%00%(upstream:track)%00%(upstream:remotename)%00%(upstream:remoteref) refs/heads/main refs/remotes/main [2ms]
2024-12-05 19:38:14.979 [info] > git for-each-ref --sort -committerdate --format %(refname) %(objectname) %(*objectname) [2ms]
2024-12-05 19:38:15.000 [info] > git status -z -uall [32ms]
2024-12-05 19:38:20.024 [info] > git config --get commit.template [9ms]
2024-12-05 19:38:20.025 [info] > git for-each-ref --format=%(refname)%00%(upstream:short)%00%(objectname)%00%(upstream:track)%00%(upstream:remotename)%00%(upstream:remoteref) refs/heads/main refs/remotes/main [2ms]
2024-12-05 19:38:20.044 [info] > git for-each-ref --sort -committerdate --format %(refname) %(objectname) %(*objectname) [2ms]
2024-12-05 19:38:20.061 [info] > git status -z -uall [28ms]
2024-12-05 19:38:52.425 [info] > git config --get commit.template [9ms]
2024-12-05 19:38:52.426 [info] > git for-each-ref --format=%(refname)%00%(upstream:short)%00%(objectname)%00%(upstream:track)%00%(upstream:remotename)%00%(upstream:remoteref) refs/heads/main refs/remotes/main [2ms]
2024-12-05 19:38:52.443 [info] > git for-each-ref --sort -committerdate --format %(refname) %(objectname) %(*objectname) [2ms]
2024-12-05 19:38:52.460 [info] > git status -z -uall [26ms]
2024-12-05 19:38:57.484 [info] > git config --get commit.template [10ms]
2024-12-05 19:38:57.485 [info] > git for-each-ref --format=%(refname)%00%(upstream:short)%00%(objectname)%00%(upstream:track)%00%(upstream:remotename)%00%(upstream:remoteref) refs/heads/main refs/remotes/main [2ms]
2024-12-05 19:38:57.500 [info] > git for-each-ref --sort -committerdate --format %(refname) %(objectname) %(*objectname) [1ms]
2024-12-05 19:38:57.517 [info] > git status -z -uall [24ms]
2024-12-05 19:39:23.529 [info] > git config --get commit.template [13ms]
2024-12-05 19:39:23.531 [info] > git for-each-ref --format=%(refname)%00%(upstream:short)%00%(objectname)%00%(upstream:track)%00%(upstream:remotename)%00%(upstream:remoteref) refs/heads/main refs/remotes/main [3ms]
2024-12-05 19:39:23.552 [info] > git for-each-ref --sort -committerdate --format %(refname) %(objectname) %(*objectname) [3ms]
2024-12-05 19:39:23.575 [info] > git status -z -uall [37ms]
2024-12-05 19:39:30.434 [info] > git config --get commit.template [12ms]
2024-12-05 19:39:30.436 [info] > git for-each-ref --format=%(refname)%00%(upstream:short)%00%(objectname)%00%(upstream:track)%00%(upstream:remotename)%00%(upstream:remoteref) refs/heads/main refs/remotes/main [3ms]
2024-12-05 19:39:30.452 [info] > git for-each-ref --sort -committerdate --format %(refname) %(objectname) %(*objectname) [2ms]
2024-12-05 19:39:30.475 [info] > git status -z -uall [32ms]
2024-12-05 19:39:35.490 [info] > git config --get commit.template [1ms]
2024-12-05 19:39:35.500 [info] > git for-each-ref --format=%(refname)%00%(upstream:short)%00%(objectname)%00%(upstream:track)%00%(upstream:remotename)%00%(upstream:remoteref) refs/heads/main refs/remotes/main [2ms]
2024-12-05 19:39:35.518 [info] > git for-each-ref --sort -committerdate --format %(refname) %(objectname) %(*objectname) [2ms]
2024-12-05 19:39:35.535 [info] > git status -z -uall [27ms]
2024-12-05 19:39:40.556 [info] > git config --get commit.template [6ms]
2024-12-05 19:39:40.558 [info] > git for-each-ref --format=%(refname)%00%(upstream:short)%00%(objectname)%00%(upstream:track)%00%(upstream:remotename)%00%(upstream:remoteref) refs/heads/main refs/remotes/main [3ms]
2024-12-05 19:39:40.577 [info] > git for-each-ref --sort -committerdate --format %(refname) %(objectname) %(*objectname) [2ms]
2024-12-05 19:39:40.595 [info] > git status -z -uall [28ms]
2024-12-05 19:39:45.619 [info] > git config --get commit.template [11ms]
2024-12-05 19:39:45.621 [info] > git for-each-ref --format=%(refname)%00%(upstream:short)%00%(objectname)%00%(upstream:track)%00%(upstream:remotename)%00%(upstream:remoteref) refs/heads/main refs/remotes/main [2ms]
2024-12-05 19:39:45.637 [info] > git for-each-ref --sort -committerdate --format %(refname) %(objectname) %(*objectname) [1ms]
2024-12-05 19:39:45.653 [info] > git status -z -uall [25ms]
2024-12-05 19:39:50.677 [info] > git config --get commit.template [9ms]
2024-12-05 19:39:50.678 [info] > git for-each-ref --format=%(refname)%00%(upstream:short)%00%(objectname)%00%(upstream:track)%00%(upstream:remotename)%00%(upstream:remoteref) refs/heads/main refs/remotes/main [2ms]
2024-12-05 19:39:50.694 [info] > git for-each-ref --sort -committerdate --format %(refname) %(objectname) %(*objectname) [2ms]
2024-12-05 19:39:50.709 [info] > git status -z -uall [24ms]
2024-12-05 19:39:55.732 [info] > git config --get commit.template [9ms]
2024-12-05 19:39:55.734 [info] > git for-each-ref --format=%(refname)%00%(upstream:short)%00%(objectname)%00%(upstream:track)%00%(upstream:remotename)%00%(upstream:remoteref) refs/heads/main refs/remotes/main [3ms]
2024-12-05 19:39:55.750 [info] > git for-each-ref --sort -committerdate --format %(refname) %(objectname) %(*objectname) [2ms]
2024-12-05 19:39:55.769 [info] > git status -z -uall [27ms]
2024-12-05 19:40:00.796 [info] > git config --get commit.template [10ms]
2024-12-05 19:40:00.798 [info] > git for-each-ref --format=%(refname)%00%(upstream:short)%00%(objectname)%00%(upstream:track)%00%(upstream:remotename)%00%(upstream:remoteref) refs/heads/main refs/remotes/main [3ms]
2024-12-05 19:40:00.814 [info] > git for-each-ref --sort -committerdate --format %(refname) %(objectname) %(*objectname) [3ms]
2024-12-05 19:40:00.834 [info] > git status -z -uall [30ms]
2024-12-05 19:40:05.860 [info] > git config --get commit.template [12ms]
2024-12-05 19:40:05.862 [info] > git for-each-ref --format=%(refname)%00%(upstream:short)%00%(objectname)%00%(upstream:track)%00%(upstream:remotename)%00%(upstream:remoteref) refs/heads/main refs/remotes/main [3ms]
2024-12-05 19:40:05.879 [info] > git for-each-ref --sort -committerdate --format %(refname) %(objectname) %(*objectname) [2ms]
2024-12-05 19:40:05.899 [info] > git status -z -uall [29ms]
2024-12-05 19:40:08.157 [info] > git show --textconv :.config/waybar/config [6ms]
2024-12-05 19:40:08.159 [info] > git ls-files --stage -- /home/bean1134/dotfiles/.config/waybar/config [2ms]
2024-12-05 19:40:08.168 [info] > git cat-file -s 12349fc4e1908ce229b6e7f2547c698476562b2e [2ms]
2024-12-05 19:40:10.925 [info] > git config --get commit.template [10ms]
2024-12-05 19:40:10.928 [info] > git for-each-ref --format=%(refname)%00%(upstream:short)%00%(objectname)%00%(upstream:track)%00%(upstream:remotename)%00%(upstream:remoteref) refs/heads/main refs/remotes/main [4ms]
2024-12-05 19:40:10.945 [info] > git for-each-ref --sort -committerdate --format %(refname) %(objectname) %(*objectname) [3ms]
2024-12-05 19:40:10.963 [info] > git status -z -uall [27ms]
2024-12-05 19:40:20.728 [info] > git config --get commit.template [9ms]
2024-12-05 19:40:20.729 [info] > git for-each-ref --format=%(refname)%00%(upstream:short)%00%(objectname)%00%(upstream:track)%00%(upstream:remotename)%00%(upstream:remoteref) refs/heads/main refs/remotes/main [2ms]
2024-12-05 19:40:20.745 [info] > git for-each-ref --sort -committerdate --format %(refname) %(objectname) %(*objectname) [1ms]
2024-12-05 19:40:20.765 [info] > git status -z -uall [28ms]
2024-12-05 19:40:27.428 [info] > git config --get commit.template [11ms]
2024-12-05 19:40:27.428 [info] > git for-each-ref --format=%(refname)%00%(upstream:short)%00%(objectname)%00%(upstream:track)%00%(upstream:remotename)%00%(upstream:remoteref) refs/heads/main refs/remotes/main [2ms]
2024-12-05 19:40:27.446 [info] > git for-each-ref --sort -committerdate --format %(refname) %(objectname) %(*objectname) [2ms]
2024-12-05 19:40:27.461 [info] > git status -z -uall [25ms]
2024-12-05 19:40:54.155 [info] > git config --get commit.template [10ms]
2024-12-05 19:40:54.156 [info] > git for-each-ref --format=%(refname)%00%(upstream:short)%00%(objectname)%00%(upstream:track)%00%(upstream:remotename)%00%(upstream:remoteref) refs/heads/main refs/remotes/main [2ms]
2024-12-05 19:40:54.172 [info] > git for-each-ref --sort -committerdate --format %(refname) %(objectname) %(*objectname) [2ms]
2024-12-05 19:40:54.189 [info] > git status -z -uall [26ms]
2024-12-05 19:40:59.221 [info] > git config --get commit.template [13ms]
2024-12-05 19:40:59.222 [info] > git for-each-ref --format=%(refname)%00%(upstream:short)%00%(objectname)%00%(upstream:track)%00%(upstream:remotename)%00%(upstream:remoteref) refs/heads/main refs/remotes/main [4ms]
2024-12-05 19:40:59.243 [info] > git for-each-ref --sort -committerdate --format %(refname) %(objectname) %(*objectname) [2ms]
2024-12-05 19:40:59.263 [info] > git status -z -uall [31ms]
2024-12-05 19:41:04.290 [info] > git config --get commit.template [10ms]
2024-12-05 19:41:04.291 [info] > git for-each-ref --format=%(refname)%00%(upstream:short)%00%(objectname)%00%(upstream:track)%00%(upstream:remotename)%00%(upstream:remoteref) refs/heads/main refs/remotes/main [2ms]
2024-12-05 19:41:04.307 [info] > git for-each-ref --sort -committerdate --format %(refname) %(objectname) %(*objectname) [1ms]
2024-12-05 19:41:04.323 [info] > git status -z -uall [23ms]
2024-12-05 19:41:15.849 [info] > git config --get commit.template [2ms]
2024-12-05 19:41:15.861 [info] > git for-each-ref --format=%(refname)%00%(upstream:short)%00%(objectname)%00%(upstream:track)%00%(upstream:remotename)%00%(upstream:remoteref) refs/heads/main refs/remotes/main [2ms]
2024-12-05 19:41:15.877 [info] > git for-each-ref --sort -committerdate --format %(refname) %(objectname) %(*objectname) [1ms]
2024-12-05 19:41:15.894 [info] > git status -z -uall [25ms]
2024-12-05 19:41:24.145 [info] > git config --get commit.template [7ms]
2024-12-05 19:41:24.146 [info] > git for-each-ref --format=%(refname)%00%(upstream:short)%00%(objectname)%00%(upstream:track)%00%(upstream:remotename)%00%(upstream:remoteref) refs/heads/main refs/remotes/main [1ms]
2024-12-05 19:41:24.162 [info] > git for-each-ref --sort -committerdate --format %(refname) %(objectname) %(*objectname) [2ms]
2024-12-05 19:41:24.182 [info] > git status -z -uall [28ms]
2024-12-05 19:42:10.276 [info] > git config --get commit.template [6ms]
2024-12-05 19:42:10.277 [info] > git for-each-ref --format=%(refname)%00%(upstream:short)%00%(objectname)%00%(upstream:track)%00%(upstream:remotename)%00%(upstream:remoteref) refs/heads/main refs/remotes/main [2ms]
2024-12-05 19:42:10.290 [info] > git for-each-ref --sort -committerdate --format %(refname) %(objectname) %(*objectname) [1ms]
2024-12-05 19:42:10.308 [info] > git status -z -uall [25ms]
2024-12-05 19:42:15.333 [info] > git config --get commit.template [10ms]
2024-12-05 19:42:15.334 [info] > git for-each-ref --format=%(refname)%00%(upstream:short)%00%(objectname)%00%(upstream:track)%00%(upstream:remotename)%00%(upstream:remoteref) refs/heads/main refs/remotes/main [2ms]
2024-12-05 19:42:15.351 [info] > git for-each-ref --sort -committerdate --format %(refname) %(objectname) %(*objectname) [2ms]
2024-12-05 19:42:15.369 [info] > git status -z -uall [27ms]
2024-12-05 19:42:24.511 [info] > git config --get commit.template [2ms]
2024-12-05 19:42:24.524 [info] > git for-each-ref --format=%(refname)%00%(upstream:short)%00%(objectname)%00%(upstream:track)%00%(upstream:remotename)%00%(upstream:remoteref) refs/heads/main refs/remotes/main [2ms]
2024-12-05 19:42:24.543 [info] > git for-each-ref --sort -committerdate --format %(refname) %(objectname) %(*objectname) [2ms]
2024-12-05 19:42:24.572 [info] > git status -z -uall [41ms]
2024-12-05 19:42:36.577 [info] > git config --get commit.template [11ms]
2024-12-05 19:42:36.580 [info] > git for-each-ref --format=%(refname)%00%(upstream:short)%00%(objectname)%00%(upstream:track)%00%(upstream:remotename)%00%(upstream:remoteref) refs/heads/main refs/remotes/main [4ms]
2024-12-05 19:42:36.597 [info] > git for-each-ref --sort -committerdate --format %(refname) %(objectname) %(*objectname) [2ms]
2024-12-05 19:42:36.614 [info] > git status -z -uall [25ms]
2024-12-05 19:42:41.638 [info] > git config --get commit.template [11ms]
2024-12-05 19:42:41.639 [info] > git for-each-ref --format=%(refname)%00%(upstream:short)%00%(objectname)%00%(upstream:track)%00%(upstream:remotename)%00%(upstream:remoteref) refs/heads/main refs/remotes/main [2ms]
2024-12-05 19:42:41.655 [info] > git for-each-ref --sort -committerdate --format %(refname) %(objectname) %(*objectname) [2ms]
2024-12-05 19:42:41.671 [info] > git status -z -uall [24ms]
2024-12-05 19:42:54.161 [info] > git config --get commit.template [11ms]
2024-12-05 19:42:54.162 [info] > git for-each-ref --format=%(refname)%00%(upstream:short)%00%(objectname)%00%(upstream:track)%00%(upstream:remotename)%00%(upstream:remoteref) refs/heads/main refs/remotes/main [2ms]
2024-12-05 19:42:54.177 [info] > git for-each-ref --sort -committerdate --format %(refname) %(objectname) %(*objectname) [1ms]
2024-12-05 19:42:54.196 [info] > git status -z -uall [27ms]
2024-12-05 19:43:02.900 [info] > git config --get commit.template [11ms]
2024-12-05 19:43:02.902 [info] > git for-each-ref --format=%(refname)%00%(upstream:short)%00%(objectname)%00%(upstream:track)%00%(upstream:remotename)%00%(upstream:remoteref) refs/heads/main refs/remotes/main [3ms]
2024-12-05 19:43:02.920 [info] > git for-each-ref --sort -committerdate --format %(refname) %(objectname) %(*objectname) [1ms]
2024-12-05 19:43:02.939 [info] > git status -z -uall [28ms]
2024-12-05 19:43:07.953 [info] > git config --get commit.template [3ms]
2024-12-05 19:43:07.964 [info] > git for-each-ref --format=%(refname)%00%(upstream:short)%00%(objectname)%00%(upstream:track)%00%(upstream:remotename)%00%(upstream:remoteref) refs/heads/main refs/remotes/main [2ms]
2024-12-05 19:43:07.981 [info] > git for-each-ref --sort -committerdate --format %(refname) %(objectname) %(*objectname) [1ms]
2024-12-05 19:43:07.997 [info] > git status -z -uall [25ms]
2024-12-05 19:43:17.035 [info] > git config --get commit.template [12ms]
2024-12-05 19:43:17.036 [info] > git for-each-ref --format=%(refname)%00%(upstream:short)%00%(objectname)%00%(upstream:track)%00%(upstream:remotename)%00%(upstream:remoteref) refs/heads/main refs/remotes/main [3ms]
2024-12-05 19:43:17.050 [info] > git for-each-ref --sort -committerdate --format %(refname) %(objectname) %(*objectname) [2ms]
2024-12-05 19:43:17.067 [info] > git status -z -uall [25ms]
2024-12-05 19:43:24.127 [info] > git config --get commit.template [9ms]
2024-12-05 19:43:24.129 [info] > git for-each-ref --format=%(refname)%00%(upstream:short)%00%(objectname)%00%(upstream:track)%00%(upstream:remotename)%00%(upstream:remoteref) refs/heads/main refs/remotes/main [2ms]
2024-12-05 19:43:24.149 [info] > git for-each-ref --sort -committerdate --format %(refname) %(objectname) %(*objectname) [2ms]
2024-12-05 19:43:24.170 [info] > git status -z -uall [32ms]
2024-12-05 19:43:29.187 [info] > git config --get commit.template [2ms]
2024-12-05 19:43:29.198 [info] > git for-each-ref --format=%(refname)%00%(upstream:short)%00%(objectname)%00%(upstream:track)%00%(upstream:remotename)%00%(upstream:remoteref) refs/heads/main refs/remotes/main [3ms]
2024-12-05 19:43:29.215 [info] > git for-each-ref --sort -committerdate --format %(refname) %(objectname) %(*objectname) [2ms]
2024-12-05 19:43:29.231 [info] > git status -z -uall [25ms]
2024-12-05 19:43:34.255 [info] > git config --get commit.template [10ms]
2024-12-05 19:43:34.256 [info] > git for-each-ref --format=%(refname)%00%(upstream:short)%00%(objectname)%00%(upstream:track)%00%(upstream:remotename)%00%(upstream:remoteref) refs/heads/main refs/remotes/main [2ms]
2024-12-05 19:43:34.270 [info] > git for-each-ref --sort -committerdate --format %(refname) %(objectname) %(*objectname) [1ms]
2024-12-05 19:43:34.287 [info] > git status -z -uall [24ms]
2024-12-05 19:43:39.315 [info] > git config --get commit.template [11ms]
2024-12-05 19:43:39.316 [info] > git for-each-ref --format=%(refname)%00%(upstream:short)%00%(objectname)%00%(upstream:track)%00%(upstream:remotename)%00%(upstream:remoteref) refs/heads/main refs/remotes/main [2ms]
2024-12-05 19:43:39.333 [info] > git for-each-ref --sort -committerdate --format %(refname) %(objectname) %(*objectname) [1ms]
2024-12-05 19:43:39.350 [info] > git status -z -uall [25ms]
2024-12-05 19:43:54.205 [info] > git config --get commit.template [12ms]
2024-12-05 19:43:54.206 [info] > git for-each-ref --format=%(refname)%00%(upstream:short)%00%(objectname)%00%(upstream:track)%00%(upstream:remotename)%00%(upstream:remoteref) refs/heads/main refs/remotes/main [3ms]
2024-12-05 19:43:54.227 [info] > git for-each-ref --sort -committerdate --format %(refname) %(objectname) %(*objectname) [3ms]
2024-12-05 19:43:54.243 [info] > git status -z -uall [28ms]
2024-12-05 19:44:18.531 [info] > git config --get commit.template [11ms]
2024-12-05 19:44:18.532 [info] > git for-each-ref --format=%(refname)%00%(upstream:short)%00%(objectname)%00%(upstream:track)%00%(upstream:remotename)%00%(upstream:remoteref) refs/heads/main refs/remotes/main [2ms]
2024-12-05 19:44:18.547 [info] > git for-each-ref --sort -committerdate --format %(refname) %(objectname) %(*objectname) [1ms]
2024-12-05 19:44:18.565 [info] > git status -z -uall [27ms]
2024-12-05 19:44:23.584 [info] > git config --get commit.template [2ms]
2024-12-05 19:44:23.596 [info] > git for-each-ref --format=%(refname)%00%(upstream:short)%00%(objectname)%00%(upstream:track)%00%(upstream:remotename)%00%(upstream:remoteref) refs/heads/main refs/remotes/main [2ms]
2024-12-05 19:44:23.611 [info] > git for-each-ref --sort -committerdate --format %(refname) %(objectname) %(*objectname) [2ms]
2024-12-05 19:44:23.627 [info] > git status -z -uall [24ms]
