2024-12-05 05:45:55.622 [info] Extension host with pid 14486 started
2024-12-05 05:45:55.652 [info] ExtensionService#_doActivateExtension vscode.emmet, startup: false, activationEvent: 'onLanguage'
2024-12-05 05:45:55.696 [info] ExtensionService#_doActivateExtension vscode.git-base, startup: true, activationEvent: '*', root cause: vscode.git
2024-12-05 05:45:55.699 [info] ExtensionService#_doActivateExtension WakaTime.vscode-wakatime, startup: true, activationEvent: '*'
2024-12-05 05:45:55.749 [info] ExtensionService#_doActivateExtension vscode.git, startup: true, activationEvent: '*'
2024-12-05 05:45:55.825 [info] ExtensionService#_doActivateExtension vscode.github, startup: true, activationEvent: '*'
2024-12-05 05:45:55.891 [info] Eager extensions activated
2024-12-05 05:45:55.907 [info] ExtensionService#_doActivateExtension vscode.debug-auto-launch, startup: false, activationEvent: 'onStartupFinished'
2024-12-05 05:45:55.911 [info] ExtensionService#_doActivateExtension vscode.merge-conflict, startup: false, activationEvent: 'onStartupFinished'
2024-12-05 05:46:14.239 [info] ExtensionService#_doActivateExtension vscode.configuration-editing, startup: false, activationEvent: 'onLanguage:jsonc'
2024-12-05 05:46:14.271 [info] ExtensionService#_doActivateExtension vscode.json-language-features, startup: false, activationEvent: 'onLanguage:jsonc'
2024-12-05 05:46:14.401 [info] ExtensionService#_doActivateExtension vscode.typescript-language-features, startup: false, activationEvent: 'onLanguage:jsonc'
2024-12-05 05:47:43.982 [info] Extension host terminating: renderer closed the MessagePort
2024-12-05 05:47:43.996 [info] Extension host with pid 14486 exiting with code 0
2024-12-05 05:47:45.589 [info] Extension host with pid 14748 started
2024-12-05 05:47:45.589 [info] Skipping acquiring lock for /home/bean1134/.config/VSCodium/User/workspaceStorage/ebb5313c1031e3ac30441d6aef9e9871.
2024-12-05 05:47:45.651 [info] ExtensionService#_doActivateExtension vscode.git-base, startup: true, activationEvent: '*'
2024-12-05 05:47:45.667 [info] ExtensionService#_doActivateExtension vscode.github, startup: true, activationEvent: '*'
2024-12-05 05:47:45.753 [info] Eager extensions activated
2024-12-05 05:47:45.799 [info] ExtensionService#_doActivateExtension vscode.debug-auto-launch, startup: false, activationEvent: 'onStartupFinished'
2024-12-05 05:47:45.811 [info] ExtensionService#_doActivateExtension vscode.merge-conflict, startup: false, activationEvent: 'onStartupFinished'
2024-12-05 05:47:47.671 [info] ExtensionService#_doActivateExtension vscode.git, startup: false, activationEvent: 'api', root cause: vscode.github
2024-12-05 05:47:47.766 [info] ExtensionService#_doActivateExtension WakaTime.vscode-wakatime, startup: false, activationEvent: '*'
2024-12-05 05:47:47.944 [info] ExtensionService#_doActivateExtension vscode.emmet, startup: false, activationEvent: 'onLanguage'
2024-12-05 05:47:48.093 [info] ExtensionService#_doActivateExtension vscode.github-authentication, startup: false, activationEvent: 'onAuthenticationRequest:github'
2024-12-05 05:48:58.736 [info] ExtensionService#_doActivateExtension vscode.configuration-editing, startup: false, activationEvent: 'onLanguage:json'
2024-12-05 05:48:58.757 [info] ExtensionService#_doActivateExtension vscode.extension-editing, startup: false, activationEvent: 'onLanguage:json'
2024-12-05 05:48:58.827 [info] ExtensionService#_doActivateExtension vscode.json-language-features, startup: false, activationEvent: 'onLanguage:json'
2024-12-05 05:48:58.910 [info] ExtensionService#_doActivateExtension vscode.npm, startup: false, activationEvent: 'onLanguage:json'
2024-12-05 05:49:34.009 [warning] vscode.json-language-features - Code actions of kind 'quickfix' requested but returned code action is of kind 'source.sort.json'. Code action will be dropped. Please check 'CodeActionContext.only' to only return requested code actions.
2024-12-05 05:49:38.312 [warning] vscode.json-language-features - Code actions of kind 'quickfix' requested but returned code action is of kind 'source.sort.json'. Code action will be dropped. Please check 'CodeActionContext.only' to only return requested code actions.
2024-12-05 05:56:39.512 [warning] vscode.json-language-features - Code actions of kind 'quickfix' requested but returned code action is of kind 'source.sort.json'. Code action will be dropped. Please check 'CodeActionContext.only' to only return requested code actions.
2024-12-05 10:33:37.529 [info] Extension host terminating: renderer closed the MessagePort
2024-12-05 10:33:37.574 [error] Canceled: Canceled
	at new t3 (file:///usr/share/codium/resources/app/out/vs/workbench/api/node/extensionHostProcess.js:31:116229)
	at py._remoteCall (file:///usr/share/codium/resources/app/out/vs/workbench/api/node/extensionHostProcess.js:31:122523)
	at s.<computed>.n.charCodeAt.s.<computed> (file:///usr/share/codium/resources/app/out/vs/workbench/api/node/extensionHostProcess.js:31:119282)
	at J_._doExecuteCommand (file:///usr/share/codium/resources/app/out/vs/workbench/api/node/extensionHostProcess.js:114:38451)
	at J_.executeCommand (file:///usr/share/codium/resources/app/out/vs/workbench/api/node/extensionHostProcess.js:114:37890)
	at r.registerCommand.description (file:///usr/share/codium/resources/app/out/vs/workbench/api/node/extensionHostProcess.js:114:37154)
	at J_._executeContributedCommand (file:///usr/share/codium/resources/app/out/vs/workbench/api/node/extensionHostProcess.js:114:39020)
	at J_._doExecuteCommand (file:///usr/share/codium/resources/app/out/vs/workbench/api/node/extensionHostProcess.js:114:38023)
	at J_.executeCommand (file:///usr/share/codium/resources/app/out/vs/workbench/api/node/extensionHostProcess.js:114:37890)
	at Object.executeCommand (file:///usr/share/codium/resources/app/out/vs/workbench/api/node/extensionHostProcess.js:156:42153)
	at mh.O [as value] (/usr/share/codium/resources/app/extensions/git/dist/main.js:2:961905)
	at I._deliver (file:///usr/share/codium/resources/app/out/vs/workbench/api/node/extensionHostProcess.js:29:922)
	at I._deliverQueue (file:///usr/share/codium/resources/app/out/vs/workbench/api/node/extensionHostProcess.js:29:1013)
	at I.fire (file:///usr/share/codium/resources/app/out/vs/workbench/api/node/extensionHostProcess.js:29:1349)
	at Object.p [as dispose] (/usr/share/codium/resources/app/extensions/git/dist/main.js:2:983393)
	at /usr/share/codium/resources/app/extensions/git/dist/main.js:2:989515
	at Array.forEach (<anonymous>)
	at b.dispose (/usr/share/codium/resources/app/extensions/git/dist/main.js:2:989501)
	at jv.<anonymous> (file:///usr/share/codium/resources/app/out/vs/workbench/api/node/extensionHostProcess.js:108:21455)
	at jv.dispose (file:///usr/share/codium/resources/app/out/vs/workbench/api/node/extensionHostProcess.js:108:21551)
	at jv.<anonymous> (/usr/share/codium/resources/app/extensions/git/dist/main.js:2:964315)
	at jv.dispose (file:///usr/share/codium/resources/app/out/vs/workbench/api/node/extensionHostProcess.js:108:21551)
	at li (file:///usr/share/codium/resources/app/out/vs/workbench/api/node/extensionHostProcess.js:24:699)
	at file:///usr/share/codium/resources/app/out/vs/workbench/api/node/extensionHostProcess.js:118:18392
	at file:///usr/share/codium/resources/app/out/vs/workbench/api/node/extensionHostProcess.js:24:1009
	at Object.dispose (file:///usr/share/codium/resources/app/out/vs/workbench/api/node/extensionHostProcess.js:7:2296)
	at VB._deactivate (file:///usr/share/codium/resources/app/out/vs/workbench/api/node/extensionHostProcess.js:118:14727)
	at file:///usr/share/codium/resources/app/out/vs/workbench/api/node/extensionHostProcess.js:118:12013
	at Array.map (<anonymous>)
	at VB._deactivateAll (file:///usr/share/codium/resources/app/out/vs/workbench/api/node/extensionHostProcess.js:118:12001)
	at VB.terminate (file:///usr/share/codium/resources/app/out/vs/workbench/api/node/extensionHostProcess.js:118:12354)
	at bT.terminate (file:///usr/share/codium/resources/app/out/vs/workbench/api/node/extensionHostProcess.js:119:1592)
	at Ki (file:///usr/share/codium/resources/app/out/vs/workbench/api/node/extensionHostProcess.js:174:16286)
	at MessagePortMain.<anonymous> (file:///usr/share/codium/resources/app/out/vs/workbench/api/node/extensionHostProcess.js:174:12742)
	at MessagePortMain.emit (node:events:519:28)
	at MessagePortMain._internalPort.emit (node:electron/js2c/utility_init:2:2949) setContext undefined
2024-12-05 10:33:37.577 [error] Canceled: Canceled
	at new t3 (file:///usr/share/codium/resources/app/out/vs/workbench/api/node/extensionHostProcess.js:31:116229)
	at py._remoteCall (file:///usr/share/codium/resources/app/out/vs/workbench/api/node/extensionHostProcess.js:31:122523)
	at s.<computed>.n.charCodeAt.s.<computed> (file:///usr/share/codium/resources/app/out/vs/workbench/api/node/extensionHostProcess.js:31:119282)
	at J_._doExecuteCommand (file:///usr/share/codium/resources/app/out/vs/workbench/api/node/extensionHostProcess.js:114:38451)
	at J_.executeCommand (file:///usr/share/codium/resources/app/out/vs/workbench/api/node/extensionHostProcess.js:114:37890)
	at r.registerCommand.description (file:///usr/share/codium/resources/app/out/vs/workbench/api/node/extensionHostProcess.js:114:37154)
	at J_._executeContributedCommand (file:///usr/share/codium/resources/app/out/vs/workbench/api/node/extensionHostProcess.js:114:39020)
	at J_._doExecuteCommand (file:///usr/share/codium/resources/app/out/vs/workbench/api/node/extensionHostProcess.js:114:38023)
	at J_.executeCommand (file:///usr/share/codium/resources/app/out/vs/workbench/api/node/extensionHostProcess.js:114:37890)
	at Object.executeCommand (file:///usr/share/codium/resources/app/out/vs/workbench/api/node/extensionHostProcess.js:156:42153)
	at set hasGitHubRepositories (/usr/share/codium/resources/app/extensions/github/dist/extension.js:2:328582)
	at /usr/share/codium/resources/app/extensions/github/dist/extension.js:2:329541
	at mh.value (/usr/share/codium/resources/app/extensions/git/dist/main.js:2:1073996)
	at I._deliver (file:///usr/share/codium/resources/app/out/vs/workbench/api/node/extensionHostProcess.js:29:922)
	at I._deliverQueue (file:///usr/share/codium/resources/app/out/vs/workbench/api/node/extensionHostProcess.js:29:1013)
	at I.fire (file:///usr/share/codium/resources/app/out/vs/workbench/api/node/extensionHostProcess.js:29:1349)
	at Object.p [as dispose] (/usr/share/codium/resources/app/extensions/git/dist/main.js:2:983393)
	at /usr/share/codium/resources/app/extensions/git/dist/main.js:2:989515
	at Array.forEach (<anonymous>)
	at b.dispose (/usr/share/codium/resources/app/extensions/git/dist/main.js:2:989501)
	at jv.<anonymous> (file:///usr/share/codium/resources/app/out/vs/workbench/api/node/extensionHostProcess.js:108:21455)
	at jv.dispose (file:///usr/share/codium/resources/app/out/vs/workbench/api/node/extensionHostProcess.js:108:21551)
	at jv.<anonymous> (/usr/share/codium/resources/app/extensions/git/dist/main.js:2:964315)
	at jv.dispose (file:///usr/share/codium/resources/app/out/vs/workbench/api/node/extensionHostProcess.js:108:21551)
	at li (file:///usr/share/codium/resources/app/out/vs/workbench/api/node/extensionHostProcess.js:24:699)
	at file:///usr/share/codium/resources/app/out/vs/workbench/api/node/extensionHostProcess.js:118:18392
	at file:///usr/share/codium/resources/app/out/vs/workbench/api/node/extensionHostProcess.js:24:1009
	at Object.dispose (file:///usr/share/codium/resources/app/out/vs/workbench/api/node/extensionHostProcess.js:7:2296)
	at VB._deactivate (file:///usr/share/codium/resources/app/out/vs/workbench/api/node/extensionHostProcess.js:118:14727)
	at file:///usr/share/codium/resources/app/out/vs/workbench/api/node/extensionHostProcess.js:118:12013
	at Array.map (<anonymous>)
	at VB._deactivateAll (file:///usr/share/codium/resources/app/out/vs/workbench/api/node/extensionHostProcess.js:118:12001)
	at VB.terminate (file:///usr/share/codium/resources/app/out/vs/workbench/api/node/extensionHostProcess.js:118:12354)
	at bT.terminate (file:///usr/share/codium/resources/app/out/vs/workbench/api/node/extensionHostProcess.js:119:1592)
	at Ki (file:///usr/share/codium/resources/app/out/vs/workbench/api/node/extensionHostProcess.js:174:16286)
	at MessagePortMain.<anonymous> (file:///usr/share/codium/resources/app/out/vs/workbench/api/node/extensionHostProcess.js:174:12742)
	at MessagePortMain.emit (node:events:519:28)
	at MessagePortMain._internalPort.emit (node:electron/js2c/utility_init:2:2949) setContext undefined
2024-12-05 10:33:37.580 [info] Extension host with pid 14748 exiting with code 0
